[ 2015-12-01T00:08:10+08:00 ] 127.0.0.1 /test/index.php/Home/Public/editPassword.html
INFO: [ app_init ] --START--
INFO: Run Behavior\BuildLiteBehavior [ RunTime:0.000019s ]
INFO: [ app_init ] --END-- [ RunTime:0.000119s ]
INFO: [ app_begin ] --START--
INFO: Run Behavior\ReadHtmlCacheBehavior [ RunTime:0.000493s ]
INFO: [ app_begin ] --END-- [ RunTime:0.000621s ]
NOTIC: [2] Missing argument 2 for Home\Service\CommonService::resultReturn(), called in D:\wamp\www\test\Application\Home\Service\AdminService.class.php on line 158 and defined D:\wamp\www\test\Application\Home\Service\CommonService.class.php 第 60 行.
NOTIC: [8] Undefined variable: data D:\wamp\www\test\Application\Home\Service\CommonService.class.php 第 62 行.
INFO: [ view_parse ] --START--
INFO: [ template_filter ] --START--
INFO: Run Behavior\ContentReplaceBehavior [ RunTime:0.000079s ]
INFO: [ template_filter ] --END-- [ RunTime:0.000167s ]
INFO: Run Behavior\ParseTemplateBehavior [ RunTime:0.020491s ]
INFO: [ view_parse ] --END-- [ RunTime:0.020583s ]
INFO: [ view_filter ] --START--
INFO: Run Behavior\WriteHtmlCacheBehavior [ RunTime:0.000282s ]
INFO: [ view_filter ] --END-- [ RunTime:0.000354s ]
INFO: [ app_end ] --START--
INFO: Run Behavior\ShowPageTraceBehavior [ RunTime:0.000504s ]
INFO: [ app_end ] --END-- [ RunTime:0.000579s ]

[ 2015-12-01T00:08:28+08:00 ] 127.0.0.1 /test/index.php/Home/Public/editPassword.html
INFO: [ app_init ] --START--
INFO: Run Behavior\BuildLiteBehavior [ RunTime:0.000018s ]
INFO: [ app_init ] --END-- [ RunTime:0.000104s ]
INFO: [ app_begin ] --START--
INFO: Run Behavior\ReadHtmlCacheBehavior [ RunTime:0.000397s ]
INFO: [ app_begin ] --END-- [ RunTime:0.000517s ]
NOTIC: [2] Missing argument 2 for Home\Service\CommonService::resultReturn(), called in D:\wamp\www\test\Application\Home\Service\AdminService.class.php on line 158 and defined D:\wamp\www\test\Application\Home\Service\CommonService.class.php 第 60 行.
NOTIC: [8] Undefined variable: data D:\wamp\www\test\Application\Home\Service\CommonService.class.php 第 62 行.
INFO: [ view_parse ] --START--
INFO: [ template_filter ] --START--
INFO: Run Behavior\ContentReplaceBehavior [ RunTime:0.000105s ]
INFO: [ template_filter ] --END-- [ RunTime:0.000232s ]
INFO: Run Behavior\ParseTemplateBehavior [ RunTime:0.019758s ]
INFO: [ view_parse ] --END-- [ RunTime:0.019859s ]
INFO: [ view_filter ] --START--
INFO: Run Behavior\WriteHtmlCacheBehavior [ RunTime:0.000255s ]
INFO: [ view_filter ] --END-- [ RunTime:0.000328s ]
INFO: [ app_end ] --START--
INFO: Run Behavior\ShowPageTraceBehavior [ RunTime:0.000369s ]
INFO: [ app_end ] --END-- [ RunTime:0.000443s ]

[ 2015-12-01T00:08:44+08:00 ] 127.0.0.1 /test/index.php/Home/Public/editPassword.html
INFO: [ app_init ] --START--
INFO: Run Behavior\BuildLiteBehavior [ RunTime:0.000021s ]
INFO: [ app_init ] --END-- [ RunTime:0.000148s ]
INFO: [ app_begin ] --START--
INFO: Run Behavior\ReadHtmlCacheBehavior [ RunTime:0.000534s ]
INFO: [ app_begin ] --END-- [ RunTime:0.000623s ]
NOTIC: [2] Missing argument 2 for Home\Service\CommonService::resultReturn(), called in D:\wamp\www\test\Application\Home\Service\AdminService.class.php on line 158 and defined D:\wamp\www\test\Application\Home\Service\CommonService.class.php 第 60 行.
NOTIC: [8] Undefined variable: data D:\wamp\www\test\Application\Home\Service\CommonService.class.php 第 62 行.
INFO: [ view_parse ] --START--
INFO: [ template_filter ] --START--
INFO: Run Behavior\ContentReplaceBehavior [ RunTime:0.000085s ]
INFO: [ template_filter ] --END-- [ RunTime:0.000184s ]
INFO: Run Behavior\ParseTemplateBehavior [ RunTime:0.020141s ]
INFO: [ view_parse ] --END-- [ RunTime:0.020243s ]
INFO: [ view_filter ] --START--
INFO: Run Behavior\WriteHtmlCacheBehavior [ RunTime:0.000324s ]
INFO: [ view_filter ] --END-- [ RunTime:0.000397s ]
INFO: [ app_end ] --START--
INFO: Run Behavior\ShowPageTraceBehavior [ RunTime:0.000505s ]
INFO: [ app_end ] --END-- [ RunTime:0.000582s ]

[ 2015-12-01T00:08:50+08:00 ] 127.0.0.1 /test/index.php/Home/Public/index.html
INFO: [ app_init ] --START--
INFO: Run Behavior\BuildLiteBehavior [ RunTime:0.000022s ]
INFO: [ app_init ] --END-- [ RunTime:0.000118s ]
INFO: [ app_begin ] --START--
INFO: Run Behavior\ReadHtmlCacheBehavior [ RunTime:0.000465s ]
INFO: [ app_begin ] --END-- [ RunTime:0.000561s ]
NOTIC: [2] Missing argument 2 for Home\Service\CommonService::resultReturn(), called in D:\wamp\www\test\Application\Home\Service\AdminService.class.php on line 158 and defined D:\wamp\www\test\Application\Home\Service\CommonService.class.php 第 60 行.
NOTIC: [8] Undefined variable: data D:\wamp\www\test\Application\Home\Service\CommonService.class.php 第 62 行.
INFO: [ view_parse ] --START--
INFO: [ template_filter ] --START--
INFO: Run Behavior\ContentReplaceBehavior [ RunTime:0.000080s ]
INFO: [ template_filter ] --END-- [ RunTime:0.000174s ]
INFO: Run Behavior\ParseTemplateBehavior [ RunTime:0.013289s ]
INFO: [ view_parse ] --END-- [ RunTime:0.013380s ]
INFO: [ view_filter ] --START--
INFO: Run Behavior\WriteHtmlCacheBehavior [ RunTime:0.000306s ]
INFO: [ view_filter ] --END-- [ RunTime:0.000378s ]
INFO: [ app_end ] --START--
INFO: Run Behavior\ShowPageTraceBehavior [ RunTime:0.000498s ]
INFO: [ app_end ] --END-- [ RunTime:0.000572s ]

[ 2015-12-01T00:08:55+08:00 ] 127.0.0.1 /test/index.php/Home/Public/notice.html
INFO: [ app_init ] --START--
INFO: Run Behavior\BuildLiteBehavior [ RunTime:0.000018s ]
INFO: [ app_init ] --END-- [ RunTime:0.000110s ]
INFO: [ app_begin ] --START--
INFO: Run Behavior\ReadHtmlCacheBehavior [ RunTime:0.000359s ]
INFO: [ app_begin ] --END-- [ RunTime:0.000452s ]
NOTIC: [2] Missing argument 2 for Home\Service\CommonService::resultReturn(), called in D:\wamp\www\test\Application\Home\Service\AdminService.class.php on line 158 and defined D:\wamp\www\test\Application\Home\Service\CommonService.class.php 第 60 行.
NOTIC: [8] Undefined variable: data D:\wamp\www\test\Application\Home\Service\CommonService.class.php 第 62 行.
INFO: [ view_parse ] --START--
INFO: [ template_filter ] --START--
INFO: Run Behavior\ContentReplaceBehavior [ RunTime:0.000053s ]
INFO: [ template_filter ] --END-- [ RunTime:0.000151s ]
INFO: Run Behavior\ParseTemplateBehavior [ RunTime:0.007006s ]
INFO: [ view_parse ] --END-- [ RunTime:0.007112s ]
INFO: [ view_filter ] --START--
INFO: Run Behavior\WriteHtmlCacheBehavior [ RunTime:0.000342s ]
INFO: [ view_filter ] --END-- [ RunTime:0.000434s ]

[ 2015-12-01T00:09:01+08:00 ] 127.0.0.1 /test/index.php/Home/Course/index.html
INFO: [ app_init ] --START--
INFO: Run Behavior\BuildLiteBehavior [ RunTime:0.000018s ]
INFO: [ app_init ] --END-- [ RunTime:0.000107s ]
INFO: [ app_begin ] --START--
INFO: Run Behavior\ReadHtmlCacheBehavior [ RunTime:0.000351s ]
INFO: [ app_begin ] --END-- [ RunTime:0.000449s ]
NOTIC: [2] Missing argument 2 for Home\Service\CommonService::resultReturn(), called in D:\wamp\www\test\Application\Home\Service\AdminService.class.php on line 158 and defined D:\wamp\www\test\Application\Home\Service\CommonService.class.php 第 60 行.
NOTIC: [8] Undefined variable: data D:\wamp\www\test\Application\Home\Service\CommonService.class.php 第 62 行.
INFO: [ view_parse ] --START--
INFO: [ template_filter ] --START--
INFO: Run Behavior\ContentReplaceBehavior [ RunTime:0.000070s ]
INFO: [ template_filter ] --END-- [ RunTime:0.000154s ]
INFO: Run Behavior\ParseTemplateBehavior [ RunTime:0.012326s ]
INFO: [ view_parse ] --END-- [ RunTime:0.012422s ]
INFO: [ view_filter ] --START--
INFO: Run Behavior\WriteHtmlCacheBehavior [ RunTime:0.000306s ]
INFO: [ view_filter ] --END-- [ RunTime:0.000376s ]
INFO: [ app_end ] --START--
INFO: Run Behavior\ShowPageTraceBehavior [ RunTime:0.000486s ]
INFO: [ app_end ] --END-- [ RunTime:0.000560s ]

[ 2015-12-01T00:09:03+08:00 ] 127.0.0.1 /test/index.php/Home/Public/index.html
INFO: [ app_init ] --START--
INFO: Run Behavior\BuildLiteBehavior [ RunTime:0.000018s ]
INFO: [ app_init ] --END-- [ RunTime:0.000106s ]
INFO: [ app_begin ] --START--
INFO: Run Behavior\ReadHtmlCacheBehavior [ RunTime:0.000359s ]
INFO: [ app_begin ] --END-- [ RunTime:0.000451s ]
NOTIC: [2] Missing argument 2 for Home\Service\CommonService::resultReturn(), called in D:\wamp\www\test\Application\Home\Service\AdminService.class.php on line 158 and defined D:\wamp\www\test\Application\Home\Service\CommonService.class.php 第 60 行.
NOTIC: [8] Undefined variable: data D:\wamp\www\test\Application\Home\Service\CommonService.class.php 第 62 行.
INFO: [ view_parse ] --START--
INFO: [ template_filter ] --START--
INFO: Run Behavior\ContentReplaceBehavior [ RunTime:0.000088s ]
INFO: [ template_filter ] --END-- [ RunTime:0.000190s ]
INFO: Run Behavior\ParseTemplateBehavior [ RunTime:0.012939s ]
INFO: [ view_parse ] --END-- [ RunTime:0.013037s ]
INFO: [ view_filter ] --START--
INFO: Run Behavior\WriteHtmlCacheBehavior [ RunTime:0.000351s ]
INFO: [ view_filter ] --END-- [ RunTime:0.000423s ]
INFO: [ app_end ] --START--
INFO: Run Behavior\ShowPageTraceBehavior [ RunTime:0.000521s ]
INFO: [ app_end ] --END-- [ RunTime:0.000595s ]

[ 2015-12-01T00:09:04+08:00 ] 127.0.0.1 /test/index.php/Home/Checkcourse/index.html
INFO: [ app_init ] --START--
INFO: Run Behavior\BuildLiteBehavior [ RunTime:0.000017s ]
INFO: [ app_init ] --END-- [ RunTime:0.000098s ]
INFO: [ app_begin ] --START--
INFO: Run Behavior\ReadHtmlCacheBehavior [ RunTime:0.000355s ]
INFO: [ app_begin ] --END-- [ RunTime:0.000455s ]
NOTIC: [2] Missing argument 2 for Home\Service\CommonService::resultReturn(), called in D:\wamp\www\test\Application\Home\Service\AdminService.class.php on line 158 and defined D:\wamp\www\test\Application\Home\Service\CommonService.class.php 第 60 行.
NOTIC: [8] Undefined variable: data D:\wamp\www\test\Application\Home\Service\CommonService.class.php 第 62 行.
INFO: [ view_parse ] --START--
INFO: [ template_filter ] --START--
INFO: Run Behavior\ContentReplaceBehavior [ RunTime:0.000075s ]
INFO: [ template_filter ] --END-- [ RunTime:0.000172s ]
INFO: Run Behavior\ParseTemplateBehavior [ RunTime:0.012289s ]
INFO: [ view_parse ] --END-- [ RunTime:0.012413s ]
INFO: [ view_filter ] --START--
INFO: Run Behavior\WriteHtmlCacheBehavior [ RunTime:0.000429s ]
INFO: [ view_filter ] --END-- [ RunTime:0.000519s ]
INFO: [ app_end ] --START--
INFO: Run Behavior\ShowPageTraceBehavior [ RunTime:0.000560s ]
INFO: [ app_end ] --END-- [ RunTime:0.000637s ]

[ 2015-12-01T00:09:05+08:00 ] 127.0.0.1 /test/index.php/Home/CheckSleep/index.html
INFO: [ app_init ] --START--
INFO: Run Behavior\BuildLiteBehavior [ RunTime:0.000018s ]
INFO: [ app_init ] --END-- [ RunTime:0.000102s ]
INFO: [ app_begin ] --START--
INFO: Run Behavior\ReadHtmlCacheBehavior [ RunTime:0.000427s ]
INFO: [ app_begin ] --END-- [ RunTime:0.000538s ]
NOTIC: [2] Missing argument 2 for Home\Service\CommonService::resultReturn(), called in D:\wamp\www\test\Application\Home\Service\AdminService.class.php on line 158 and defined D:\wamp\www\test\Application\Home\Service\CommonService.class.php 第 60 行.
NOTIC: [8] Undefined variable: data D:\wamp\www\test\Application\Home\Service\CommonService.class.php 第 62 行.
INFO: [ view_parse ] --START--
INFO: [ template_filter ] --START--
INFO: Run Behavior\ContentReplaceBehavior [ RunTime:0.000082s ]
INFO: [ template_filter ] --END-- [ RunTime:0.000187s ]
INFO: Run Behavior\ParseTemplateBehavior [ RunTime:0.012667s ]
INFO: [ view_parse ] --END-- [ RunTime:0.012822s ]
INFO: [ view_filter ] --START--
INFO: Run Behavior\WriteHtmlCacheBehavior [ RunTime:0.000351s ]
INFO: [ view_filter ] --END-- [ RunTime:0.000423s ]
INFO: [ app_end ] --START--
INFO: Run Behavior\ShowPageTraceBehavior [ RunTime:0.000503s ]
INFO: [ app_end ] --END-- [ RunTime:0.000594s ]

[ 2015-12-01T00:09:06+08:00 ] 127.0.0.1 /test/index.php/Home/More/index.html
INFO: [ app_init ] --START--
INFO: Run Behavior\BuildLiteBehavior [ RunTime:0.000020s ]
INFO: [ app_init ] --END-- [ RunTime:0.000116s ]
INFO: [ app_begin ] --START--
INFO: Run Behavior\ReadHtmlCacheBehavior [ RunTime:0.000402s ]
INFO: [ app_begin ] --END-- [ RunTime:0.000500s ]
NOTIC: [2] Missing argument 2 for Home\Service\CommonService::resultReturn(), called in D:\wamp\www\test\Application\Home\Service\AdminService.class.php on line 158 and defined D:\wamp\www\test\Application\Home\Service\CommonService.class.php 第 60 行.
NOTIC: [8] Undefined variable: data D:\wamp\www\test\Application\Home\Service\CommonService.class.php 第 62 行.
INFO: [ view_parse ] --START--
INFO: [ template_filter ] --START--
INFO: Run Behavior\ContentReplaceBehavior [ RunTime:0.000081s ]
INFO: [ template_filter ] --END-- [ RunTime:0.000192s ]
NOTIC: [8] Undefined variable: teaaddresslist D:\wamp\www\test\Application\Runtime\Cache\Home\b1dc3520cb8966ef7032385a66058935.php 第 119 行.
INFO: Run Behavior\ParseTemplateBehavior [ RunTime:0.015355s ]
INFO: [ view_parse ] --END-- [ RunTime:0.015440s ]
INFO: [ view_filter ] --START--
INFO: Run Behavior\WriteHtmlCacheBehavior [ RunTime:0.000327s ]
INFO: [ view_filter ] --END-- [ RunTime:0.000419s ]
INFO: [ app_end ] --START--
INFO: Run Behavior\ShowPageTraceBehavior [ RunTime:0.000472s ]
INFO: [ app_end ] --END-- [ RunTime:0.000547s ]

[ 2015-12-01T00:09:08+08:00 ] 127.0.0.1 /test/index.php/Home/CheckSleep/index.html
INFO: [ app_init ] --START--
INFO: Run Behavior\BuildLiteBehavior [ RunTime:0.000016s ]
INFO: [ app_init ] --END-- [ RunTime:0.000102s ]
INFO: [ app_begin ] --START--
INFO: Run Behavior\ReadHtmlCacheBehavior [ RunTime:0.000444s ]
INFO: [ app_begin ] --END-- [ RunTime:0.000531s ]
NOTIC: [2] Missing argument 2 for Home\Service\CommonService::resultReturn(), called in D:\wamp\www\test\Application\Home\Service\AdminService.class.php on line 158 and defined D:\wamp\www\test\Application\Home\Service\CommonService.class.php 第 60 行.
NOTIC: [8] Undefined variable: data D:\wamp\www\test\Application\Home\Service\CommonService.class.php 第 62 行.
INFO: [ view_parse ] --START--
INFO: [ template_filter ] --START--
INFO: Run Behavior\ContentReplaceBehavior [ RunTime:0.000105s ]
INFO: [ template_filter ] --END-- [ RunTime:0.000188s ]
INFO: Run Behavior\ParseTemplateBehavior [ RunTime:0.012426s ]
INFO: [ view_parse ] --END-- [ RunTime:0.012527s ]
INFO: [ view_filter ] --START--
INFO: Run Behavior\WriteHtmlCacheBehavior [ RunTime:0.000434s ]
INFO: [ view_filter ] --END-- [ RunTime:0.000544s ]
INFO: [ app_end ] --START--
INFO: Run Behavior\ShowPageTraceBehavior [ RunTime:0.000537s ]
INFO: [ app_end ] --END-- [ RunTime:0.000635s ]

[ 2015-12-01T00:09:09+08:00 ] 127.0.0.1 /test/index.php/Home/Checkcourse/index.html
INFO: [ app_init ] --START--
INFO: Run Behavior\BuildLiteBehavior [ RunTime:0.000043s ]
INFO: [ app_init ] --END-- [ RunTime:0.000128s ]
INFO: [ app_begin ] --START--
INFO: Run Behavior\ReadHtmlCacheBehavior [ RunTime:0.000390s ]
INFO: [ app_begin ] --END-- [ RunTime:0.000477s ]
NOTIC: [2] Missing argument 2 for Home\Service\CommonService::resultReturn(), called in D:\wamp\www\test\Application\Home\Service\AdminService.class.php on line 158 and defined D:\wamp\www\test\Application\Home\Service\CommonService.class.php 第 60 行.
NOTIC: [8] Undefined variable: data D:\wamp\www\test\Application\Home\Service\CommonService.class.php 第 62 行.
INFO: [ view_parse ] --START--
INFO: [ template_filter ] --START--
INFO: Run Behavior\ContentReplaceBehavior [ RunTime:0.000077s ]
INFO: [ template_filter ] --END-- [ RunTime:0.000169s ]
INFO: Run Behavior\ParseTemplateBehavior [ RunTime:0.012351s ]
INFO: [ view_parse ] --END-- [ RunTime:0.012446s ]
INFO: [ view_filter ] --START--
INFO: Run Behavior\WriteHtmlCacheBehavior [ RunTime:0.000306s ]
INFO: [ view_filter ] --END-- [ RunTime:0.000377s ]
INFO: [ app_end ] --START--
INFO: Run Behavior\ShowPageTraceBehavior [ RunTime:0.000511s ]
INFO: [ app_end ] --END-- [ RunTime:0.000585s ]

[ 2015-12-01T00:09:10+08:00 ] 127.0.0.1 /test/index.php/Home/Course/index.html
INFO: [ app_init ] --START--
INFO: Run Behavior\BuildLiteBehavior [ RunTime:0.000017s ]
INFO: [ app_init ] --END-- [ RunTime:0.000102s ]
INFO: [ app_begin ] --START--
INFO: Run Behavior\ReadHtmlCacheBehavior [ RunTime:0.000346s ]
INFO: [ app_begin ] --END-- [ RunTime:0.000432s ]
NOTIC: [2] Missing argument 2 for Home\Service\CommonService::resultReturn(), called in D:\wamp\www\test\Application\Home\Service\AdminService.class.php on line 158 and defined D:\wamp\www\test\Application\Home\Service\CommonService.class.php 第 60 行.
NOTIC: [8] Undefined variable: data D:\wamp\www\test\Application\Home\Service\CommonService.class.php 第 62 行.
INFO: [ view_parse ] --START--
INFO: [ template_filter ] --START--
INFO: Run Behavior\ContentReplaceBehavior [ RunTime:0.000082s ]
INFO: [ template_filter ] --END-- [ RunTime:0.000198s ]
INFO: Run Behavior\ParseTemplateBehavior [ RunTime:0.012701s ]
INFO: [ view_parse ] --END-- [ RunTime:0.012795s ]
INFO: [ view_filter ] --START--
INFO: Run Behavior\WriteHtmlCacheBehavior [ RunTime:0.000323s ]
INFO: [ view_filter ] --END-- [ RunTime:0.000420s ]
INFO: [ app_end ] --START--
INFO: Run Behavior\ShowPageTraceBehavior [ RunTime:0.000475s ]
INFO: [ app_end ] --END-- [ RunTime:0.000552s ]

[ 2015-12-01T00:09:11+08:00 ] 127.0.0.1 /test/index.php/Home/Public/index.html
INFO: [ app_init ] --START--
INFO: Run Behavior\BuildLiteBehavior [ RunTime:0.000017s ]
INFO: [ app_init ] --END-- [ RunTime:0.000112s ]
INFO: [ app_begin ] --START--
INFO: Run Behavior\ReadHtmlCacheBehavior [ RunTime:0.000390s ]
INFO: [ app_begin ] --END-- [ RunTime:0.000512s ]
NOTIC: [2] Missing argument 2 for Home\Service\CommonService::resultReturn(), called in D:\wamp\www\test\Application\Home\Service\AdminService.class.php on line 158 and defined D:\wamp\www\test\Application\Home\Service\CommonService.class.php 第 60 行.
NOTIC: [8] Undefined variable: data D:\wamp\www\test\Application\Home\Service\CommonService.class.php 第 62 行.
INFO: [ view_parse ] --START--
INFO: [ template_filter ] --START--
INFO: Run Behavior\ContentReplaceBehavior [ RunTime:0.000087s ]
INFO: [ template_filter ] --END-- [ RunTime:0.000191s ]
INFO: Run Behavior\ParseTemplateBehavior [ RunTime:0.013341s ]
INFO: [ view_parse ] --END-- [ RunTime:0.013444s ]
INFO: [ view_filter ] --START--
INFO: Run Behavior\WriteHtmlCacheBehavior [ RunTime:0.000344s ]
INFO: [ view_filter ] --END-- [ RunTime:0.000425s ]
INFO: [ app_end ] --START--
INFO: Run Behavior\ShowPageTraceBehavior [ RunTime:0.000611s ]
INFO: [ app_end ] --END-- [ RunTime:0.000689s ]

[ 2015-12-01T00:09:48+08:00 ] 127.0.0.1 /test/index.php/Home/Public/index.html
INFO: [ app_init ] --START--
INFO: Run Behavior\BuildLiteBehavior [ RunTime:0.000019s ]
INFO: [ app_init ] --END-- [ RunTime:0.000114s ]
INFO: [ app_begin ] --START--
INFO: Run Behavior\ReadHtmlCacheBehavior [ RunTime:0.000429s ]
INFO: [ app_begin ] --END-- [ RunTime:0.000534s ]
NOTIC: [2] Missing argument 2 for Home\Service\CommonService::resultReturn(), called in D:\wamp\www\test\Application\Home\Service\AdminService.class.php on line 158 and defined D:\wamp\www\test\Application\Home\Service\CommonService.class.php 第 60 行.
NOTIC: [8] Undefined variable: data D:\wamp\www\test\Application\Home\Service\CommonService.class.php 第 62 行.
INFO: [ view_parse ] --START--
INFO: [ template_filter ] --START--
INFO: Run Behavior\ContentReplaceBehavior [ RunTime:0.000087s ]
INFO: [ template_filter ] --END-- [ RunTime:0.000205s ]
INFO: Run Behavior\ParseTemplateBehavior [ RunTime:0.020109s ]
INFO: [ view_parse ] --END-- [ RunTime:0.020244s ]
INFO: [ view_filter ] --START--
INFO: Run Behavior\WriteHtmlCacheBehavior [ RunTime:0.000342s ]
INFO: [ view_filter ] --END-- [ RunTime:0.000423s ]
INFO: [ app_end ] --START--
INFO: Run Behavior\ShowPageTraceBehavior [ RunTime:0.000578s ]
INFO: [ app_end ] --END-- [ RunTime:0.000653s ]

[ 2015-12-01T00:09:54+08:00 ] 127.0.0.1 /test/index.php/Home/Public/notice.html
INFO: [ app_init ] --START--
INFO: Run Behavior\BuildLiteBehavior [ RunTime:0.000019s ]
INFO: [ app_init ] --END-- [ RunTime:0.000110s ]
INFO: [ app_begin ] --START--
INFO: Run Behavior\ReadHtmlCacheBehavior [ RunTime:0.000402s ]
INFO: [ app_begin ] --END-- [ RunTime:0.000498s ]
NOTIC: [2] Missing argument 2 for Home\Service\CommonService::resultReturn(), called in D:\wamp\www\test\Application\Home\Service\AdminService.class.php on line 158 and defined D:\wamp\www\test\Application\Home\Service\CommonService.class.php 第 60 行.
NOTIC: [8] Undefined variable: data D:\wamp\www\test\Application\Home\Service\CommonService.class.php 第 62 行.
INFO: [ view_parse ] --START--
INFO: [ template_filter ] --START--
INFO: Run Behavior\ContentReplaceBehavior [ RunTime:0.000069s ]
INFO: [ template_filter ] --END-- [ RunTime:0.000182s ]
INFO: Run Behavior\ParseTemplateBehavior [ RunTime:0.006300s ]
INFO: [ view_parse ] --END-- [ RunTime:0.006398s ]
INFO: [ view_filter ] --START--
INFO: Run Behavior\WriteHtmlCacheBehavior [ RunTime:0.000328s ]
INFO: [ view_filter ] --END-- [ RunTime:0.000412s ]

[ 2015-12-01T00:22:53+08:00 ] 127.0.0.1 /test/index.php/Home/Public/index.html
INFO: [ app_init ] --START--
INFO: Run Behavior\BuildLiteBehavior [ RunTime:0.000018s ]
INFO: [ app_init ] --END-- [ RunTime:0.000113s ]
INFO: [ app_begin ] --START--
INFO: Run Behavior\ReadHtmlCacheBehavior [ RunTime:0.000435s ]
INFO: [ app_begin ] --END-- [ RunTime:0.000567s ]
NOTIC: [2] Missing argument 2 for Home\Service\CommonService::resultReturn(), called in D:\wamp\www\test\Application\Home\Service\AdminService.class.php on line 158 and defined D:\wamp\www\test\Application\Home\Service\CommonService.class.php 第 60 行.
NOTIC: [8] Undefined variable: data D:\wamp\www\test\Application\Home\Service\CommonService.class.php 第 62 行.
INFO: [ view_parse ] --START--
INFO: [ template_filter ] --START--
INFO: Run Behavior\ContentReplaceBehavior [ RunTime:0.000080s ]
INFO: [ template_filter ] --END-- [ RunTime:0.000205s ]
INFO: Run Behavior\ParseTemplateBehavior [ RunTime:0.012496s ]
INFO: [ view_parse ] --END-- [ RunTime:0.012591s ]
INFO: [ view_filter ] --START--
INFO: Run Behavior\WriteHtmlCacheBehavior [ RunTime:0.000315s ]
INFO: [ view_filter ] --END-- [ RunTime:0.000394s ]
INFO: [ app_end ] --START--
INFO: Run Behavior\ShowPageTraceBehavior [ RunTime:0.000507s ]
INFO: [ app_end ] --END-- [ RunTime:0.000584s ]

[ 2015-12-01T00:22:54+08:00 ] 127.0.0.1 /test/index.php/Home/Public/notice.html
INFO: [ app_init ] --START--
INFO: Run Behavior\BuildLiteBehavior [ RunTime:0.000020s ]
INFO: [ app_init ] --END-- [ RunTime:0.000123s ]
INFO: [ app_begin ] --START--
INFO: Run Behavior\ReadHtmlCacheBehavior [ RunTime:0.000490s ]
INFO: [ app_begin ] --END-- [ RunTime:0.000589s ]
NOTIC: [2] Missing argument 2 for Home\Service\CommonService::resultReturn(), called in D:\wamp\www\test\Application\Home\Service\AdminService.class.php on line 158 and defined D:\wamp\www\test\Application\Home\Service\CommonService.class.php 第 60 行.
NOTIC: [8] Undefined variable: data D:\wamp\www\test\Application\Home\Service\CommonService.class.php 第 62 行.
INFO: [ view_parse ] --START--
INFO: [ template_filter ] --START--
INFO: Run Behavior\ContentReplaceBehavior [ RunTime:0.000043s ]
INFO: [ template_filter ] --END-- [ RunTime:0.000122s ]
INFO: Run Behavior\ParseTemplateBehavior [ RunTime:0.006023s ]
INFO: [ view_parse ] --END-- [ RunTime:0.006114s ]
INFO: [ view_filter ] --START--
INFO: Run Behavior\WriteHtmlCacheBehavior [ RunTime:0.000262s ]
INFO: [ view_filter ] --END-- [ RunTime:0.000335s ]

[ 2015-12-01T00:23:47+08:00 ] 127.0.0.1 /test/index.php/Home/Public/index.html
INFO: [ app_init ] --START--
INFO: Run Behavior\BuildLiteBehavior [ RunTime:0.000018s ]
INFO: [ app_init ] --END-- [ RunTime:0.000110s ]
INFO: [ app_begin ] --START--
INFO: Run Behavior\ReadHtmlCacheBehavior [ RunTime:0.000357s ]
INFO: [ app_begin ] --END-- [ RunTime:0.000443s ]
NOTIC: [2] Missing argument 2 for Home\Service\CommonService::resultReturn(), called in D:\wamp\www\test\Application\Home\Service\AdminService.class.php on line 158 and defined D:\wamp\www\test\Application\Home\Service\CommonService.class.php 第 60 行.
NOTIC: [8] Undefined variable: data D:\wamp\www\test\Application\Home\Service\CommonService.class.php 第 62 行.
INFO: [ view_parse ] --START--
INFO: [ template_filter ] --START--
INFO: Run Behavior\ContentReplaceBehavior [ RunTime:0.000084s ]
INFO: [ template_filter ] --END-- [ RunTime:0.000225s ]
INFO: Run Behavior\ParseTemplateBehavior [ RunTime:0.012969s ]
INFO: [ view_parse ] --END-- [ RunTime:0.013065s ]
INFO: [ view_filter ] --START--
INFO: Run Behavior\WriteHtmlCacheBehavior [ RunTime:0.000211s ]
INFO: [ view_filter ] --END-- [ RunTime:0.000283s ]
INFO: [ app_end ] --START--
INFO: Run Behavior\ShowPageTraceBehavior [ RunTime:0.000524s ]
INFO: [ app_end ] --END-- [ RunTime:0.000600s ]

[ 2015-12-01T00:23:49+08:00 ] 127.0.0.1 /test/index.php/Home/Public/notice.html
INFO: [ app_init ] --START--
INFO: Run Behavior\BuildLiteBehavior [ RunTime:0.000020s ]
INFO: [ app_init ] --END-- [ RunTime:0.000123s ]
INFO: [ app_begin ] --START--
INFO: Run Behavior\ReadHtmlCacheBehavior [ RunTime:0.000504s ]
INFO: [ app_begin ] --END-- [ RunTime:0.000609s ]
NOTIC: [2] Missing argument 2 for Home\Service\CommonService::resultReturn(), called in D:\wamp\www\test\Application\Home\Service\AdminService.class.php on line 158 and defined D:\wamp\www\test\Application\Home\Service\CommonService.class.php 第 60 行.
NOTIC: [8] Undefined variable: data D:\wamp\www\test\Application\Home\Service\CommonService.class.php 第 62 行.
INFO: [ view_parse ] --START--
INFO: [ template_filter ] --START--
INFO: Run Behavior\ContentReplaceBehavior [ RunTime:0.000091s ]
INFO: [ template_filter ] --END-- [ RunTime:0.000204s ]
INFO: Run Behavior\ParseTemplateBehavior [ RunTime:0.020471s ]
INFO: [ view_parse ] --END-- [ RunTime:0.020588s ]
INFO: [ view_filter ] --START--
INFO: Run Behavior\WriteHtmlCacheBehavior [ RunTime:0.000399s ]
INFO: [ view_filter ] --END-- [ RunTime:0.000481s ]
INFO: [ app_end ] --START--
INFO: Run Behavior\ShowPageTraceBehavior [ RunTime:0.000484s ]
INFO: [ app_end ] --END-- [ RunTime:0.000562s ]

[ 2015-12-01T00:26:06+08:00 ] 127.0.0.1 /test/index.php/Home/Public/notice.html
INFO: [ app_init ] --START--
INFO: Run Behavior\BuildLiteBehavior [ RunTime:0.000022s ]
INFO: [ app_init ] --END-- [ RunTime:0.000125s ]
INFO: [ app_begin ] --START--
INFO: Run Behavior\ReadHtmlCacheBehavior [ RunTime:0.000498s ]
INFO: [ app_begin ] --END-- [ RunTime:0.000613s ]
NOTIC: [2] Missing argument 2 for Home\Service\CommonService::resultReturn(), called in D:\wamp\www\test\Application\Home\Service\AdminService.class.php on line 158 and defined D:\wamp\www\test\Application\Home\Service\CommonService.class.php 第 60 行.
NOTIC: [8] Undefined variable: data D:\wamp\www\test\Application\Home\Service\CommonService.class.php 第 62 行.
INFO: [ view_parse ] --START--
INFO: [ template_filter ] --START--
INFO: Run Behavior\ContentReplaceBehavior [ RunTime:0.000090s ]
INFO: [ template_filter ] --END-- [ RunTime:0.000199s ]
INFO: Run Behavior\ParseTemplateBehavior [ RunTime:0.020046s ]
INFO: [ view_parse ] --END-- [ RunTime:0.020164s ]
INFO: [ view_filter ] --START--
INFO: Run Behavior\WriteHtmlCacheBehavior [ RunTime:0.000333s ]
INFO: [ view_filter ] --END-- [ RunTime:0.000408s ]
INFO: [ app_end ] --START--
INFO: Run Behavior\ShowPageTraceBehavior [ RunTime:0.000986s ]
INFO: [ app_end ] --END-- [ RunTime:0.001126s ]

[ 2015-12-01T00:26:44+08:00 ] 127.0.0.1 /test/index.php/Home/Public/notice.html
INFO: [ app_init ] --START--
INFO: Run Behavior\BuildLiteBehavior [ RunTime:0.000017s ]
INFO: [ app_init ] --END-- [ RunTime:0.000111s ]
INFO: [ app_begin ] --START--
INFO: Run Behavior\ReadHtmlCacheBehavior [ RunTime:0.000362s ]
INFO: [ app_begin ] --END-- [ RunTime:0.000459s ]
NOTIC: [2] Missing argument 2 for Home\Service\CommonService::resultReturn(), called in D:\wamp\www\test\Application\Home\Service\AdminService.class.php on line 158 and defined D:\wamp\www\test\Application\Home\Service\CommonService.class.php 第 60 行.
NOTIC: [8] Undefined variable: data D:\wamp\www\test\Application\Home\Service\CommonService.class.php 第 62 行.
INFO: [ view_parse ] --START--
INFO: [ template_filter ] --START--
INFO: Run Behavior\ContentReplaceBehavior [ RunTime:0.000080s ]
INFO: [ template_filter ] --END-- [ RunTime:0.000223s ]
INFO: Run Behavior\ParseTemplateBehavior [ RunTime:0.020228s ]
INFO: [ view_parse ] --END-- [ RunTime:0.020366s ]
INFO: [ view_filter ] --START--
INFO: Run Behavior\WriteHtmlCacheBehavior [ RunTime:0.000370s ]
INFO: [ view_filter ] --END-- [ RunTime:0.000448s ]
INFO: [ app_end ] --START--
INFO: Run Behavior\ShowPageTraceBehavior [ RunTime:0.000606s ]
INFO: [ app_end ] --END-- [ RunTime:0.000680s ]

[ 2015-12-01T00:28:40+08:00 ] 127.0.0.1 /test/index.php/Home/Public/notice.html
INFO: [ app_init ] --START--
INFO: Run Behavior\BuildLiteBehavior [ RunTime:0.000018s ]
INFO: [ app_init ] --END-- [ RunTime:0.000116s ]
INFO: [ app_begin ] --START--
INFO: Run Behavior\ReadHtmlCacheBehavior [ RunTime:0.000420s ]
INFO: [ app_begin ] --END-- [ RunTime:0.000510s ]
NOTIC: [2] Missing argument 2 for Home\Service\CommonService::resultReturn(), called in D:\wamp\www\test\Application\Home\Service\AdminService.class.php on line 158 and defined D:\wamp\www\test\Application\Home\Service\CommonService.class.php 第 60 行.
NOTIC: [8] Undefined variable: data D:\wamp\www\test\Application\Home\Service\CommonService.class.php 第 62 行.
INFO: [ view_parse ] --START--
INFO: [ template_filter ] --START--
INFO: Run Behavior\ContentReplaceBehavior [ RunTime:0.000081s ]
INFO: [ template_filter ] --END-- [ RunTime:0.000179s ]
INFO: Run Behavior\ParseTemplateBehavior [ RunTime:0.020249s ]
INFO: [ view_parse ] --END-- [ RunTime:0.020404s ]
INFO: [ view_filter ] --START--
INFO: Run Behavior\WriteHtmlCacheBehavior [ RunTime:0.000525s ]
INFO: [ view_filter ] --END-- [ RunTime:0.000626s ]
INFO: [ app_end ] --START--
INFO: Run Behavior\ShowPageTraceBehavior [ RunTime:0.000509s ]
INFO: [ app_end ] --END-- [ RunTime:0.000593s ]

[ 2015-12-01T00:29:44+08:00 ] 127.0.0.1 /test/index.php/Home/Public/notice.html
INFO: [ app_init ] --START--
INFO: Run Behavior\BuildLiteBehavior [ RunTime:0.000021s ]
INFO: [ app_init ] --END-- [ RunTime:0.000128s ]
INFO: [ app_begin ] --START--
INFO: Run Behavior\ReadHtmlCacheBehavior [ RunTime:0.000476s ]
INFO: [ app_begin ] --END-- [ RunTime:0.000597s ]
NOTIC: [2] Missing argument 2 for Home\Service\CommonService::resultReturn(), called in D:\wamp\www\test\Application\Home\Service\AdminService.class.php on line 158 and defined D:\wamp\www\test\Application\Home\Service\CommonService.class.php 第 60 行.
NOTIC: [8] Undefined variable: data D:\wamp\www\test\Application\Home\Service\CommonService.class.php 第 62 行.
INFO: [ view_parse ] --START--
INFO: [ template_filter ] --START--
INFO: Run Behavior\ContentReplaceBehavior [ RunTime:0.000108s ]
INFO: [ template_filter ] --END-- [ RunTime:0.000234s ]
INFO: Run Behavior\ParseTemplateBehavior [ RunTime:0.019614s ]
INFO: [ view_parse ] --END-- [ RunTime:0.019730s ]
INFO: [ view_filter ] --START--
INFO: Run Behavior\WriteHtmlCacheBehavior [ RunTime:0.000331s ]
INFO: [ view_filter ] --END-- [ RunTime:0.000411s ]
INFO: [ app_end ] --START--
INFO: Run Behavior\ShowPageTraceBehavior [ RunTime:0.000490s ]
INFO: [ app_end ] --END-- [ RunTime:0.000567s ]

[ 2015-12-01T00:30:00+08:00 ] 127.0.0.1 /test/index.php/Home/Public/notice.html
INFO: [ app_init ] --START--
INFO: Run Behavior\BuildLiteBehavior [ RunTime:0.000020s ]
INFO: [ app_init ] --END-- [ RunTime:0.000117s ]
INFO: [ app_begin ] --START--
INFO: Run Behavior\ReadHtmlCacheBehavior [ RunTime:0.000360s ]
INFO: [ app_begin ] --END-- [ RunTime:0.000456s ]
NOTIC: [2] Missing argument 2 for Home\Service\CommonService::resultReturn(), called in D:\wamp\www\test\Application\Home\Service\AdminService.class.php on line 158 and defined D:\wamp\www\test\Application\Home\Service\CommonService.class.php 第 60 行.
NOTIC: [8] Undefined variable: data D:\wamp\www\test\Application\Home\Service\CommonService.class.php 第 62 行.
INFO: [ view_parse ] --START--
INFO: [ template_filter ] --START--
INFO: Run Behavior\ContentReplaceBehavior [ RunTime:0.000078s ]
INFO: [ template_filter ] --END-- [ RunTime:0.000166s ]
INFO: Run Behavior\ParseTemplateBehavior [ RunTime:0.018633s ]
INFO: [ view_parse ] --END-- [ RunTime:0.018728s ]
INFO: [ view_filter ] --START--
INFO: Run Behavior\WriteHtmlCacheBehavior [ RunTime:0.000232s ]
INFO: [ view_filter ] --END-- [ RunTime:0.000303s ]
INFO: [ app_end ] --START--
INFO: Run Behavior\ShowPageTraceBehavior [ RunTime:0.000429s ]
INFO: [ app_end ] --END-- [ RunTime:0.000512s ]

[ 2015-12-01T00:30:22+08:00 ] 127.0.0.1 /test/index.php/Home/Public/notice.html
INFO: [ app_init ] --START--
INFO: Run Behavior\BuildLiteBehavior [ RunTime:0.000042s ]
INFO: [ app_init ] --END-- [ RunTime:0.000217s ]
INFO: [ app_begin ] --START--
INFO: Run Behavior\ReadHtmlCacheBehavior [ RunTime:0.000416s ]
INFO: [ app_begin ] --END-- [ RunTime:0.000523s ]
NOTIC: [2] Missing argument 2 for Home\Service\CommonService::resultReturn(), called in D:\wamp\www\test\Application\Home\Service\AdminService.class.php on line 158 and defined D:\wamp\www\test\Application\Home\Service\CommonService.class.php 第 60 行.
NOTIC: [8] Undefined variable: data D:\wamp\www\test\Application\Home\Service\CommonService.class.php 第 62 行.
INFO: [ view_parse ] --START--
INFO: [ template_filter ] --START--
INFO: Run Behavior\ContentReplaceBehavior [ RunTime:0.000081s ]
INFO: [ template_filter ] --END-- [ RunTime:0.000180s ]
INFO: Run Behavior\ParseTemplateBehavior [ RunTime:0.019189s ]
INFO: [ view_parse ] --END-- [ RunTime:0.019330s ]
INFO: [ view_filter ] --START--
INFO: Run Behavior\WriteHtmlCacheBehavior [ RunTime:0.000243s ]
INFO: [ view_filter ] --END-- [ RunTime:0.000315s ]
INFO: [ app_end ] --START--
INFO: Run Behavior\ShowPageTraceBehavior [ RunTime:0.000389s ]
INFO: [ app_end ] --END-- [ RunTime:0.000463s ]

[ 2015-12-01T00:30:32+08:00 ] 127.0.0.1 /test/index.php/Home/Public/notice.html
INFO: [ app_init ] --START--
INFO: Run Behavior\BuildLiteBehavior [ RunTime:0.000020s ]
INFO: [ app_init ] --END-- [ RunTime:0.000118s ]
INFO: [ app_begin ] --START--
INFO: Run Behavior\ReadHtmlCacheBehavior [ RunTime:0.000357s ]
INFO: [ app_begin ] --END-- [ RunTime:0.000453s ]
NOTIC: [2] Missing argument 2 for Home\Service\CommonService::resultReturn(), called in D:\wamp\www\test\Application\Home\Service\AdminService.class.php on line 158 and defined D:\wamp\www\test\Application\Home\Service\CommonService.class.php 第 60 行.
NOTIC: [8] Undefined variable: data D:\wamp\www\test\Application\Home\Service\CommonService.class.php 第 62 行.
INFO: [ view_parse ] --START--
INFO: [ template_filter ] --START--
INFO: Run Behavior\ContentReplaceBehavior [ RunTime:0.000077s ]
INFO: [ template_filter ] --END-- [ RunTime:0.000165s ]
INFO: Run Behavior\ParseTemplateBehavior [ RunTime:0.018179s ]
INFO: [ view_parse ] --END-- [ RunTime:0.018281s ]
INFO: [ view_filter ] --START--
INFO: Run Behavior\WriteHtmlCacheBehavior [ RunTime:0.000242s ]
INFO: [ view_filter ] --END-- [ RunTime:0.000316s ]
INFO: [ app_end ] --START--
INFO: Run Behavior\ShowPageTraceBehavior [ RunTime:0.000390s ]
INFO: [ app_end ] --END-- [ RunTime:0.000468s ]

[ 2015-12-01T00:30:37+08:00 ] 127.0.0.1 /test/index.php/Home/Public/notice.html
INFO: [ app_init ] --START--
INFO: Run Behavior\BuildLiteBehavior [ RunTime:0.000020s ]
INFO: [ app_init ] --END-- [ RunTime:0.000116s ]
INFO: [ app_begin ] --START--
INFO: Run Behavior\ReadHtmlCacheBehavior [ RunTime:0.000477s ]
INFO: [ app_begin ] --END-- [ RunTime:0.000575s ]
NOTIC: [2] Missing argument 2 for Home\Service\CommonService::resultReturn(), called in D:\wamp\www\test\Application\Home\Service\AdminService.class.php on line 158 and defined D:\wamp\www\test\Application\Home\Service\CommonService.class.php 第 60 行.
NOTIC: [8] Undefined variable: data D:\wamp\www\test\Application\Home\Service\CommonService.class.php 第 62 行.
INFO: [ view_parse ] --START--
INFO: [ template_filter ] --START--
INFO: Run Behavior\ContentReplaceBehavior [ RunTime:0.000088s ]
INFO: [ template_filter ] --END-- [ RunTime:0.000190s ]
INFO: Run Behavior\ParseTemplateBehavior [ RunTime:0.013320s ]
INFO: [ view_parse ] --END-- [ RunTime:0.013410s ]
INFO: [ view_filter ] --START--
INFO: Run Behavior\WriteHtmlCacheBehavior [ RunTime:0.000385s ]
INFO: [ view_filter ] --END-- [ RunTime:0.000462s ]
INFO: [ app_end ] --START--
INFO: Run Behavior\ShowPageTraceBehavior [ RunTime:0.000472s ]
INFO: [ app_end ] --END-- [ RunTime:0.000570s ]

[ 2015-12-01T00:30:56+08:00 ] 127.0.0.1 /test/index.php/Home/More/index.html
INFO: [ app_init ] --START--
INFO: Run Behavior\BuildLiteBehavior [ RunTime:0.000020s ]
INFO: [ app_init ] --END-- [ RunTime:0.000115s ]
INFO: [ app_begin ] --START--
INFO: Run Behavior\ReadHtmlCacheBehavior [ RunTime:0.000404s ]
INFO: [ app_begin ] --END-- [ RunTime:0.000495s ]
NOTIC: [2] Missing argument 2 for Home\Service\CommonService::resultReturn(), called in D:\wamp\www\test\Application\Home\Service\AdminService.class.php on line 158 and defined D:\wamp\www\test\Application\Home\Service\CommonService.class.php 第 60 行.
NOTIC: [8] Undefined variable: data D:\wamp\www\test\Application\Home\Service\CommonService.class.php 第 62 行.
INFO: [ view_parse ] --START--
INFO: [ template_filter ] --START--
INFO: Run Behavior\ContentReplaceBehavior [ RunTime:0.000086s ]
INFO: [ template_filter ] --END-- [ RunTime:0.000179s ]
NOTIC: [8] Undefined variable: teaaddresslist D:\wamp\www\test\Application\Runtime\Cache\Home\b1dc3520cb8966ef7032385a66058935.php 第 119 行.
INFO: Run Behavior\ParseTemplateBehavior [ RunTime:0.014813s ]
INFO: [ view_parse ] --END-- [ RunTime:0.014900s ]
INFO: [ view_filter ] --START--
INFO: Run Behavior\WriteHtmlCacheBehavior [ RunTime:0.000354s ]
INFO: [ view_filter ] --END-- [ RunTime:0.000433s ]
INFO: [ app_end ] --START--
INFO: Run Behavior\ShowPageTraceBehavior [ RunTime:0.000465s ]
INFO: [ app_end ] --END-- [ RunTime:0.000540s ]

[ 2015-12-01T00:30:58+08:00 ] 127.0.0.1 /test/index.php/Home/More/teaAddressList.html
INFO: [ app_init ] --START--
INFO: Run Behavior\BuildLiteBehavior [ RunTime:0.000019s ]
INFO: [ app_init ] --END-- [ RunTime:0.000109s ]
INFO: [ app_begin ] --START--
INFO: Run Behavior\ReadHtmlCacheBehavior [ RunTime:0.000442s ]
INFO: [ app_begin ] --END-- [ RunTime:0.000636s ]
NOTIC: [2] Missing argument 2 for Home\Service\CommonService::resultReturn(), called in D:\wamp\www\test\Application\Home\Service\AdminService.class.php on line 158 and defined D:\wamp\www\test\Application\Home\Service\CommonService.class.php 第 60 行.
NOTIC: [8] Undefined variable: data D:\wamp\www\test\Application\Home\Service\CommonService.class.php 第 62 行.
SQL: SHOW COLUMNS FROM `user_teaaddresslist` [ RunTime:0.0487s ]
SQL: SELECT * FROM `user_teaaddresslist`  [ RunTime:0.0003s ]
INFO: [ view_parse ] --START--
INFO: [ template_filter ] --START--
INFO: Run Behavior\ContentReplaceBehavior [ RunTime:0.000087s ]
INFO: [ template_filter ] --END-- [ RunTime:0.000195s ]
INFO: Run Behavior\ParseTemplateBehavior [ RunTime:0.024448s ]
INFO: [ view_parse ] --END-- [ RunTime:0.024556s ]
INFO: [ view_filter ] --START--
INFO: Run Behavior\WriteHtmlCacheBehavior [ RunTime:0.000370s ]
INFO: [ view_filter ] --END-- [ RunTime:0.000453s ]
INFO: [ app_end ] --START--
INFO: Run Behavior\ShowPageTraceBehavior [ RunTime:0.000520s ]
INFO: [ app_end ] --END-- [ RunTime:0.000605s ]

[ 2015-12-01T00:31:00+08:00 ] 127.0.0.1 /test/index.php/Home/Public/index.html
INFO: [ app_init ] --START--
INFO: Run Behavior\BuildLiteBehavior [ RunTime:0.000017s ]
INFO: [ app_init ] --END-- [ RunTime:0.000103s ]
INFO: [ app_begin ] --START--
INFO: Run Behavior\ReadHtmlCacheBehavior [ RunTime:0.000417s ]
INFO: [ app_begin ] --END-- [ RunTime:0.000502s ]
NOTIC: [2] Missing argument 2 for Home\Service\CommonService::resultReturn(), called in D:\wamp\www\test\Application\Home\Service\AdminService.class.php on line 158 and defined D:\wamp\www\test\Application\Home\Service\CommonService.class.php 第 60 行.
NOTIC: [8] Undefined variable: data D:\wamp\www\test\Application\Home\Service\CommonService.class.php 第 62 行.
INFO: [ view_parse ] --START--
INFO: [ template_filter ] --START--
INFO: Run Behavior\ContentReplaceBehavior [ RunTime:0.000122s ]
INFO: [ template_filter ] --END-- [ RunTime:0.000247s ]
INFO: Run Behavior\ParseTemplateBehavior [ RunTime:0.012691s ]
INFO: [ view_parse ] --END-- [ RunTime:0.012811s ]
INFO: [ view_filter ] --START--
INFO: Run Behavior\WriteHtmlCacheBehavior [ RunTime:0.000578s ]
INFO: [ view_filter ] --END-- [ RunTime:0.000675s ]
INFO: [ app_end ] --START--
INFO: Run Behavior\ShowPageTraceBehavior [ RunTime:0.000502s ]
INFO: [ app_end ] --END-- [ RunTime:0.000580s ]

[ 2015-12-01T00:31:01+08:00 ] 127.0.0.1 /test/index.php/Home/Public/notice.html
INFO: [ app_init ] --START--
INFO: Run Behavior\BuildLiteBehavior [ RunTime:0.000017s ]
INFO: [ app_init ] --END-- [ RunTime:0.000104s ]
INFO: [ app_begin ] --START--
INFO: Run Behavior\ReadHtmlCacheBehavior [ RunTime:0.000370s ]
INFO: [ app_begin ] --END-- [ RunTime:0.000469s ]
NOTIC: [2] Missing argument 2 for Home\Service\CommonService::resultReturn(), called in D:\wamp\www\test\Application\Home\Service\AdminService.class.php on line 158 and defined D:\wamp\www\test\Application\Home\Service\CommonService.class.php 第 60 行.
NOTIC: [8] Undefined variable: data D:\wamp\www\test\Application\Home\Service\CommonService.class.php 第 62 行.
INFO: [ view_parse ] --START--
INFO: [ template_filter ] --START--
INFO: Run Behavior\ContentReplaceBehavior [ RunTime:0.000105s ]
INFO: [ template_filter ] --END-- [ RunTime:0.000213s ]
INFO: Run Behavior\ParseTemplateBehavior [ RunTime:0.012738s ]
INFO: [ view_parse ] --END-- [ RunTime:0.012842s ]
INFO: [ view_filter ] --START--
INFO: Run Behavior\WriteHtmlCacheBehavior [ RunTime:0.000322s ]
INFO: [ view_filter ] --END-- [ RunTime:0.000401s ]
INFO: [ app_end ] --START--
INFO: Run Behavior\ShowPageTraceBehavior [ RunTime:0.000484s ]
INFO: [ app_end ] --END-- [ RunTime:0.000560s ]

[ 2015-12-01T00:31:33+08:00 ] 127.0.0.1 /test/index.php/Home/Public/notice.html
INFO: [ app_init ] --START--
INFO: Run Behavior\BuildLiteBehavior [ RunTime:0.000040s ]
INFO: [ app_init ] --END-- [ RunTime:0.000203s ]
INFO: [ app_begin ] --START--
INFO: Run Behavior\ReadHtmlCacheBehavior [ RunTime:0.000367s ]
INFO: [ app_begin ] --END-- [ RunTime:0.000455s ]
NOTIC: [2] Missing argument 2 for Home\Service\CommonService::resultReturn(), called in D:\wamp\www\test\Application\Home\Service\AdminService.class.php on line 158 and defined D:\wamp\www\test\Application\Home\Service\CommonService.class.php 第 60 行.
NOTIC: [8] Undefined variable: data D:\wamp\www\test\Application\Home\Service\CommonService.class.php 第 62 行.
NOTIC: [8] Undefined variable: admin D:\wamp\www\test\Application\Home\Controller\PublicController.class.php 第 22 行.
INFO: [ view_parse ] --START--
INFO: [ template_filter ] --START--
INFO: Run Behavior\ContentReplaceBehavior [ RunTime:0.000087s ]
INFO: [ template_filter ] --END-- [ RunTime:0.000185s ]
INFO: Run Behavior\ParseTemplateBehavior [ RunTime:0.013392s ]
INFO: [ view_parse ] --END-- [ RunTime:0.013492s ]
INFO: [ view_filter ] --START--
INFO: Run Behavior\WriteHtmlCacheBehavior [ RunTime:0.000415s ]
INFO: [ view_filter ] --END-- [ RunTime:0.000538s ]
INFO: [ app_end ] --START--
INFO: Run Behavior\ShowPageTraceBehavior [ RunTime:0.000496s ]
INFO: [ app_end ] --END-- [ RunTime:0.000573s ]

[ 2015-12-01T00:31:39+08:00 ] 127.0.0.1 /test/index.php/Home/Public/index.html
INFO: [ app_init ] --START--
INFO: Run Behavior\BuildLiteBehavior [ RunTime:0.000018s ]
INFO: [ app_init ] --END-- [ RunTime:0.000106s ]
INFO: [ app_begin ] --START--
INFO: Run Behavior\ReadHtmlCacheBehavior [ RunTime:0.000351s ]
INFO: [ app_begin ] --END-- [ RunTime:0.000464s ]
NOTIC: [2] Missing argument 2 for Home\Service\CommonService::resultReturn(), called in D:\wamp\www\test\Application\Home\Service\AdminService.class.php on line 158 and defined D:\wamp\www\test\Application\Home\Service\CommonService.class.php 第 60 行.
NOTIC: [8] Undefined variable: data D:\wamp\www\test\Application\Home\Service\CommonService.class.php 第 62 行.
INFO: [ view_parse ] --START--
INFO: [ template_filter ] --START--
INFO: Run Behavior\ContentReplaceBehavior [ RunTime:0.000079s ]
INFO: [ template_filter ] --END-- [ RunTime:0.000219s ]
INFO: Run Behavior\ParseTemplateBehavior [ RunTime:0.012557s ]
INFO: [ view_parse ] --END-- [ RunTime:0.012667s ]
INFO: [ view_filter ] --START--
INFO: Run Behavior\WriteHtmlCacheBehavior [ RunTime:0.000348s ]
INFO: [ view_filter ] --END-- [ RunTime:0.000433s ]
INFO: [ app_end ] --START--
INFO: Run Behavior\ShowPageTraceBehavior [ RunTime:0.000524s ]
INFO: [ app_end ] --END-- [ RunTime:0.000608s ]

[ 2015-12-01T00:32:46+08:00 ] 127.0.0.1 /test/index.php/Home/Public/index.html
INFO: [ app_init ] --START--
INFO: Run Behavior\BuildLiteBehavior [ RunTime:0.000019s ]
INFO: [ app_init ] --END-- [ RunTime:0.000111s ]
INFO: [ app_begin ] --START--
INFO: Run Behavior\ReadHtmlCacheBehavior [ RunTime:0.000448s ]
INFO: [ app_begin ] --END-- [ RunTime:0.000540s ]
NOTIC: [2] Missing argument 2 for Home\Service\CommonService::resultReturn(), called in D:\wamp\www\test\Application\Home\Service\AdminService.class.php on line 158 and defined D:\wamp\www\test\Application\Home\Service\CommonService.class.php 第 60 行.
NOTIC: [8] Undefined variable: data D:\wamp\www\test\Application\Home\Service\CommonService.class.php 第 62 行.
INFO: [ view_parse ] --START--
INFO: [ template_filter ] --START--
INFO: Run Behavior\ContentReplaceBehavior [ RunTime:0.000078s ]
INFO: [ template_filter ] --END-- [ RunTime:0.000168s ]
INFO: Run Behavior\ParseTemplateBehavior [ RunTime:0.012764s ]
INFO: [ view_parse ] --END-- [ RunTime:0.012856s ]
INFO: [ view_filter ] --START--
INFO: Run Behavior\WriteHtmlCacheBehavior [ RunTime:0.000349s ]
INFO: [ view_filter ] --END-- [ RunTime:0.000438s ]
INFO: [ app_end ] --START--
INFO: Run Behavior\ShowPageTraceBehavior [ RunTime:0.000499s ]
INFO: [ app_end ] --END-- [ RunTime:0.000583s ]

[ 2015-12-01T00:32:51+08:00 ] 127.0.0.1 /test/index.php/Home/Public/notice.html
INFO: [ app_init ] --START--
INFO: Run Behavior\BuildLiteBehavior [ RunTime:0.000020s ]
INFO: [ app_init ] --END-- [ RunTime:0.000114s ]
INFO: [ app_begin ] --START--
INFO: Run Behavior\ReadHtmlCacheBehavior [ RunTime:0.000435s ]
INFO: [ app_begin ] --END-- [ RunTime:0.000525s ]
NOTIC: [2] Missing argument 2 for Home\Service\CommonService::resultReturn(), called in D:\wamp\www\test\Application\Home\Service\AdminService.class.php on line 158 and defined D:\wamp\www\test\Application\Home\Service\CommonService.class.php 第 60 行.
NOTIC: [8] Undefined variable: data D:\wamp\www\test\Application\Home\Service\CommonService.class.php 第 62 行.
NOTIC: [8] Undefined variable: admin D:\wamp\www\test\Application\Home\Controller\PublicController.class.php 第 22 行.
INFO: [ view_parse ] --START--
INFO: [ template_filter ] --START--
INFO: Run Behavior\ContentReplaceBehavior [ RunTime:0.000093s ]
INFO: [ template_filter ] --END-- [ RunTime:0.000197s ]
INFO: Run Behavior\ParseTemplateBehavior [ RunTime:0.012390s ]
INFO: [ view_parse ] --END-- [ RunTime:0.012488s ]
INFO: [ view_filter ] --START--
INFO: Run Behavior\WriteHtmlCacheBehavior [ RunTime:0.000353s ]
INFO: [ view_filter ] --END-- [ RunTime:0.000429s ]
INFO: [ app_end ] --START--
INFO: Run Behavior\ShowPageTraceBehavior [ RunTime:0.000487s ]
INFO: [ app_end ] --END-- [ RunTime:0.000563s ]

[ 2015-12-01T00:32:56+08:00 ] 127.0.0.1 /test/index.php/Home/Public/index.html
INFO: [ app_init ] --START--
INFO: Run Behavior\BuildLiteBehavior [ RunTime:0.000018s ]
INFO: [ app_init ] --END-- [ RunTime:0.000101s ]
INFO: [ app_begin ] --START--
INFO: Run Behavior\ReadHtmlCacheBehavior [ RunTime:0.000502s ]
INFO: [ app_begin ] --END-- [ RunTime:0.000630s ]
NOTIC: [2] Missing argument 2 for Home\Service\CommonService::resultReturn(), called in D:\wamp\www\test\Application\Home\Service\AdminService.class.php on line 158 and defined D:\wamp\www\test\Application\Home\Service\CommonService.class.php 第 60 行.
NOTIC: [8] Undefined variable: data D:\wamp\www\test\Application\Home\Service\CommonService.class.php 第 62 行.
INFO: [ view_parse ] --START--
INFO: [ template_filter ] --START--
INFO: Run Behavior\ContentReplaceBehavior [ RunTime:0.000081s ]
INFO: [ template_filter ] --END-- [ RunTime:0.000169s ]
INFO: Run Behavior\ParseTemplateBehavior [ RunTime:0.011448s ]
INFO: [ view_parse ] --END-- [ RunTime:0.011560s ]
INFO: [ view_filter ] --START--
INFO: Run Behavior\WriteHtmlCacheBehavior [ RunTime:0.000356s ]
INFO: [ view_filter ] --END-- [ RunTime:0.000429s ]
INFO: [ app_end ] --START--
INFO: Run Behavior\ShowPageTraceBehavior [ RunTime:0.000647s ]
INFO: [ app_end ] --END-- [ RunTime:0.000721s ]

[ 2015-12-01T00:32:57+08:00 ] 127.0.0.1 /test/index.php/Home/Public/editPassword.html
INFO: [ app_init ] --START--
INFO: Run Behavior\BuildLiteBehavior [ RunTime:0.000017s ]
INFO: [ app_init ] --END-- [ RunTime:0.000097s ]
INFO: [ app_begin ] --START--
INFO: Run Behavior\ReadHtmlCacheBehavior [ RunTime:0.000397s ]
INFO: [ app_begin ] --END-- [ RunTime:0.000484s ]
NOTIC: [2] Missing argument 2 for Home\Service\CommonService::resultReturn(), called in D:\wamp\www\test\Application\Home\Service\AdminService.class.php on line 158 and defined D:\wamp\www\test\Application\Home\Service\CommonService.class.php 第 60 行.
NOTIC: [8] Undefined variable: data D:\wamp\www\test\Application\Home\Service\CommonService.class.php 第 62 行.
INFO: [ view_parse ] --START--
INFO: [ template_filter ] --START--
INFO: Run Behavior\ContentReplaceBehavior [ RunTime:0.000084s ]
INFO: [ template_filter ] --END-- [ RunTime:0.000214s ]
INFO: Run Behavior\ParseTemplateBehavior [ RunTime:0.012919s ]
INFO: [ view_parse ] --END-- [ RunTime:0.013024s ]
INFO: [ view_filter ] --START--
INFO: Run Behavior\WriteHtmlCacheBehavior [ RunTime:0.000419s ]
INFO: [ view_filter ] --END-- [ RunTime:0.000498s ]
INFO: [ app_end ] --START--
INFO: Run Behavior\ShowPageTraceBehavior [ RunTime:0.000536s ]
INFO: [ app_end ] --END-- [ RunTime:0.000639s ]

[ 2015-12-01T00:32:58+08:00 ] 127.0.0.1 /test/index.php/Home/Public/index.html
INFO: [ app_init ] --START--
INFO: Run Behavior\BuildLiteBehavior [ RunTime:0.000017s ]
INFO: [ app_init ] --END-- [ RunTime:0.000098s ]
INFO: [ app_begin ] --START--
INFO: Run Behavior\ReadHtmlCacheBehavior [ RunTime:0.000361s ]
INFO: [ app_begin ] --END-- [ RunTime:0.000450s ]
NOTIC: [2] Missing argument 2 for Home\Service\CommonService::resultReturn(), called in D:\wamp\www\test\Application\Home\Service\AdminService.class.php on line 158 and defined D:\wamp\www\test\Application\Home\Service\CommonService.class.php 第 60 行.
NOTIC: [8] Undefined variable: data D:\wamp\www\test\Application\Home\Service\CommonService.class.php 第 62 行.
INFO: [ view_parse ] --START--
INFO: [ template_filter ] --START--
INFO: Run Behavior\ContentReplaceBehavior [ RunTime:0.000081s ]
INFO: [ template_filter ] --END-- [ RunTime:0.000170s ]
INFO: Run Behavior\ParseTemplateBehavior [ RunTime:0.011558s ]
INFO: [ view_parse ] --END-- [ RunTime:0.011655s ]
INFO: [ view_filter ] --START--
INFO: Run Behavior\WriteHtmlCacheBehavior [ RunTime:0.000381s ]
INFO: [ view_filter ] --END-- [ RunTime:0.000477s ]
INFO: [ app_end ] --START--
INFO: Run Behavior\ShowPageTraceBehavior [ RunTime:0.000621s ]
INFO: [ app_end ] --END-- [ RunTime:0.000705s ]

[ 2015-12-01T00:33:21+08:00 ] 127.0.0.1 /test/index.php/Home/Public/index.html
INFO: [ app_init ] --START--
INFO: Run Behavior\BuildLiteBehavior [ RunTime:0.000017s ]
INFO: [ app_init ] --END-- [ RunTime:0.000110s ]
INFO: [ app_begin ] --START--
INFO: Run Behavior\ReadHtmlCacheBehavior [ RunTime:0.000698s ]
INFO: [ app_begin ] --END-- [ RunTime:0.000858s ]
NOTIC: [2] Missing argument 2 for Home\Service\CommonService::resultReturn(), called in D:\wamp\www\test\Application\Home\Service\AdminService.class.php on line 158 and defined D:\wamp\www\test\Application\Home\Service\CommonService.class.php 第 60 行.
NOTIC: [8] Undefined variable: data D:\wamp\www\test\Application\Home\Service\CommonService.class.php 第 62 行.
INFO: [ view_parse ] --START--
INFO: [ template_filter ] --START--
INFO: Run Behavior\ContentReplaceBehavior [ RunTime:0.000087s ]
INFO: [ template_filter ] --END-- [ RunTime:0.000183s ]
INFO: Run Behavior\ParseTemplateBehavior [ RunTime:0.011297s ]
INFO: [ view_parse ] --END-- [ RunTime:0.011389s ]
INFO: [ view_filter ] --START--
INFO: Run Behavior\WriteHtmlCacheBehavior [ RunTime:0.000463s ]
INFO: [ view_filter ] --END-- [ RunTime:0.000543s ]
INFO: [ app_end ] --START--
INFO: Run Behavior\ShowPageTraceBehavior [ RunTime:0.000651s ]
INFO: [ app_end ] --END-- [ RunTime:0.000729s ]

[ 2015-12-01T00:33:22+08:00 ] 127.0.0.1 /test/index.php/Home/Public/systeaminfo.html
INFO: [ app_init ] --START--
INFO: Run Behavior\BuildLiteBehavior [ RunTime:0.000017s ]
INFO: [ app_init ] --END-- [ RunTime:0.000103s ]
INFO: [ app_begin ] --START--
INFO: Run Behavior\ReadHtmlCacheBehavior [ RunTime:0.000391s ]
INFO: [ app_begin ] --END-- [ RunTime:0.000478s ]
NOTIC: [2] Missing argument 2 for Home\Service\CommonService::resultReturn(), called in D:\wamp\www\test\Application\Home\Service\AdminService.class.php on line 158 and defined D:\wamp\www\test\Application\Home\Service\CommonService.class.php 第 60 行.
NOTIC: [8] Undefined variable: data D:\wamp\www\test\Application\Home\Service\CommonService.class.php 第 62 行.
NOTIC: [8] Undefined variable: admin D:\wamp\www\test\Application\Home\Controller\PublicController.class.php 第 27 行.
INFO: [ view_parse ] --START--
INFO: [ template_filter ] --START--
INFO: Run Behavior\ContentReplaceBehavior [ RunTime:0.000077s ]
INFO: [ template_filter ] --END-- [ RunTime:0.000163s ]
INFO: Run Behavior\ParseTemplateBehavior [ RunTime:0.011477s ]
INFO: [ view_parse ] --END-- [ RunTime:0.011574s ]
INFO: [ view_filter ] --START--
INFO: Run Behavior\WriteHtmlCacheBehavior [ RunTime:0.000209s ]
INFO: [ view_filter ] --END-- [ RunTime:0.000282s ]
INFO: [ app_end ] --START--
INFO: Run Behavior\ShowPageTraceBehavior [ RunTime:0.000420s ]
INFO: [ app_end ] --END-- [ RunTime:0.000496s ]

[ 2015-12-01T00:33:25+08:00 ] 127.0.0.1 /test/index.php/Home/Public/notice.html
INFO: [ app_init ] --START--
INFO: Run Behavior\BuildLiteBehavior [ RunTime:0.000018s ]
INFO: [ app_init ] --END-- [ RunTime:0.000102s ]
INFO: [ app_begin ] --START--
INFO: Run Behavior\ReadHtmlCacheBehavior [ RunTime:0.000395s ]
INFO: [ app_begin ] --END-- [ RunTime:0.000501s ]
NOTIC: [2] Missing argument 2 for Home\Service\CommonService::resultReturn(), called in D:\wamp\www\test\Application\Home\Service\AdminService.class.php on line 158 and defined D:\wamp\www\test\Application\Home\Service\CommonService.class.php 第 60 行.
NOTIC: [8] Undefined variable: data D:\wamp\www\test\Application\Home\Service\CommonService.class.php 第 62 行.
NOTIC: [8] Undefined variable: admin D:\wamp\www\test\Application\Home\Controller\PublicController.class.php 第 22 行.
INFO: [ view_parse ] --START--
INFO: [ template_filter ] --START--
INFO: Run Behavior\ContentReplaceBehavior [ RunTime:0.000077s ]
INFO: [ template_filter ] --END-- [ RunTime:0.000159s ]
INFO: Run Behavior\ParseTemplateBehavior [ RunTime:0.011172s ]
INFO: [ view_parse ] --END-- [ RunTime:0.011320s ]
INFO: [ view_filter ] --START--
INFO: Run Behavior\WriteHtmlCacheBehavior [ RunTime:0.000301s ]
INFO: [ view_filter ] --END-- [ RunTime:0.000468s ]
INFO: [ app_end ] --START--
INFO: Run Behavior\ShowPageTraceBehavior [ RunTime:0.000508s ]
INFO: [ app_end ] --END-- [ RunTime:0.000637s ]

[ 2015-12-01T00:33:26+08:00 ] 127.0.0.1 /test/index.php/Home/Public/editPassword.html
INFO: [ app_init ] --START--
INFO: Run Behavior\BuildLiteBehavior [ RunTime:0.000017s ]
INFO: [ app_init ] --END-- [ RunTime:0.000098s ]
INFO: [ app_begin ] --START--
INFO: Run Behavior\ReadHtmlCacheBehavior [ RunTime:0.000362s ]
INFO: [ app_begin ] --END-- [ RunTime:0.000449s ]
NOTIC: [2] Missing argument 2 for Home\Service\CommonService::resultReturn(), called in D:\wamp\www\test\Application\Home\Service\AdminService.class.php on line 158 and defined D:\wamp\www\test\Application\Home\Service\CommonService.class.php 第 60 行.
NOTIC: [8] Undefined variable: data D:\wamp\www\test\Application\Home\Service\CommonService.class.php 第 62 行.
INFO: [ view_parse ] --START--
INFO: [ template_filter ] --START--
INFO: Run Behavior\ContentReplaceBehavior [ RunTime:0.000075s ]
INFO: [ template_filter ] --END-- [ RunTime:0.000156s ]
INFO: Run Behavior\ParseTemplateBehavior [ RunTime:0.011862s ]
INFO: [ view_parse ] --END-- [ RunTime:0.011962s ]
INFO: [ view_filter ] --START--
INFO: Run Behavior\WriteHtmlCacheBehavior [ RunTime:0.000230s ]
INFO: [ view_filter ] --END-- [ RunTime:0.000301s ]
INFO: [ app_end ] --START--
INFO: Run Behavior\ShowPageTraceBehavior [ RunTime:0.000372s ]
INFO: [ app_end ] --END-- [ RunTime:0.000445s ]

[ 2015-12-01T00:33:27+08:00 ] 127.0.0.1 /test/index.php/Home/Public/notice.html
INFO: [ app_init ] --START--
INFO: Run Behavior\BuildLiteBehavior [ RunTime:0.000017s ]
INFO: [ app_init ] --END-- [ RunTime:0.000101s ]
INFO: [ app_begin ] --START--
INFO: Run Behavior\ReadHtmlCacheBehavior [ RunTime:0.000346s ]
INFO: [ app_begin ] --END-- [ RunTime:0.000437s ]
NOTIC: [2] Missing argument 2 for Home\Service\CommonService::resultReturn(), called in D:\wamp\www\test\Application\Home\Service\AdminService.class.php on line 158 and defined D:\wamp\www\test\Application\Home\Service\CommonService.class.php 第 60 行.
NOTIC: [8] Undefined variable: data D:\wamp\www\test\Application\Home\Service\CommonService.class.php 第 62 行.
NOTIC: [8] Undefined variable: admin D:\wamp\www\test\Application\Home\Controller\PublicController.class.php 第 22 行.
INFO: [ view_parse ] --START--
INFO: [ template_filter ] --START--
INFO: Run Behavior\ContentReplaceBehavior [ RunTime:0.000075s ]
INFO: [ template_filter ] --END-- [ RunTime:0.000152s ]
INFO: Run Behavior\ParseTemplateBehavior [ RunTime:0.011415s ]
INFO: [ view_parse ] --END-- [ RunTime:0.011510s ]
INFO: [ view_filter ] --START--
INFO: Run Behavior\WriteHtmlCacheBehavior [ RunTime:0.000259s ]
INFO: [ view_filter ] --END-- [ RunTime:0.000342s ]
INFO: [ app_end ] --START--
INFO: Run Behavior\ShowPageTraceBehavior [ RunTime:0.000568s ]
INFO: [ app_end ] --END-- [ RunTime:0.000668s ]

[ 2015-12-01T00:33:27+08:00 ] 127.0.0.1 /test/index.php/Home/Public/editPassword.html
INFO: [ app_init ] --START--
INFO: Run Behavior\BuildLiteBehavior [ RunTime:0.000017s ]
INFO: [ app_init ] --END-- [ RunTime:0.000105s ]
INFO: [ app_begin ] --START--
INFO: Run Behavior\ReadHtmlCacheBehavior [ RunTime:0.000378s ]
INFO: [ app_begin ] --END-- [ RunTime:0.000466s ]
NOTIC: [2] Missing argument 2 for Home\Service\CommonService::resultReturn(), called in D:\wamp\www\test\Application\Home\Service\AdminService.class.php on line 158 and defined D:\wamp\www\test\Application\Home\Service\CommonService.class.php 第 60 行.
NOTIC: [8] Undefined variable: data D:\wamp\www\test\Application\Home\Service\CommonService.class.php 第 62 行.
INFO: [ view_parse ] --START--
INFO: [ template_filter ] --START--
INFO: Run Behavior\ContentReplaceBehavior [ RunTime:0.000095s ]
INFO: [ template_filter ] --END-- [ RunTime:0.000197s ]
INFO: Run Behavior\ParseTemplateBehavior [ RunTime:0.013016s ]
INFO: [ view_parse ] --END-- [ RunTime:0.013136s ]
INFO: [ view_filter ] --START--
INFO: Run Behavior\WriteHtmlCacheBehavior [ RunTime:0.000212s ]
INFO: [ view_filter ] --END-- [ RunTime:0.000284s ]
INFO: [ app_end ] --START--
INFO: Run Behavior\ShowPageTraceBehavior [ RunTime:0.000371s ]
INFO: [ app_end ] --END-- [ RunTime:0.000447s ]

[ 2015-12-01T00:33:28+08:00 ] 127.0.0.1 /test/index.php/Home/Public/notice.html
INFO: [ app_init ] --START--
INFO: Run Behavior\BuildLiteBehavior [ RunTime:0.000018s ]
INFO: [ app_init ] --END-- [ RunTime:0.000098s ]
INFO: [ app_begin ] --START--
INFO: Run Behavior\ReadHtmlCacheBehavior [ RunTime:0.000356s ]
INFO: [ app_begin ] --END-- [ RunTime:0.000444s ]
NOTIC: [2] Missing argument 2 for Home\Service\CommonService::resultReturn(), called in D:\wamp\www\test\Application\Home\Service\AdminService.class.php on line 158 and defined D:\wamp\www\test\Application\Home\Service\CommonService.class.php 第 60 行.
NOTIC: [8] Undefined variable: data D:\wamp\www\test\Application\Home\Service\CommonService.class.php 第 62 行.
NOTIC: [8] Undefined variable: admin D:\wamp\www\test\Application\Home\Controller\PublicController.class.php 第 22 行.
INFO: [ view_parse ] --START--
INFO: [ template_filter ] --START--
INFO: Run Behavior\ContentReplaceBehavior [ RunTime:0.000081s ]
INFO: [ template_filter ] --END-- [ RunTime:0.000171s ]
INFO: Run Behavior\ParseTemplateBehavior [ RunTime:0.012646s ]
INFO: [ view_parse ] --END-- [ RunTime:0.012768s ]
INFO: [ view_filter ] --START--
INFO: Run Behavior\WriteHtmlCacheBehavior [ RunTime:0.000238s ]
INFO: [ view_filter ] --END-- [ RunTime:0.000323s ]
INFO: [ app_end ] --START--
INFO: Run Behavior\ShowPageTraceBehavior [ RunTime:0.000384s ]
INFO: [ app_end ] --END-- [ RunTime:0.000459s ]

[ 2015-12-01T00:33:29+08:00 ] 127.0.0.1 /test/index.php/Home/Public/editPassword.html
INFO: [ app_init ] --START--
INFO: Run Behavior\BuildLiteBehavior [ RunTime:0.000024s ]
INFO: [ app_init ] --END-- [ RunTime:0.000139s ]
INFO: [ app_begin ] --START--
INFO: Run Behavior\ReadHtmlCacheBehavior [ RunTime:0.000346s ]
INFO: [ app_begin ] --END-- [ RunTime:0.000432s ]
NOTIC: [2] Missing argument 2 for Home\Service\CommonService::resultReturn(), called in D:\wamp\www\test\Application\Home\Service\AdminService.class.php on line 158 and defined D:\wamp\www\test\Application\Home\Service\CommonService.class.php 第 60 行.
NOTIC: [8] Undefined variable: data D:\wamp\www\test\Application\Home\Service\CommonService.class.php 第 62 行.
INFO: [ view_parse ] --START--
INFO: [ template_filter ] --START--
INFO: Run Behavior\ContentReplaceBehavior [ RunTime:0.000086s ]
INFO: [ template_filter ] --END-- [ RunTime:0.000179s ]
INFO: Run Behavior\ParseTemplateBehavior [ RunTime:0.012608s ]
INFO: [ view_parse ] --END-- [ RunTime:0.012718s ]
INFO: [ view_filter ] --START--
INFO: Run Behavior\WriteHtmlCacheBehavior [ RunTime:0.000272s ]
INFO: [ view_filter ] --END-- [ RunTime:0.000350s ]
INFO: [ app_end ] --START--
INFO: Run Behavior\ShowPageTraceBehavior [ RunTime:0.000437s ]
INFO: [ app_end ] --END-- [ RunTime:0.000522s ]

[ 2015-12-01T00:33:29+08:00 ] 127.0.0.1 /test/index.php/Home/Public/notice.html
INFO: [ app_init ] --START--
INFO: Run Behavior\BuildLiteBehavior [ RunTime:0.000016s ]
INFO: [ app_init ] --END-- [ RunTime:0.000098s ]
INFO: [ app_begin ] --START--
INFO: Run Behavior\ReadHtmlCacheBehavior [ RunTime:0.000361s ]
INFO: [ app_begin ] --END-- [ RunTime:0.000447s ]
NOTIC: [2] Missing argument 2 for Home\Service\CommonService::resultReturn(), called in D:\wamp\www\test\Application\Home\Service\AdminService.class.php on line 158 and defined D:\wamp\www\test\Application\Home\Service\CommonService.class.php 第 60 行.
NOTIC: [8] Undefined variable: data D:\wamp\www\test\Application\Home\Service\CommonService.class.php 第 62 行.
NOTIC: [8] Undefined variable: admin D:\wamp\www\test\Application\Home\Controller\PublicController.class.php 第 22 行.
INFO: [ view_parse ] --START--
INFO: [ template_filter ] --START--
INFO: Run Behavior\ContentReplaceBehavior [ RunTime:0.000080s ]
INFO: [ template_filter ] --END-- [ RunTime:0.000165s ]
INFO: Run Behavior\ParseTemplateBehavior [ RunTime:0.012908s ]
INFO: [ view_parse ] --END-- [ RunTime:0.013000s ]
INFO: [ view_filter ] --START--
INFO: Run Behavior\WriteHtmlCacheBehavior [ RunTime:0.000208s ]
INFO: [ view_filter ] --END-- [ RunTime:0.000281s ]
INFO: [ app_end ] --START--
INFO: Run Behavior\ShowPageTraceBehavior [ RunTime:0.000420s ]
INFO: [ app_end ] --END-- [ RunTime:0.000494s ]

[ 2015-12-01T00:34:29+08:00 ] 127.0.0.1 /test/index.php/Home/Public/systeaminfo.html
INFO: [ app_init ] --START--
INFO: Run Behavior\BuildLiteBehavior [ RunTime:0.000032s ]
INFO: [ app_init ] --END-- [ RunTime:0.000165s ]
INFO: [ app_begin ] --START--
INFO: Run Behavior\ReadHtmlCacheBehavior [ RunTime:0.000394s ]
INFO: [ app_begin ] --END-- [ RunTime:0.000492s ]
NOTIC: [2] Missing argument 2 for Home\Service\CommonService::resultReturn(), called in D:\wamp\www\test\Application\Home\Service\AdminService.class.php on line 158 and defined D:\wamp\www\test\Application\Home\Service\CommonService.class.php 第 60 行.
NOTIC: [8] Undefined variable: data D:\wamp\www\test\Application\Home\Service\CommonService.class.php 第 62 行.
NOTIC: [8] Undefined variable: admin D:\wamp\www\test\Application\Home\Controller\PublicController.class.php 第 27 行.
INFO: [ view_parse ] --START--
INFO: [ template_filter ] --START--
INFO: Run Behavior\ContentReplaceBehavior [ RunTime:0.000096s ]
INFO: [ template_filter ] --END-- [ RunTime:0.000234s ]
INFO: Run Behavior\ParseTemplateBehavior [ RunTime:0.012775s ]
INFO: [ view_parse ] --END-- [ RunTime:0.012877s ]
INFO: [ view_filter ] --START--
INFO: Run Behavior\WriteHtmlCacheBehavior [ RunTime:0.000251s ]
INFO: [ view_filter ] --END-- [ RunTime:0.000333s ]
INFO: [ app_end ] --START--
INFO: Run Behavior\ShowPageTraceBehavior [ RunTime:0.000416s ]
INFO: [ app_end ] --END-- [ RunTime:0.000495s ]

[ 2015-12-01T00:34:29+08:00 ] 127.0.0.1 /test/index.php/Home/Public/editPassword.html
INFO: [ app_init ] --START--
INFO: Run Behavior\BuildLiteBehavior [ RunTime:0.000032s ]
INFO: [ app_init ] --END-- [ RunTime:0.000154s ]
INFO: [ app_begin ] --START--
INFO: Run Behavior\ReadHtmlCacheBehavior [ RunTime:0.000409s ]
INFO: [ app_begin ] --END-- [ RunTime:0.000498s ]
NOTIC: [2] Missing argument 2 for Home\Service\CommonService::resultReturn(), called in D:\wamp\www\test\Application\Home\Service\AdminService.class.php on line 158 and defined D:\wamp\www\test\Application\Home\Service\CommonService.class.php 第 60 行.
NOTIC: [8] Undefined variable: data D:\wamp\www\test\Application\Home\Service\CommonService.class.php 第 62 行.
INFO: [ view_parse ] --START--
INFO: [ template_filter ] --START--
INFO: Run Behavior\ContentReplaceBehavior [ RunTime:0.000079s ]
INFO: [ template_filter ] --END-- [ RunTime:0.000165s ]
INFO: Run Behavior\ParseTemplateBehavior [ RunTime:0.011925s ]
INFO: [ view_parse ] --END-- [ RunTime:0.012024s ]
INFO: [ view_filter ] --START--
INFO: Run Behavior\WriteHtmlCacheBehavior [ RunTime:0.000247s ]
INFO: [ view_filter ] --END-- [ RunTime:0.000319s ]
INFO: [ app_end ] --START--
INFO: Run Behavior\ShowPageTraceBehavior [ RunTime:0.000410s ]
INFO: [ app_end ] --END-- [ RunTime:0.000485s ]

[ 2015-12-01T00:34:30+08:00 ] 127.0.0.1 /test/index.php/Home/Public/systeaminfo.html
INFO: [ app_init ] --START--
INFO: Run Behavior\BuildLiteBehavior [ RunTime:0.000016s ]
INFO: [ app_init ] --END-- [ RunTime:0.000097s ]
INFO: [ app_begin ] --START--
INFO: Run Behavior\ReadHtmlCacheBehavior [ RunTime:0.000739s ]
INFO: [ app_begin ] --END-- [ RunTime:0.000861s ]
NOTIC: [2] Missing argument 2 for Home\Service\CommonService::resultReturn(), called in D:\wamp\www\test\Application\Home\Service\AdminService.class.php on line 158 and defined D:\wamp\www\test\Application\Home\Service\CommonService.class.php 第 60 行.
NOTIC: [8] Undefined variable: data D:\wamp\www\test\Application\Home\Service\CommonService.class.php 第 62 行.
NOTIC: [8] Undefined variable: admin D:\wamp\www\test\Application\Home\Controller\PublicController.class.php 第 27 行.
INFO: [ view_parse ] --START--
INFO: [ template_filter ] --START--
INFO: Run Behavior\ContentReplaceBehavior [ RunTime:0.000092s ]
INFO: [ template_filter ] --END-- [ RunTime:0.000194s ]
INFO: Run Behavior\ParseTemplateBehavior [ RunTime:0.012258s ]
INFO: [ view_parse ] --END-- [ RunTime:0.012355s ]
INFO: [ view_filter ] --START--
INFO: Run Behavior\WriteHtmlCacheBehavior [ RunTime:0.000218s ]
INFO: [ view_filter ] --END-- [ RunTime:0.000302s ]
INFO: [ app_end ] --START--
INFO: Run Behavior\ShowPageTraceBehavior [ RunTime:0.000385s ]
INFO: [ app_end ] --END-- [ RunTime:0.000460s ]

[ 2015-12-01T00:34:31+08:00 ] 127.0.0.1 /test/index.php/Home/Public/editPassword.html
INFO: [ app_init ] --START--
INFO: Run Behavior\BuildLiteBehavior [ RunTime:0.000017s ]
INFO: [ app_init ] --END-- [ RunTime:0.000100s ]
INFO: [ app_begin ] --START--
INFO: Run Behavior\ReadHtmlCacheBehavior [ RunTime:0.000384s ]
INFO: [ app_begin ] --END-- [ RunTime:0.000496s ]
NOTIC: [2] Missing argument 2 for Home\Service\CommonService::resultReturn(), called in D:\wamp\www\test\Application\Home\Service\AdminService.class.php on line 158 and defined D:\wamp\www\test\Application\Home\Service\CommonService.class.php 第 60 行.
NOTIC: [8] Undefined variable: data D:\wamp\www\test\Application\Home\Service\CommonService.class.php 第 62 行.
INFO: [ view_parse ] --START--
INFO: [ template_filter ] --START--
INFO: Run Behavior\ContentReplaceBehavior [ RunTime:0.000077s ]
INFO: [ template_filter ] --END-- [ RunTime:0.000160s ]
INFO: Run Behavior\ParseTemplateBehavior [ RunTime:0.012818s ]
INFO: [ view_parse ] --END-- [ RunTime:0.012908s ]
INFO: [ view_filter ] --START--
INFO: Run Behavior\WriteHtmlCacheBehavior [ RunTime:0.000205s ]
INFO: [ view_filter ] --END-- [ RunTime:0.000275s ]
INFO: [ app_end ] --START--
INFO: Run Behavior\ShowPageTraceBehavior [ RunTime:0.000408s ]
INFO: [ app_end ] --END-- [ RunTime:0.000481s ]

[ 2015-12-01T00:34:36+08:00 ] 127.0.0.1 /test/index.php/Home/Public/systeaminfo.html
INFO: [ app_init ] --START--
INFO: Run Behavior\BuildLiteBehavior [ RunTime:0.000018s ]
INFO: [ app_init ] --END-- [ RunTime:0.000103s ]
INFO: [ app_begin ] --START--
INFO: Run Behavior\ReadHtmlCacheBehavior [ RunTime:0.000357s ]
INFO: [ app_begin ] --END-- [ RunTime:0.000443s ]
NOTIC: [2] Missing argument 2 for Home\Service\CommonService::resultReturn(), called in D:\wamp\www\test\Application\Home\Service\AdminService.class.php on line 158 and defined D:\wamp\www\test\Application\Home\Service\CommonService.class.php 第 60 行.
NOTIC: [8] Undefined variable: data D:\wamp\www\test\Application\Home\Service\CommonService.class.php 第 62 行.
NOTIC: [8] Undefined variable: admin D:\wamp\www\test\Application\Home\Controller\PublicController.class.php 第 27 行.
INFO: [ view_parse ] --START--
INFO: [ template_filter ] --START--
INFO: Run Behavior\ContentReplaceBehavior [ RunTime:0.000088s ]
INFO: [ template_filter ] --END-- [ RunTime:0.000185s ]
INFO: Run Behavior\ParseTemplateBehavior [ RunTime:0.013122s ]
INFO: [ view_parse ] --END-- [ RunTime:0.013223s ]
INFO: [ view_filter ] --START--
INFO: Run Behavior\WriteHtmlCacheBehavior [ RunTime:0.000266s ]
INFO: [ view_filter ] --END-- [ RunTime:0.000348s ]
INFO: [ app_end ] --START--
INFO: Run Behavior\ShowPageTraceBehavior [ RunTime:0.000454s ]
INFO: [ app_end ] --END-- [ RunTime:0.000537s ]

[ 2015-12-01T00:34:37+08:00 ] 127.0.0.1 /test/index.php/Home/Public/notice.html
INFO: [ app_init ] --START--
INFO: Run Behavior\BuildLiteBehavior [ RunTime:0.000016s ]
INFO: [ app_init ] --END-- [ RunTime:0.000100s ]
INFO: [ app_begin ] --START--
INFO: Run Behavior\ReadHtmlCacheBehavior [ RunTime:0.000356s ]
INFO: [ app_begin ] --END-- [ RunTime:0.000444s ]
NOTIC: [2] Missing argument 2 for Home\Service\CommonService::resultReturn(), called in D:\wamp\www\test\Application\Home\Service\AdminService.class.php on line 158 and defined D:\wamp\www\test\Application\Home\Service\CommonService.class.php 第 60 行.
NOTIC: [8] Undefined variable: data D:\wamp\www\test\Application\Home\Service\CommonService.class.php 第 62 行.
NOTIC: [8] Undefined variable: admin D:\wamp\www\test\Application\Home\Controller\PublicController.class.php 第 22 行.
INFO: [ view_parse ] --START--
INFO: [ template_filter ] --START--
INFO: Run Behavior\ContentReplaceBehavior [ RunTime:0.000078s ]
INFO: [ template_filter ] --END-- [ RunTime:0.000187s ]
INFO: Run Behavior\ParseTemplateBehavior [ RunTime:0.012426s ]
INFO: [ view_parse ] --END-- [ RunTime:0.012524s ]
INFO: [ view_filter ] --START--
INFO: Run Behavior\WriteHtmlCacheBehavior [ RunTime:0.000238s ]
INFO: [ view_filter ] --END-- [ RunTime:0.000319s ]
INFO: [ app_end ] --START--
INFO: Run Behavior\ShowPageTraceBehavior [ RunTime:0.000496s ]
INFO: [ app_end ] --END-- [ RunTime:0.000585s ]

[ 2015-12-01T00:34:38+08:00 ] 127.0.0.1 /test/index.php/Home/Course/index.html
INFO: [ app_init ] --START--
INFO: Run Behavior\BuildLiteBehavior [ RunTime:0.000018s ]
INFO: [ app_init ] --END-- [ RunTime:0.000099s ]
INFO: [ app_begin ] --START--
INFO: Run Behavior\ReadHtmlCacheBehavior [ RunTime:0.000962s ]
INFO: [ app_begin ] --END-- [ RunTime:0.001096s ]
NOTIC: [2] Missing argument 2 for Home\Service\CommonService::resultReturn(), called in D:\wamp\www\test\Application\Home\Service\AdminService.class.php on line 158 and defined D:\wamp\www\test\Application\Home\Service\CommonService.class.php 第 60 行.
NOTIC: [8] Undefined variable: data D:\wamp\www\test\Application\Home\Service\CommonService.class.php 第 62 行.
INFO: [ view_parse ] --START--
INFO: [ template_filter ] --START--
INFO: Run Behavior\ContentReplaceBehavior [ RunTime:0.000072s ]
INFO: [ template_filter ] --END-- [ RunTime:0.000151s ]
INFO: Run Behavior\ParseTemplateBehavior [ RunTime:0.011405s ]
INFO: [ view_parse ] --END-- [ RunTime:0.011501s ]
INFO: [ view_filter ] --START--
INFO: Run Behavior\WriteHtmlCacheBehavior [ RunTime:0.000229s ]
INFO: [ view_filter ] --END-- [ RunTime:0.000322s ]
INFO: [ app_end ] --START--
INFO: Run Behavior\ShowPageTraceBehavior [ RunTime:0.001014s ]
INFO: [ app_end ] --END-- [ RunTime:0.001212s ]

[ 2015-12-01T00:34:40+08:00 ] 127.0.0.1 /test/index.php/Home/Checkcourse/index.html
INFO: [ app_init ] --START--
INFO: Run Behavior\BuildLiteBehavior [ RunTime:0.000017s ]
INFO: [ app_init ] --END-- [ RunTime:0.000099s ]
INFO: [ app_begin ] --START--
INFO: Run Behavior\ReadHtmlCacheBehavior [ RunTime:0.000384s ]
INFO: [ app_begin ] --END-- [ RunTime:0.000472s ]
NOTIC: [2] Missing argument 2 for Home\Service\CommonService::resultReturn(), called in D:\wamp\www\test\Application\Home\Service\AdminService.class.php on line 158 and defined D:\wamp\www\test\Application\Home\Service\CommonService.class.php 第 60 行.
NOTIC: [8] Undefined variable: data D:\wamp\www\test\Application\Home\Service\CommonService.class.php 第 62 行.
INFO: [ view_parse ] --START--
INFO: [ template_filter ] --START--
INFO: Run Behavior\ContentReplaceBehavior [ RunTime:0.000074s ]
INFO: [ template_filter ] --END-- [ RunTime:0.000159s ]
INFO: Run Behavior\ParseTemplateBehavior [ RunTime:0.012602s ]
INFO: [ view_parse ] --END-- [ RunTime:0.012694s ]
INFO: [ view_filter ] --START--
INFO: Run Behavior\WriteHtmlCacheBehavior [ RunTime:0.000219s ]
INFO: [ view_filter ] --END-- [ RunTime:0.000292s ]
INFO: [ app_end ] --START--
INFO: Run Behavior\ShowPageTraceBehavior [ RunTime:0.000414s ]
INFO: [ app_end ] --END-- [ RunTime:0.000490s ]

[ 2015-12-01T00:34:40+08:00 ] 127.0.0.1 /test/index.php/Home/CheckSleep/index.html
INFO: [ app_init ] --START--
INFO: Run Behavior\BuildLiteBehavior [ RunTime:0.000017s ]
INFO: [ app_init ] --END-- [ RunTime:0.000111s ]
INFO: [ app_begin ] --START--
INFO: Run Behavior\ReadHtmlCacheBehavior [ RunTime:0.000460s ]
INFO: [ app_begin ] --END-- [ RunTime:0.000588s ]
NOTIC: [2] Missing argument 2 for Home\Service\CommonService::resultReturn(), called in D:\wamp\www\test\Application\Home\Service\AdminService.class.php on line 158 and defined D:\wamp\www\test\Application\Home\Service\CommonService.class.php 第 60 行.
NOTIC: [8] Undefined variable: data D:\wamp\www\test\Application\Home\Service\CommonService.class.php 第 62 行.
INFO: [ view_parse ] --START--
INFO: [ template_filter ] --START--
INFO: Run Behavior\ContentReplaceBehavior [ RunTime:0.000086s ]
INFO: [ template_filter ] --END-- [ RunTime:0.000187s ]
INFO: Run Behavior\ParseTemplateBehavior [ RunTime:0.011234s ]
INFO: [ view_parse ] --END-- [ RunTime:0.011366s ]
INFO: [ view_filter ] --START--
INFO: Run Behavior\WriteHtmlCacheBehavior [ RunTime:0.000324s ]
INFO: [ view_filter ] --END-- [ RunTime:0.000435s ]
INFO: [ app_end ] --START--
INFO: Run Behavior\ShowPageTraceBehavior [ RunTime:0.000375s ]
INFO: [ app_end ] --END-- [ RunTime:0.000452s ]

[ 2015-12-01T00:34:41+08:00 ] 127.0.0.1 /test/index.php/Home/More/index.html
INFO: [ app_init ] --START--
INFO: Run Behavior\BuildLiteBehavior [ RunTime:0.000017s ]
INFO: [ app_init ] --END-- [ RunTime:0.000104s ]
INFO: [ app_begin ] --START--
INFO: Run Behavior\ReadHtmlCacheBehavior [ RunTime:0.000443s ]
INFO: [ app_begin ] --END-- [ RunTime:0.000532s ]
NOTIC: [2] Missing argument 2 for Home\Service\CommonService::resultReturn(), called in D:\wamp\www\test\Application\Home\Service\AdminService.class.php on line 158 and defined D:\wamp\www\test\Application\Home\Service\CommonService.class.php 第 60 行.
NOTIC: [8] Undefined variable: data D:\wamp\www\test\Application\Home\Service\CommonService.class.php 第 62 行.
INFO: [ view_parse ] --START--
INFO: [ template_filter ] --START--
INFO: Run Behavior\ContentReplaceBehavior [ RunTime:0.000088s ]
INFO: [ template_filter ] --END-- [ RunTime:0.000190s ]
NOTIC: [8] Undefined variable: teaaddresslist D:\wamp\www\test\Application\Runtime\Cache\Home\b1dc3520cb8966ef7032385a66058935.php 第 119 行.
INFO: Run Behavior\ParseTemplateBehavior [ RunTime:0.014263s ]
INFO: [ view_parse ] --END-- [ RunTime:0.014349s ]
INFO: [ view_filter ] --START--
INFO: Run Behavior\WriteHtmlCacheBehavior [ RunTime:0.000205s ]
INFO: [ view_filter ] --END-- [ RunTime:0.000306s ]
INFO: [ app_end ] --START--
INFO: Run Behavior\ShowPageTraceBehavior [ RunTime:0.000361s ]
INFO: [ app_end ] --END-- [ RunTime:0.000443s ]

[ 2015-12-01T00:34:58+08:00 ] 127.0.0.1 /test/index.php/Home/Public/index.html
INFO: [ app_init ] --START--
INFO: Run Behavior\BuildLiteBehavior [ RunTime:0.000019s ]
INFO: [ app_init ] --END-- [ RunTime:0.000114s ]
INFO: [ app_begin ] --START--
INFO: Run Behavior\ReadHtmlCacheBehavior [ RunTime:0.000477s ]
INFO: [ app_begin ] --END-- [ RunTime:0.000575s ]
NOTIC: [2] Missing argument 2 for Home\Service\CommonService::resultReturn(), called in D:\wamp\www\test\Application\Home\Service\AdminService.class.php on line 158 and defined D:\wamp\www\test\Application\Home\Service\CommonService.class.php 第 60 行.
NOTIC: [8] Undefined variable: data D:\wamp\www\test\Application\Home\Service\CommonService.class.php 第 62 行.
INFO: [ view_parse ] --START--
INFO: [ template_filter ] --START--
INFO: Run Behavior\ContentReplaceBehavior [ RunTime:0.000098s ]
INFO: [ template_filter ] --END-- [ RunTime:0.000199s ]
INFO: Run Behavior\ParseTemplateBehavior [ RunTime:0.012417s ]
INFO: [ view_parse ] --END-- [ RunTime:0.012507s ]
INFO: [ view_filter ] --START--
INFO: Run Behavior\WriteHtmlCacheBehavior [ RunTime:0.000271s ]
INFO: [ view_filter ] --END-- [ RunTime:0.000345s ]
INFO: [ app_end ] --START--
INFO: Run Behavior\ShowPageTraceBehavior [ RunTime:0.000483s ]
INFO: [ app_end ] --END-- [ RunTime:0.000560s ]

