[ 2015-12-02T21:21:23+08:00 ] 127.0.0.1 /test/
INFO: [ app_init ] --START--
INFO: Run Behavior\BuildLiteBehavior [ RunTime:0.000037s ]
INFO: [ app_init ] --END-- [ RunTime:0.000162s ]
INFO: [ app_begin ] --START--
INFO: Run Behavior\ReadHtmlCacheBehavior [ RunTime:0.000507s ]
INFO: [ app_begin ] --END-- [ RunTime:0.000592s ]
INFO: [ view_parse ] --START--
NOTIC: [2] file_get_contents(./Application/Home/View/__PUBLIC__/javascripts/admin/functions.js.html) [<a href='function.file-get-contents'>function.file-get-contents</a>]: failed to open stream: No such file or directory D:\wamp\www\test\ThinkPHP\Library\Think\Template.class.php 第 696 行.
INFO: [ template_filter ] --START--
INFO: Run Behavior\ContentReplaceBehavior [ RunTime:0.000058s ]
INFO: [ template_filter ] --END-- [ RunTime:0.000145s ]
INFO: Run Behavior\ParseTemplateBehavior [ RunTime:0.142415s ]
INFO: [ view_parse ] --END-- [ RunTime:0.142542s ]
INFO: [ view_filter ] --START--
INFO: Run Behavior\WriteHtmlCacheBehavior [ RunTime:0.000296s ]
INFO: [ view_filter ] --END-- [ RunTime:0.000369s ]
INFO: [ app_end ] --START--
INFO: Run Behavior\ShowPageTraceBehavior [ RunTime:0.000477s ]
INFO: [ app_end ] --END-- [ RunTime:0.000552s ]

[ 2015-12-02T21:21:31+08:00 ] 127.0.0.1 /test/index.php/Home/Index/login.html
INFO: [ app_init ] --START--
INFO: Run Behavior\BuildLiteBehavior [ RunTime:0.000028s ]
INFO: [ app_init ] --END-- [ RunTime:0.000152s ]
INFO: [ app_begin ] --START--
INFO: Run Behavior\ReadHtmlCacheBehavior [ RunTime:0.001084s ]
INFO: [ app_begin ] --END-- [ RunTime:0.001206s ]
SQL: SHOW COLUMNS FROM `user_admin` [ RunTime:0.0951s ]
SQL: SELECT COUNT(*) AS tp_count FROM `user_admin` WHERE ( email='741699287@qq.com' ) LIMIT 1   [ RunTime:0.0003s ]
SQL: SELECT * FROM `user_admin` WHERE `email` = '741699287@qq.com' LIMIT 1   [ RunTime:0.0003s ]
SQL: SELECT COUNT(*) AS tp_count FROM `user_admin` WHERE `email` = '741699287@qq.com' AND `is_active` = 1 LIMIT 1   [ RunTime:0.0002s ]
SQL: UPDATE `user_admin` SET `last_login_at`='2015-12-02 21:21:30' WHERE ( id=1 ) [ RunTime:0.1881s ]

[ 2015-12-02T21:21:33+08:00 ] 127.0.0.1 /test/index.php/Home/Public/index.html
INFO: [ app_init ] --START--
INFO: Run Behavior\BuildLiteBehavior [ RunTime:0.000020s ]
INFO: [ app_init ] --END-- [ RunTime:0.000115s ]
INFO: [ app_begin ] --START--
INFO: Run Behavior\ReadHtmlCacheBehavior [ RunTime:0.000495s ]
INFO: [ app_begin ] --END-- [ RunTime:0.000632s ]
NOTIC: [2] Missing argument 2 for Home\Service\CommonService::resultReturn(), called in D:\wamp\www\test\Application\Home\Service\AdminService.class.php on line 158 and defined D:\wamp\www\test\Application\Home\Service\CommonService.class.php 第 60 行.
NOTIC: [8] Undefined variable: data D:\wamp\www\test\Application\Home\Service\CommonService.class.php 第 62 行.
INFO: [ view_parse ] --START--
INFO: [ template_filter ] --START--
INFO: Run Behavior\ContentReplaceBehavior [ RunTime:0.000082s ]
INFO: [ template_filter ] --END-- [ RunTime:0.000178s ]
INFO: Run Behavior\ParseTemplateBehavior [ RunTime:0.622589s ]
INFO: [ view_parse ] --END-- [ RunTime:0.622714s ]
INFO: [ view_filter ] --START--
INFO: Run Behavior\WriteHtmlCacheBehavior [ RunTime:0.000390s ]
INFO: [ view_filter ] --END-- [ RunTime:0.000471s ]
INFO: [ app_end ] --START--
INFO: Run Behavior\ShowPageTraceBehavior [ RunTime:0.000537s ]
INFO: [ app_end ] --END-- [ RunTime:0.000621s ]

[ 2015-12-02T21:21:35+08:00 ] 127.0.0.1 /test/index.php/Home/Public/editPassword.html
INFO: [ app_init ] --START--
INFO: Run Behavior\BuildLiteBehavior [ RunTime:0.000016s ]
INFO: [ app_init ] --END-- [ RunTime:0.000100s ]
INFO: [ app_begin ] --START--
INFO: Run Behavior\ReadHtmlCacheBehavior [ RunTime:0.000475s ]
INFO: [ app_begin ] --END-- [ RunTime:0.000568s ]
NOTIC: [2] Missing argument 2 for Home\Service\CommonService::resultReturn(), called in D:\wamp\www\test\Application\Home\Service\AdminService.class.php on line 158 and defined D:\wamp\www\test\Application\Home\Service\CommonService.class.php 第 60 行.
NOTIC: [8] Undefined variable: data D:\wamp\www\test\Application\Home\Service\CommonService.class.php 第 62 行.
INFO: [ view_parse ] --START--
INFO: [ template_filter ] --START--
INFO: Run Behavior\ContentReplaceBehavior [ RunTime:0.000080s ]
INFO: [ template_filter ] --END-- [ RunTime:0.000171s ]
INFO: Run Behavior\ParseTemplateBehavior [ RunTime:0.060203s ]
INFO: [ view_parse ] --END-- [ RunTime:0.060327s ]
INFO: [ view_filter ] --START--
INFO: Run Behavior\WriteHtmlCacheBehavior [ RunTime:0.000312s ]
INFO: [ view_filter ] --END-- [ RunTime:0.000394s ]
INFO: [ app_end ] --START--
INFO: Run Behavior\ShowPageTraceBehavior [ RunTime:0.000495s ]
INFO: [ app_end ] --END-- [ RunTime:0.000573s ]

[ 2015-12-02T21:21:46+08:00 ] 127.0.0.1 /test/index.php/Home/More/index.html
INFO: [ app_init ] --START--
INFO: Run Behavior\BuildLiteBehavior [ RunTime:0.000017s ]
INFO: [ app_init ] --END-- [ RunTime:0.000100s ]
INFO: [ app_begin ] --START--
INFO: Run Behavior\ReadHtmlCacheBehavior [ RunTime:0.000366s ]
INFO: [ app_begin ] --END-- [ RunTime:0.000454s ]
NOTIC: [2] Missing argument 2 for Home\Service\CommonService::resultReturn(), called in D:\wamp\www\test\Application\Home\Service\AdminService.class.php on line 158 and defined D:\wamp\www\test\Application\Home\Service\CommonService.class.php 第 60 行.
NOTIC: [8] Undefined variable: data D:\wamp\www\test\Application\Home\Service\CommonService.class.php 第 62 行.
INFO: [ view_parse ] --START--
INFO: [ template_filter ] --START--
INFO: Run Behavior\ContentReplaceBehavior [ RunTime:0.000161s ]
INFO: [ template_filter ] --END-- [ RunTime:0.000305s ]
NOTIC: [8] Undefined variable: teaaddresslist D:\wamp\www\test\Application\Runtime\Cache\Home\b1dc3520cb8966ef7032385a66058935.php 第 119 行.
INFO: Run Behavior\ParseTemplateBehavior [ RunTime:0.042240s ]
INFO: [ view_parse ] --END-- [ RunTime:0.042325s ]
INFO: [ view_filter ] --START--
INFO: Run Behavior\WriteHtmlCacheBehavior [ RunTime:0.000236s ]
INFO: [ view_filter ] --END-- [ RunTime:0.000308s ]
INFO: [ app_end ] --START--
INFO: Run Behavior\ShowPageTraceBehavior [ RunTime:0.000380s ]
INFO: [ app_end ] --END-- [ RunTime:0.000456s ]

[ 2015-12-02T21:21:47+08:00 ] 127.0.0.1 /test/index.php/Home/Public/index.html
INFO: [ app_init ] --START--
INFO: Run Behavior\BuildLiteBehavior [ RunTime:0.000029s ]
INFO: [ app_init ] --END-- [ RunTime:0.000172s ]
INFO: [ app_begin ] --START--
INFO: Run Behavior\ReadHtmlCacheBehavior [ RunTime:0.000402s ]
INFO: [ app_begin ] --END-- [ RunTime:0.000491s ]
NOTIC: [2] Missing argument 2 for Home\Service\CommonService::resultReturn(), called in D:\wamp\www\test\Application\Home\Service\AdminService.class.php on line 158 and defined D:\wamp\www\test\Application\Home\Service\CommonService.class.php 第 60 行.
NOTIC: [8] Undefined variable: data D:\wamp\www\test\Application\Home\Service\CommonService.class.php 第 62 行.
INFO: [ view_parse ] --START--
INFO: [ template_filter ] --START--
INFO: Run Behavior\ContentReplaceBehavior [ RunTime:0.000087s ]
INFO: [ template_filter ] --END-- [ RunTime:0.000181s ]
INFO: Run Behavior\ParseTemplateBehavior [ RunTime:0.011637s ]
INFO: [ view_parse ] --END-- [ RunTime:0.011745s ]
INFO: [ view_filter ] --START--
INFO: Run Behavior\WriteHtmlCacheBehavior [ RunTime:0.000211s ]
INFO: [ view_filter ] --END-- [ RunTime:0.000321s ]
INFO: [ app_end ] --START--
INFO: Run Behavior\ShowPageTraceBehavior [ RunTime:0.000394s ]
INFO: [ app_end ] --END-- [ RunTime:0.000470s ]

[ 2015-12-02T21:21:49+08:00 ] 127.0.0.1 /test/index.php/Home/More/index.html
INFO: [ app_init ] --START--
INFO: Run Behavior\BuildLiteBehavior [ RunTime:0.000019s ]
INFO: [ app_init ] --END-- [ RunTime:0.000113s ]
INFO: [ app_begin ] --START--
INFO: Run Behavior\ReadHtmlCacheBehavior [ RunTime:0.000549s ]
INFO: [ app_begin ] --END-- [ RunTime:0.000682s ]
NOTIC: [2] Missing argument 2 for Home\Service\CommonService::resultReturn(), called in D:\wamp\www\test\Application\Home\Service\AdminService.class.php on line 158 and defined D:\wamp\www\test\Application\Home\Service\CommonService.class.php 第 60 行.
NOTIC: [8] Undefined variable: data D:\wamp\www\test\Application\Home\Service\CommonService.class.php 第 62 行.
INFO: [ view_parse ] --START--
INFO: [ template_filter ] --START--
INFO: Run Behavior\ContentReplaceBehavior [ RunTime:0.000089s ]
INFO: [ template_filter ] --END-- [ RunTime:0.000227s ]
NOTIC: [8] Undefined variable: teaaddresslist D:\wamp\www\test\Application\Runtime\Cache\Home\b1dc3520cb8966ef7032385a66058935.php 第 119 行.
INFO: Run Behavior\ParseTemplateBehavior [ RunTime:0.016429s ]
INFO: [ view_parse ] --END-- [ RunTime:0.016535s ]
INFO: [ view_filter ] --START--
INFO: Run Behavior\WriteHtmlCacheBehavior [ RunTime:0.000211s ]
INFO: [ view_filter ] --END-- [ RunTime:0.000284s ]
INFO: [ app_end ] --START--
INFO: Run Behavior\ShowPageTraceBehavior [ RunTime:0.000400s ]
INFO: [ app_end ] --END-- [ RunTime:0.000488s ]

[ 2015-12-02T21:21:51+08:00 ] 127.0.0.1 /test/index.php/Home/More/xiMeeting.html
INFO: [ app_init ] --START--
INFO: Run Behavior\BuildLiteBehavior [ RunTime:0.000049s ]
INFO: [ app_init ] --END-- [ RunTime:0.000145s ]
INFO: [ app_begin ] --START--
INFO: Run Behavior\ReadHtmlCacheBehavior [ RunTime:0.000435s ]
INFO: [ app_begin ] --END-- [ RunTime:0.000534s ]
NOTIC: [2] Missing argument 2 for Home\Service\CommonService::resultReturn(), called in D:\wamp\www\test\Application\Home\Service\AdminService.class.php on line 158 and defined D:\wamp\www\test\Application\Home\Service\CommonService.class.php 第 60 行.
NOTIC: [8] Undefined variable: data D:\wamp\www\test\Application\Home\Service\CommonService.class.php 第 62 行.
SQL: SHOW COLUMNS FROM `user_ximeeting` [ RunTime:0.1459s ]
SQL: SELECT * FROM `user_ximeeting` WHERE ( id = 1 )  [ RunTime:0.0003s ]
INFO: [ view_parse ] --START--
INFO: [ template_filter ] --START--
INFO: Run Behavior\ContentReplaceBehavior [ RunTime:0.000093s ]
INFO: [ template_filter ] --END-- [ RunTime:0.000198s ]
INFO: Run Behavior\ParseTemplateBehavior [ RunTime:0.092042s ]
INFO: [ view_parse ] --END-- [ RunTime:0.092147s ]
INFO: [ view_filter ] --START--
INFO: Run Behavior\WriteHtmlCacheBehavior [ RunTime:0.000261s ]
INFO: [ view_filter ] --END-- [ RunTime:0.000335s ]
INFO: [ app_end ] --START--
INFO: Run Behavior\ShowPageTraceBehavior [ RunTime:0.000380s ]
INFO: [ app_end ] --END-- [ RunTime:0.000467s ]

[ 2015-12-02T21:53:50+08:00 ] 127.0.0.1 /test/index.php/Home/More/xiMeeting.html
INFO: [ app_init ] --START--
INFO: Run Behavior\BuildLiteBehavior [ RunTime:0.000018s ]
INFO: [ app_init ] --END-- [ RunTime:0.000107s ]
INFO: [ app_begin ] --START--
INFO: Run Behavior\ReadHtmlCacheBehavior [ RunTime:0.000453s ]
INFO: [ app_begin ] --END-- [ RunTime:0.000575s ]
NOTIC: [2] Missing argument 2 for Home\Service\CommonService::resultReturn(), called in D:\wamp\www\test\Application\Home\Service\AdminService.class.php on line 158 and defined D:\wamp\www\test\Application\Home\Service\CommonService.class.php 第 60 行.
NOTIC: [8] Undefined variable: data D:\wamp\www\test\Application\Home\Service\CommonService.class.php 第 62 行.
SQL: SHOW COLUMNS FROM `user_ximeeting` [ RunTime:0.0079s ]
SQL: SELECT * FROM `user_ximeeting` WHERE ( id = 1 )  [ RunTime:0.0002s ]
INFO: [ view_parse ] --START--
INFO: [ template_filter ] --START--
INFO: Run Behavior\ContentReplaceBehavior [ RunTime:0.000107s ]
INFO: [ template_filter ] --END-- [ RunTime:0.000222s ]
INFO: Run Behavior\ParseTemplateBehavior [ RunTime:0.029414s ]
INFO: [ view_parse ] --END-- [ RunTime:0.029520s ]
INFO: [ view_filter ] --START--
INFO: Run Behavior\WriteHtmlCacheBehavior [ RunTime:0.000426s ]
INFO: [ view_filter ] --END-- [ RunTime:0.000515s ]
INFO: [ app_end ] --START--
INFO: Run Behavior\ShowPageTraceBehavior [ RunTime:0.000749s ]
INFO: [ app_end ] --END-- [ RunTime:0.000830s ]

[ 2015-12-02T21:53:53+08:00 ] 127.0.0.1 /test/index.php/Home/Public/index.html
INFO: [ app_init ] --START--
INFO: Run Behavior\BuildLiteBehavior [ RunTime:0.000029s ]
INFO: [ app_init ] --END-- [ RunTime:0.000172s ]
INFO: [ app_begin ] --START--
INFO: Run Behavior\ReadHtmlCacheBehavior [ RunTime:0.000719s ]
INFO: [ app_begin ] --END-- [ RunTime:0.000949s ]
NOTIC: [2] Missing argument 2 for Home\Service\CommonService::resultReturn(), called in D:\wamp\www\test\Application\Home\Service\AdminService.class.php on line 158 and defined D:\wamp\www\test\Application\Home\Service\CommonService.class.php 第 60 行.
NOTIC: [8] Undefined variable: data D:\wamp\www\test\Application\Home\Service\CommonService.class.php 第 62 行.
INFO: [ view_parse ] --START--
INFO: [ template_filter ] --START--
INFO: Run Behavior\ContentReplaceBehavior [ RunTime:0.000085s ]
INFO: [ template_filter ] --END-- [ RunTime:0.000185s ]
INFO: Run Behavior\ParseTemplateBehavior [ RunTime:0.013991s ]
INFO: [ view_parse ] --END-- [ RunTime:0.014108s ]
INFO: [ view_filter ] --START--
INFO: Run Behavior\WriteHtmlCacheBehavior [ RunTime:0.000354s ]
INFO: [ view_filter ] --END-- [ RunTime:0.000432s ]
INFO: [ app_end ] --START--
INFO: Run Behavior\ShowPageTraceBehavior [ RunTime:0.000501s ]
INFO: [ app_end ] --END-- [ RunTime:0.000604s ]

[ 2015-12-02T21:53:54+08:00 ] 127.0.0.1 /test/index.php/Home/Public/editPassword.html
INFO: [ app_init ] --START--
INFO: Run Behavior\BuildLiteBehavior [ RunTime:0.000019s ]
INFO: [ app_init ] --END-- [ RunTime:0.000112s ]
INFO: [ app_begin ] --START--
INFO: Run Behavior\ReadHtmlCacheBehavior [ RunTime:0.000398s ]
INFO: [ app_begin ] --END-- [ RunTime:0.000495s ]
NOTIC: [2] Missing argument 2 for Home\Service\CommonService::resultReturn(), called in D:\wamp\www\test\Application\Home\Service\AdminService.class.php on line 158 and defined D:\wamp\www\test\Application\Home\Service\CommonService.class.php 第 60 行.
NOTIC: [8] Undefined variable: data D:\wamp\www\test\Application\Home\Service\CommonService.class.php 第 62 行.
INFO: [ view_parse ] --START--
INFO: [ template_filter ] --START--
INFO: Run Behavior\ContentReplaceBehavior [ RunTime:0.000094s ]
INFO: [ template_filter ] --END-- [ RunTime:0.000203s ]
INFO: Run Behavior\ParseTemplateBehavior [ RunTime:0.013058s ]
INFO: [ view_parse ] --END-- [ RunTime:0.013158s ]
INFO: [ view_filter ] --START--
INFO: Run Behavior\WriteHtmlCacheBehavior [ RunTime:0.000234s ]
INFO: [ view_filter ] --END-- [ RunTime:0.000309s ]
INFO: [ app_end ] --START--
INFO: Run Behavior\ShowPageTraceBehavior [ RunTime:0.000447s ]
INFO: [ app_end ] --END-- [ RunTime:0.000553s ]

[ 2015-12-02T21:57:42+08:00 ] 127.0.0.1 /test/index.php/Home/Public/editPassword.html
INFO: [ app_init ] --START--
INFO: Run Behavior\BuildLiteBehavior [ RunTime:0.000038s ]
INFO: [ app_init ] --END-- [ RunTime:0.000218s ]
INFO: [ app_begin ] --START--
INFO: Run Behavior\ReadHtmlCacheBehavior [ RunTime:0.000557s ]
INFO: [ app_begin ] --END-- [ RunTime:0.000667s ]
NOTIC: [2] Missing argument 2 for Home\Service\CommonService::resultReturn(), called in D:\wamp\www\test\Application\Home\Service\AdminService.class.php on line 158 and defined D:\wamp\www\test\Application\Home\Service\CommonService.class.php 第 60 行.
NOTIC: [8] Undefined variable: data D:\wamp\www\test\Application\Home\Service\CommonService.class.php 第 62 行.
INFO: [ view_parse ] --START--
INFO: [ template_filter ] --START--
INFO: Run Behavior\ContentReplaceBehavior [ RunTime:0.000124s ]
INFO: [ template_filter ] --END-- [ RunTime:0.000274s ]
INFO: Run Behavior\ParseTemplateBehavior [ RunTime:0.022151s ]
INFO: [ view_parse ] --END-- [ RunTime:0.022271s ]
INFO: [ view_filter ] --START--
INFO: Run Behavior\WriteHtmlCacheBehavior [ RunTime:0.000299s ]
INFO: [ view_filter ] --END-- [ RunTime:0.000373s ]
INFO: [ app_end ] --START--
INFO: Run Behavior\ShowPageTraceBehavior [ RunTime:0.000874s ]
INFO: [ app_end ] --END-- [ RunTime:0.000950s ]

[ 2015-12-02T21:57:58+08:00 ] 127.0.0.1 /test/index.php/Home/Public/updatePassword.html
INFO: [ app_init ] --START--
INFO: Run Behavior\BuildLiteBehavior [ RunTime:0.000040s ]
INFO: [ app_init ] --END-- [ RunTime:0.000205s ]
INFO: [ app_begin ] --START--
INFO: Run Behavior\ReadHtmlCacheBehavior [ RunTime:0.000446s ]
INFO: [ app_begin ] --END-- [ RunTime:0.000539s ]
NOTIC: [2] Missing argument 2 for Home\Service\CommonService::resultReturn(), called in D:\wamp\www\test\Application\Home\Service\AdminService.class.php on line 158 and defined D:\wamp\www\test\Application\Home\Service\CommonService.class.php 第 60 行.
NOTIC: [8] Undefined variable: data D:\wamp\www\test\Application\Home\Service\CommonService.class.php 第 62 行.
SQL: SHOW COLUMNS FROM `user_admin` [ RunTime:0.0119s ]
SQL: UPDATE `user_admin` SET `username`='yzh',`password`='123456',`email`='741699287@qq.com',`last_login_at`='2015-12-01 16:51:15',`is_active`='1',`age`='200' WHERE `id` = 1 [ RunTime:0.0682s ]
SQL: SHOW COLUMNS FROM `user_admin` [ RunTime:0.0089s ]
NOTIC: [8] Undefined index: role_id D:\wamp\www\test\Application\Home\Service\AdminService.class.php 第 57 行.
SQL: UPDATE `user_admin` SET `id`=NULL WHERE ( id=1 ) [ RunTime:0.1122s ]
NOTIC: [2] Missing argument 2 for Home\Service\CommonService::resultReturn(), called in D:\wamp\www\test\Application\Home\Service\AdminService.class.php on line 59 and defined D:\wamp\www\test\Application\Home\Service\CommonService.class.php 第 60 行.
NOTIC: [8] Undefined variable: data D:\wamp\www\test\Application\Home\Service\CommonService.class.php 第 62 行.
NOTIC: [2] Missing argument 2 for Home\Controller\CommonController::successReturn(), called in D:\wamp\www\test\Application\Home\Controller\PublicController.class.php on line 48 and defined D:\wamp\www\test\Application\Home\Controller\CommonController.class.php 第 191 行.
NOTIC: [8] Undefined variable: url D:\wamp\www\test\Application\Home\Controller\CommonController.class.php 第 192 行.

[ 2015-12-02T21:57:59+08:00 ] 127.0.0.1 /test/index.php/Home/Public/editPassword.html
INFO: [ app_init ] --START--
INFO: Run Behavior\BuildLiteBehavior [ RunTime:0.000018s ]
INFO: [ app_init ] --END-- [ RunTime:0.000104s ]
INFO: [ app_begin ] --START--
INFO: Run Behavior\ReadHtmlCacheBehavior [ RunTime:0.000400s ]
INFO: [ app_begin ] --END-- [ RunTime:0.000490s ]
NOTIC: [2] Missing argument 2 for Home\Service\CommonService::resultReturn(), called in D:\wamp\www\test\Application\Home\Service\AdminService.class.php on line 158 and defined D:\wamp\www\test\Application\Home\Service\CommonService.class.php 第 60 行.
NOTIC: [8] Undefined variable: data D:\wamp\www\test\Application\Home\Service\CommonService.class.php 第 62 行.
INFO: [ view_parse ] --START--
INFO: [ template_filter ] --START--
INFO: Run Behavior\ContentReplaceBehavior [ RunTime:0.000079s ]
INFO: [ template_filter ] --END-- [ RunTime:0.000171s ]
INFO: Run Behavior\ParseTemplateBehavior [ RunTime:0.012994s ]
INFO: [ view_parse ] --END-- [ RunTime:0.013109s ]
INFO: [ view_filter ] --START--
INFO: Run Behavior\WriteHtmlCacheBehavior [ RunTime:0.000213s ]
INFO: [ view_filter ] --END-- [ RunTime:0.000286s ]
INFO: [ app_end ] --START--
INFO: Run Behavior\ShowPageTraceBehavior [ RunTime:0.000380s ]
INFO: [ app_end ] --END-- [ RunTime:0.000456s ]

[ 2015-12-02T22:26:12+08:00 ] 127.0.0.1 /test/index.php/Home/Course/index.html
INFO: [ app_init ] --START--
INFO: Run Behavior\BuildLiteBehavior [ RunTime:0.000020s ]
INFO: [ app_init ] --END-- [ RunTime:0.000151s ]
INFO: [ app_begin ] --START--
INFO: Run Behavior\ReadHtmlCacheBehavior [ RunTime:0.000484s ]
INFO: [ app_begin ] --END-- [ RunTime:0.000579s ]
NOTIC: [2] Missing argument 2 for Home\Service\CommonService::resultReturn(), called in D:\wamp\www\test\Application\Home\Service\AdminService.class.php on line 158 and defined D:\wamp\www\test\Application\Home\Service\CommonService.class.php 第 60 行.
NOTIC: [8] Undefined variable: data D:\wamp\www\test\Application\Home\Service\CommonService.class.php 第 62 行.
INFO: [ view_parse ] --START--
INFO: [ template_filter ] --START--
INFO: Run Behavior\ContentReplaceBehavior [ RunTime:0.000081s ]
INFO: [ template_filter ] --END-- [ RunTime:0.000173s ]
INFO: Run Behavior\ParseTemplateBehavior [ RunTime:0.404338s ]
INFO: [ view_parse ] --END-- [ RunTime:0.404445s ]
INFO: [ view_filter ] --START--
INFO: Run Behavior\WriteHtmlCacheBehavior [ RunTime:0.000326s ]
INFO: [ view_filter ] --END-- [ RunTime:0.000431s ]
INFO: [ app_end ] --START--
INFO: Run Behavior\ShowPageTraceBehavior [ RunTime:0.000491s ]
INFO: [ app_end ] --END-- [ RunTime:0.000564s ]

[ 2015-12-02T22:26:13+08:00 ] 127.0.0.1 /test/index.php/Home/Public/index.html
INFO: [ app_init ] --START--
INFO: Run Behavior\BuildLiteBehavior [ RunTime:0.000029s ]
INFO: [ app_init ] --END-- [ RunTime:0.000170s ]
INFO: [ app_begin ] --START--
INFO: Run Behavior\ReadHtmlCacheBehavior [ RunTime:0.000596s ]
INFO: [ app_begin ] --END-- [ RunTime:0.000761s ]
NOTIC: [2] Missing argument 2 for Home\Service\CommonService::resultReturn(), called in D:\wamp\www\test\Application\Home\Service\AdminService.class.php on line 158 and defined D:\wamp\www\test\Application\Home\Service\CommonService.class.php 第 60 行.
NOTIC: [8] Undefined variable: data D:\wamp\www\test\Application\Home\Service\CommonService.class.php 第 62 行.
INFO: [ view_parse ] --START--
INFO: [ template_filter ] --START--
INFO: Run Behavior\ContentReplaceBehavior [ RunTime:0.000082s ]
INFO: [ template_filter ] --END-- [ RunTime:0.000179s ]
INFO: Run Behavior\ParseTemplateBehavior [ RunTime:0.011383s ]
INFO: [ view_parse ] --END-- [ RunTime:0.011479s ]
INFO: [ view_filter ] --START--
INFO: Run Behavior\WriteHtmlCacheBehavior [ RunTime:0.000351s ]
INFO: [ view_filter ] --END-- [ RunTime:0.000425s ]
INFO: [ app_end ] --START--
INFO: Run Behavior\ShowPageTraceBehavior [ RunTime:0.000528s ]
INFO: [ app_end ] --END-- [ RunTime:0.000630s ]

[ 2015-12-02T22:26:15+08:00 ] 127.0.0.1 /test/index.php/Home/Public/systeaminfo.html
INFO: [ app_init ] --START--
INFO: Run Behavior\BuildLiteBehavior [ RunTime:0.000019s ]
INFO: [ app_init ] --END-- [ RunTime:0.000112s ]
INFO: [ app_begin ] --START--
INFO: Run Behavior\ReadHtmlCacheBehavior [ RunTime:0.000897s ]
INFO: [ app_begin ] --END-- [ RunTime:0.001126s ]
NOTIC: [2] Missing argument 2 for Home\Service\CommonService::resultReturn(), called in D:\wamp\www\test\Application\Home\Service\AdminService.class.php on line 158 and defined D:\wamp\www\test\Application\Home\Service\CommonService.class.php 第 60 行.
NOTIC: [8] Undefined variable: data D:\wamp\www\test\Application\Home\Service\CommonService.class.php 第 62 行.
NOTIC: [8] Undefined variable: admin D:\wamp\www\test\Application\Home\Controller\PublicController.class.php 第 27 行.
INFO: [ view_parse ] --START--
INFO: [ template_filter ] --START--
INFO: Run Behavior\ContentReplaceBehavior [ RunTime:0.000082s ]
INFO: [ template_filter ] --END-- [ RunTime:0.000193s ]
INFO: Run Behavior\ParseTemplateBehavior [ RunTime:0.037486s ]
INFO: [ view_parse ] --END-- [ RunTime:0.037623s ]
INFO: [ view_filter ] --START--
INFO: Run Behavior\WriteHtmlCacheBehavior [ RunTime:0.000280s ]
INFO: [ view_filter ] --END-- [ RunTime:0.000380s ]
INFO: [ app_end ] --START--
INFO: Run Behavior\ShowPageTraceBehavior [ RunTime:0.000586s ]
INFO: [ app_end ] --END-- [ RunTime:0.000666s ]

[ 2015-12-02T22:26:16+08:00 ] 127.0.0.1 /test/index.php/Home/Public/editPassword.html
INFO: [ app_init ] --START--
INFO: Run Behavior\BuildLiteBehavior [ RunTime:0.000019s ]
INFO: [ app_init ] --END-- [ RunTime:0.000109s ]
INFO: [ app_begin ] --START--
INFO: Run Behavior\ReadHtmlCacheBehavior [ RunTime:0.000360s ]
INFO: [ app_begin ] --END-- [ RunTime:0.000483s ]
NOTIC: [2] Missing argument 2 for Home\Service\CommonService::resultReturn(), called in D:\wamp\www\test\Application\Home\Service\AdminService.class.php on line 158 and defined D:\wamp\www\test\Application\Home\Service\CommonService.class.php 第 60 行.
NOTIC: [8] Undefined variable: data D:\wamp\www\test\Application\Home\Service\CommonService.class.php 第 62 行.
INFO: [ view_parse ] --START--
INFO: [ template_filter ] --START--
INFO: Run Behavior\ContentReplaceBehavior [ RunTime:0.000082s ]
INFO: [ template_filter ] --END-- [ RunTime:0.000172s ]
INFO: Run Behavior\ParseTemplateBehavior [ RunTime:0.132030s ]
INFO: [ view_parse ] --END-- [ RunTime:0.132130s ]
INFO: [ view_filter ] --START--
INFO: Run Behavior\WriteHtmlCacheBehavior [ RunTime:0.000306s ]
INFO: [ view_filter ] --END-- [ RunTime:0.000380s ]
INFO: [ app_end ] --START--
INFO: Run Behavior\ShowPageTraceBehavior [ RunTime:0.000541s ]
INFO: [ app_end ] --END-- [ RunTime:0.000628s ]

[ 2015-12-02T22:26:16+08:00 ] 127.0.0.1 /test/index.php/Home/Public/systeaminfo.html
INFO: [ app_init ] --START--
INFO: Run Behavior\BuildLiteBehavior [ RunTime:0.000019s ]
INFO: [ app_init ] --END-- [ RunTime:0.000107s ]
INFO: [ app_begin ] --START--
INFO: Run Behavior\ReadHtmlCacheBehavior [ RunTime:0.000375s ]
INFO: [ app_begin ] --END-- [ RunTime:0.000536s ]
NOTIC: [2] Missing argument 2 for Home\Service\CommonService::resultReturn(), called in D:\wamp\www\test\Application\Home\Service\AdminService.class.php on line 158 and defined D:\wamp\www\test\Application\Home\Service\CommonService.class.php 第 60 行.
NOTIC: [8] Undefined variable: data D:\wamp\www\test\Application\Home\Service\CommonService.class.php 第 62 行.
NOTIC: [8] Undefined variable: admin D:\wamp\www\test\Application\Home\Controller\PublicController.class.php 第 27 行.
INFO: [ view_parse ] --START--
INFO: [ template_filter ] --START--
INFO: Run Behavior\ContentReplaceBehavior [ RunTime:0.000079s ]
INFO: [ template_filter ] --END-- [ RunTime:0.000166s ]
INFO: Run Behavior\ParseTemplateBehavior [ RunTime:0.011516s ]
INFO: [ view_parse ] --END-- [ RunTime:0.011625s ]
INFO: [ view_filter ] --START--
INFO: Run Behavior\WriteHtmlCacheBehavior [ RunTime:0.000305s ]
INFO: [ view_filter ] --END-- [ RunTime:0.000377s ]
INFO: [ app_end ] --START--
INFO: Run Behavior\ShowPageTraceBehavior [ RunTime:0.000558s ]
INFO: [ app_end ] --END-- [ RunTime:0.000631s ]

[ 2015-12-02T22:26:17+08:00 ] 127.0.0.1 /test/index.php/Home/Public/notice.html
INFO: [ app_init ] --START--
INFO: Run Behavior\BuildLiteBehavior [ RunTime:0.000034s ]
INFO: [ app_init ] --END-- [ RunTime:0.000139s ]
INFO: [ app_begin ] --START--
INFO: Run Behavior\ReadHtmlCacheBehavior [ RunTime:0.000413s ]
INFO: [ app_begin ] --END-- [ RunTime:0.000520s ]
NOTIC: [2] Missing argument 2 for Home\Service\CommonService::resultReturn(), called in D:\wamp\www\test\Application\Home\Service\AdminService.class.php on line 158 and defined D:\wamp\www\test\Application\Home\Service\CommonService.class.php 第 60 行.
NOTIC: [8] Undefined variable: data D:\wamp\www\test\Application\Home\Service\CommonService.class.php 第 62 行.
NOTIC: [8] Undefined variable: admin D:\wamp\www\test\Application\Home\Controller\PublicController.class.php 第 22 行.
INFO: [ view_parse ] --START--
INFO: [ template_filter ] --START--
INFO: Run Behavior\ContentReplaceBehavior [ RunTime:0.000082s ]
INFO: [ template_filter ] --END-- [ RunTime:0.000178s ]
INFO: Run Behavior\ParseTemplateBehavior [ RunTime:0.012492s ]
INFO: [ view_parse ] --END-- [ RunTime:0.012613s ]
INFO: [ view_filter ] --START--
INFO: Run Behavior\WriteHtmlCacheBehavior [ RunTime:0.000261s ]
INFO: [ view_filter ] --END-- [ RunTime:0.000335s ]
INFO: [ app_end ] --START--
INFO: Run Behavior\ShowPageTraceBehavior [ RunTime:0.000641s ]
INFO: [ app_end ] --END-- [ RunTime:0.000800s ]

[ 2015-12-02T22:26:18+08:00 ] 127.0.0.1 /test/index.php/Home/Public/systeaminfo.html
INFO: [ app_init ] --START--
INFO: Run Behavior\BuildLiteBehavior [ RunTime:0.000019s ]
INFO: [ app_init ] --END-- [ RunTime:0.000113s ]
INFO: [ app_begin ] --START--
INFO: Run Behavior\ReadHtmlCacheBehavior [ RunTime:0.000840s ]
INFO: [ app_begin ] --END-- [ RunTime:0.001035s ]
NOTIC: [2] Missing argument 2 for Home\Service\CommonService::resultReturn(), called in D:\wamp\www\test\Application\Home\Service\AdminService.class.php on line 158 and defined D:\wamp\www\test\Application\Home\Service\CommonService.class.php 第 60 行.
NOTIC: [8] Undefined variable: data D:\wamp\www\test\Application\Home\Service\CommonService.class.php 第 62 行.
NOTIC: [8] Undefined variable: admin D:\wamp\www\test\Application\Home\Controller\PublicController.class.php 第 27 行.
INFO: [ view_parse ] --START--
INFO: [ template_filter ] --START--
INFO: Run Behavior\ContentReplaceBehavior [ RunTime:0.000088s ]
INFO: [ template_filter ] --END-- [ RunTime:0.000191s ]
INFO: Run Behavior\ParseTemplateBehavior [ RunTime:0.012055s ]
INFO: [ view_parse ] --END-- [ RunTime:0.012160s ]
INFO: [ view_filter ] --START--
INFO: Run Behavior\WriteHtmlCacheBehavior [ RunTime:0.000273s ]
INFO: [ view_filter ] --END-- [ RunTime:0.000354s ]
INFO: [ app_end ] --START--
INFO: Run Behavior\ShowPageTraceBehavior [ RunTime:0.000542s ]
INFO: [ app_end ] --END-- [ RunTime:0.000627s ]

[ 2015-12-02T22:26:18+08:00 ] 127.0.0.1 /test/index.php/Home/Public/editPassword.html
INFO: [ app_init ] --START--
INFO: Run Behavior\BuildLiteBehavior [ RunTime:0.000019s ]
INFO: [ app_init ] --END-- [ RunTime:0.000114s ]
INFO: [ app_begin ] --START--
INFO: Run Behavior\ReadHtmlCacheBehavior [ RunTime:0.000364s ]
INFO: [ app_begin ] --END-- [ RunTime:0.000457s ]
NOTIC: [2] Missing argument 2 for Home\Service\CommonService::resultReturn(), called in D:\wamp\www\test\Application\Home\Service\AdminService.class.php on line 158 and defined D:\wamp\www\test\Application\Home\Service\CommonService.class.php 第 60 行.
NOTIC: [8] Undefined variable: data D:\wamp\www\test\Application\Home\Service\CommonService.class.php 第 62 行.
INFO: [ view_parse ] --START--
INFO: [ template_filter ] --START--
INFO: Run Behavior\ContentReplaceBehavior [ RunTime:0.000083s ]
INFO: [ template_filter ] --END-- [ RunTime:0.000175s ]
INFO: Run Behavior\ParseTemplateBehavior [ RunTime:0.013025s ]
INFO: [ view_parse ] --END-- [ RunTime:0.013124s ]
INFO: [ view_filter ] --START--
INFO: Run Behavior\WriteHtmlCacheBehavior [ RunTime:0.000249s ]
INFO: [ view_filter ] --END-- [ RunTime:0.000322s ]
INFO: [ app_end ] --START--
INFO: Run Behavior\ShowPageTraceBehavior [ RunTime:0.000507s ]
INFO: [ app_end ] --END-- [ RunTime:0.000583s ]

[ 2015-12-02T22:26:20+08:00 ] 127.0.0.1 /test/index.php/Home/Public/systeaminfo.html
INFO: [ app_init ] --START--
INFO: Run Behavior\BuildLiteBehavior [ RunTime:0.000020s ]
INFO: [ app_init ] --END-- [ RunTime:0.000117s ]
INFO: [ app_begin ] --START--
INFO: Run Behavior\ReadHtmlCacheBehavior [ RunTime:0.000370s ]
INFO: [ app_begin ] --END-- [ RunTime:0.000465s ]
NOTIC: [2] Missing argument 2 for Home\Service\CommonService::resultReturn(), called in D:\wamp\www\test\Application\Home\Service\AdminService.class.php on line 158 and defined D:\wamp\www\test\Application\Home\Service\CommonService.class.php 第 60 行.
NOTIC: [8] Undefined variable: data D:\wamp\www\test\Application\Home\Service\CommonService.class.php 第 62 行.
NOTIC: [8] Undefined variable: admin D:\wamp\www\test\Application\Home\Controller\PublicController.class.php 第 27 行.
INFO: [ view_parse ] --START--
INFO: [ template_filter ] --START--
INFO: Run Behavior\ContentReplaceBehavior [ RunTime:0.000079s ]
INFO: [ template_filter ] --END-- [ RunTime:0.000166s ]
INFO: Run Behavior\ParseTemplateBehavior [ RunTime:0.011415s ]
INFO: [ view_parse ] --END-- [ RunTime:0.011523s ]
INFO: [ view_filter ] --START--
INFO: Run Behavior\WriteHtmlCacheBehavior [ RunTime:0.000438s ]
INFO: [ view_filter ] --END-- [ RunTime:0.000539s ]
INFO: [ app_end ] --START--
INFO: Run Behavior\ShowPageTraceBehavior [ RunTime:0.000556s ]
INFO: [ app_end ] --END-- [ RunTime:0.000642s ]

[ 2015-12-02T22:26:20+08:00 ] 127.0.0.1 /test/index.php/Home/Public/notice.html
INFO: [ app_init ] --START--
INFO: Run Behavior\BuildLiteBehavior [ RunTime:0.000019s ]
INFO: [ app_init ] --END-- [ RunTime:0.000112s ]
INFO: [ app_begin ] --START--
INFO: Run Behavior\ReadHtmlCacheBehavior [ RunTime:0.000362s ]
INFO: [ app_begin ] --END-- [ RunTime:0.000458s ]
NOTIC: [2] Missing argument 2 for Home\Service\CommonService::resultReturn(), called in D:\wamp\www\test\Application\Home\Service\AdminService.class.php on line 158 and defined D:\wamp\www\test\Application\Home\Service\CommonService.class.php 第 60 行.
NOTIC: [8] Undefined variable: data D:\wamp\www\test\Application\Home\Service\CommonService.class.php 第 62 行.
NOTIC: [8] Undefined variable: admin D:\wamp\www\test\Application\Home\Controller\PublicController.class.php 第 22 行.
INFO: [ view_parse ] --START--
INFO: [ template_filter ] --START--
INFO: Run Behavior\ContentReplaceBehavior [ RunTime:0.000088s ]
INFO: [ template_filter ] --END-- [ RunTime:0.000192s ]
INFO: Run Behavior\ParseTemplateBehavior [ RunTime:0.012819s ]
INFO: [ view_parse ] --END-- [ RunTime:0.012931s ]
INFO: [ view_filter ] --START--
INFO: Run Behavior\WriteHtmlCacheBehavior [ RunTime:0.000328s ]
INFO: [ view_filter ] --END-- [ RunTime:0.000411s ]
INFO: [ app_end ] --START--
INFO: Run Behavior\ShowPageTraceBehavior [ RunTime:0.000565s ]
INFO: [ app_end ] --END-- [ RunTime:0.000661s ]

[ 2015-12-02T22:26:24+08:00 ] 127.0.0.1 /test/index.php/Home/Public/systeaminfo.html
INFO: [ app_init ] --START--
INFO: Run Behavior\BuildLiteBehavior [ RunTime:0.000023s ]
INFO: [ app_init ] --END-- [ RunTime:0.000157s ]
INFO: [ app_begin ] --START--
INFO: Run Behavior\ReadHtmlCacheBehavior [ RunTime:0.000680s ]
INFO: [ app_begin ] --END-- [ RunTime:0.000845s ]
NOTIC: [2] Missing argument 2 for Home\Service\CommonService::resultReturn(), called in D:\wamp\www\test\Application\Home\Service\AdminService.class.php on line 158 and defined D:\wamp\www\test\Application\Home\Service\CommonService.class.php 第 60 行.
NOTIC: [8] Undefined variable: data D:\wamp\www\test\Application\Home\Service\CommonService.class.php 第 62 行.
NOTIC: [8] Undefined variable: admin D:\wamp\www\test\Application\Home\Controller\PublicController.class.php 第 27 行.
INFO: [ view_parse ] --START--
INFO: [ template_filter ] --START--
INFO: Run Behavior\ContentReplaceBehavior [ RunTime:0.000082s ]
INFO: [ template_filter ] --END-- [ RunTime:0.000207s ]
INFO: Run Behavior\ParseTemplateBehavior [ RunTime:0.013736s ]
INFO: [ view_parse ] --END-- [ RunTime:0.013860s ]
INFO: [ view_filter ] --START--
INFO: Run Behavior\WriteHtmlCacheBehavior [ RunTime:0.000294s ]
INFO: [ view_filter ] --END-- [ RunTime:0.000376s ]
INFO: [ app_end ] --START--
INFO: Run Behavior\ShowPageTraceBehavior [ RunTime:0.000575s ]
INFO: [ app_end ] --END-- [ RunTime:0.000661s ]

[ 2015-12-02T22:26:25+08:00 ] 127.0.0.1 /test/index.php/Home/Public/notice.html
INFO: [ app_init ] --START--
INFO: Run Behavior\BuildLiteBehavior [ RunTime:0.000020s ]
INFO: [ app_init ] --END-- [ RunTime:0.000114s ]
INFO: [ app_begin ] --START--
INFO: Run Behavior\ReadHtmlCacheBehavior [ RunTime:0.000594s ]
INFO: [ app_begin ] --END-- [ RunTime:0.000737s ]
NOTIC: [2] Missing argument 2 for Home\Service\CommonService::resultReturn(), called in D:\wamp\www\test\Application\Home\Service\AdminService.class.php on line 158 and defined D:\wamp\www\test\Application\Home\Service\CommonService.class.php 第 60 行.
NOTIC: [8] Undefined variable: data D:\wamp\www\test\Application\Home\Service\CommonService.class.php 第 62 行.
NOTIC: [8] Undefined variable: admin D:\wamp\www\test\Application\Home\Controller\PublicController.class.php 第 22 行.
INFO: [ view_parse ] --START--
INFO: [ template_filter ] --START--
INFO: Run Behavior\ContentReplaceBehavior [ RunTime:0.000083s ]
INFO: [ template_filter ] --END-- [ RunTime:0.000180s ]
INFO: Run Behavior\ParseTemplateBehavior [ RunTime:0.012300s ]
INFO: [ view_parse ] --END-- [ RunTime:0.012399s ]
INFO: [ view_filter ] --START--
INFO: Run Behavior\WriteHtmlCacheBehavior [ RunTime:0.000263s ]
INFO: [ view_filter ] --END-- [ RunTime:0.000356s ]
INFO: [ app_end ] --START--
INFO: Run Behavior\ShowPageTraceBehavior [ RunTime:0.000672s ]
INFO: [ app_end ] --END-- [ RunTime:0.000765s ]

[ 2015-12-02T22:26:46+08:00 ] 127.0.0.1 /test/index.php/Home/More/index.html
INFO: [ app_init ] --START--
INFO: Run Behavior\BuildLiteBehavior [ RunTime:0.000030s ]
INFO: [ app_init ] --END-- [ RunTime:0.000134s ]
INFO: [ app_begin ] --START--
INFO: Run Behavior\ReadHtmlCacheBehavior [ RunTime:0.000409s ]
INFO: [ app_begin ] --END-- [ RunTime:0.000514s ]
NOTIC: [2] Missing argument 2 for Home\Service\CommonService::resultReturn(), called in D:\wamp\www\test\Application\Home\Service\AdminService.class.php on line 158 and defined D:\wamp\www\test\Application\Home\Service\CommonService.class.php 第 60 行.
NOTIC: [8] Undefined variable: data D:\wamp\www\test\Application\Home\Service\CommonService.class.php 第 62 行.
INFO: [ view_parse ] --START--
INFO: [ template_filter ] --START--
INFO: Run Behavior\ContentReplaceBehavior [ RunTime:0.000097s ]
INFO: [ template_filter ] --END-- [ RunTime:0.000217s ]
NOTIC: [8] Undefined variable: teaaddresslist D:\wamp\www\test\Application\Runtime\Cache\Home\b1dc3520cb8966ef7032385a66058935.php 第 119 行.
INFO: Run Behavior\ParseTemplateBehavior [ RunTime:0.024142s ]
INFO: [ view_parse ] --END-- [ RunTime:0.024231s ]
INFO: [ view_filter ] --START--
INFO: Run Behavior\WriteHtmlCacheBehavior [ RunTime:0.000256s ]
INFO: [ view_filter ] --END-- [ RunTime:0.000328s ]
INFO: [ app_end ] --START--
INFO: Run Behavior\ShowPageTraceBehavior [ RunTime:0.000481s ]
INFO: [ app_end ] --END-- [ RunTime:0.000558s ]

[ 2015-12-02T22:26:48+08:00 ] 127.0.0.1 /test/index.php/Home/CheckSleep/index.html
INFO: [ app_init ] --START--
INFO: Run Behavior\BuildLiteBehavior [ RunTime:0.000031s ]
INFO: [ app_init ] --END-- [ RunTime:0.000156s ]
INFO: [ app_begin ] --START--
INFO: Run Behavior\ReadHtmlCacheBehavior [ RunTime:0.000371s ]
INFO: [ app_begin ] --END-- [ RunTime:0.000537s ]
NOTIC: [2] Missing argument 2 for Home\Service\CommonService::resultReturn(), called in D:\wamp\www\test\Application\Home\Service\AdminService.class.php on line 158 and defined D:\wamp\www\test\Application\Home\Service\CommonService.class.php 第 60 行.
NOTIC: [8] Undefined variable: data D:\wamp\www\test\Application\Home\Service\CommonService.class.php 第 62 行.
INFO: [ view_parse ] --START--
INFO: [ template_filter ] --START--
INFO: Run Behavior\ContentReplaceBehavior [ RunTime:0.000075s ]
INFO: [ template_filter ] --END-- [ RunTime:0.000207s ]
INFO: Run Behavior\ParseTemplateBehavior [ RunTime:0.018360s ]
INFO: [ view_parse ] --END-- [ RunTime:0.018465s ]
INFO: [ view_filter ] --START--
INFO: Run Behavior\WriteHtmlCacheBehavior [ RunTime:0.000305s ]
INFO: [ view_filter ] --END-- [ RunTime:0.000379s ]
INFO: [ app_end ] --START--
INFO: Run Behavior\ShowPageTraceBehavior [ RunTime:0.000516s ]
INFO: [ app_end ] --END-- [ RunTime:0.000593s ]

[ 2015-12-02T22:26:49+08:00 ] 127.0.0.1 /test/index.php/Home/Checkcourse/index.html
INFO: [ app_init ] --START--
INFO: Run Behavior\BuildLiteBehavior [ RunTime:0.000020s ]
INFO: [ app_init ] --END-- [ RunTime:0.000114s ]
INFO: [ app_begin ] --START--
INFO: Run Behavior\ReadHtmlCacheBehavior [ RunTime:0.000409s ]
INFO: [ app_begin ] --END-- [ RunTime:0.000507s ]
NOTIC: [2] Missing argument 2 for Home\Service\CommonService::resultReturn(), called in D:\wamp\www\test\Application\Home\Service\AdminService.class.php on line 158 and defined D:\wamp\www\test\Application\Home\Service\CommonService.class.php 第 60 行.
NOTIC: [8] Undefined variable: data D:\wamp\www\test\Application\Home\Service\CommonService.class.php 第 62 行.
INFO: [ view_parse ] --START--
INFO: [ template_filter ] --START--
INFO: Run Behavior\ContentReplaceBehavior [ RunTime:0.000141s ]
INFO: [ template_filter ] --END-- [ RunTime:0.000282s ]
INFO: Run Behavior\ParseTemplateBehavior [ RunTime:0.071739s ]
INFO: [ view_parse ] --END-- [ RunTime:0.071838s ]
INFO: [ view_filter ] --START--
INFO: Run Behavior\WriteHtmlCacheBehavior [ RunTime:0.000243s ]
INFO: [ view_filter ] --END-- [ RunTime:0.000315s ]
INFO: [ app_end ] --START--
INFO: Run Behavior\ShowPageTraceBehavior [ RunTime:0.000523s ]
INFO: [ app_end ] --END-- [ RunTime:0.000596s ]

[ 2015-12-02T22:26:50+08:00 ] 127.0.0.1 /test/index.php/Home/Course/index.html
INFO: [ app_init ] --START--
INFO: Run Behavior\BuildLiteBehavior [ RunTime:0.000021s ]
INFO: [ app_init ] --END-- [ RunTime:0.000119s ]
INFO: [ app_begin ] --START--
INFO: Run Behavior\ReadHtmlCacheBehavior [ RunTime:0.000416s ]
INFO: [ app_begin ] --END-- [ RunTime:0.000537s ]
NOTIC: [2] Missing argument 2 for Home\Service\CommonService::resultReturn(), called in D:\wamp\www\test\Application\Home\Service\AdminService.class.php on line 158 and defined D:\wamp\www\test\Application\Home\Service\CommonService.class.php 第 60 行.
NOTIC: [8] Undefined variable: data D:\wamp\www\test\Application\Home\Service\CommonService.class.php 第 62 行.
INFO: [ view_parse ] --START--
INFO: [ template_filter ] --START--
INFO: Run Behavior\ContentReplaceBehavior [ RunTime:0.000132s ]
INFO: [ template_filter ] --END-- [ RunTime:0.000276s ]
INFO: Run Behavior\ParseTemplateBehavior [ RunTime:0.013039s ]
INFO: [ view_parse ] --END-- [ RunTime:0.013143s ]
INFO: [ view_filter ] --START--
INFO: Run Behavior\WriteHtmlCacheBehavior [ RunTime:0.000250s ]
INFO: [ view_filter ] --END-- [ RunTime:0.000323s ]
INFO: [ app_end ] --START--
INFO: Run Behavior\ShowPageTraceBehavior [ RunTime:0.000583s ]
INFO: [ app_end ] --END-- [ RunTime:0.000660s ]

[ 2015-12-02T22:27:19+08:00 ] 127.0.0.1 /test/index.php/Home/Course/index.html
INFO: [ app_init ] --START--
INFO: Run Behavior\BuildLiteBehavior [ RunTime:0.000020s ]
INFO: [ app_init ] --END-- [ RunTime:0.000117s ]
INFO: [ app_begin ] --START--
INFO: Run Behavior\ReadHtmlCacheBehavior [ RunTime:0.000493s ]
INFO: [ app_begin ] --END-- [ RunTime:0.000593s ]
NOTIC: [2] Missing argument 2 for Home\Service\CommonService::resultReturn(), called in D:\wamp\www\test\Application\Home\Service\AdminService.class.php on line 158 and defined D:\wamp\www\test\Application\Home\Service\CommonService.class.php 第 60 行.
NOTIC: [8] Undefined variable: data D:\wamp\www\test\Application\Home\Service\CommonService.class.php 第 62 行.
INFO: [ view_parse ] --START--
INFO: [ template_filter ] --START--
INFO: Run Behavior\ContentReplaceBehavior [ RunTime:0.000084s ]
INFO: [ template_filter ] --END-- [ RunTime:0.000184s ]
INFO: Run Behavior\ParseTemplateBehavior [ RunTime:0.019450s ]
INFO: [ view_parse ] --END-- [ RunTime:0.019583s ]
INFO: [ view_filter ] --START--
INFO: Run Behavior\WriteHtmlCacheBehavior [ RunTime:0.000270s ]
INFO: [ view_filter ] --END-- [ RunTime:0.000348s ]
INFO: [ app_end ] --START--
INFO: Run Behavior\ShowPageTraceBehavior [ RunTime:0.000571s ]
INFO: [ app_end ] --END-- [ RunTime:0.000661s ]

[ 2015-12-02T23:52:14+08:00 ] 127.0.0.1 /test/index.php/Home/Course/index.html
INFO: [ app_init ] --START--
INFO: Run Behavior\BuildLiteBehavior [ RunTime:0.000031s ]
INFO: [ app_init ] --END-- [ RunTime:0.000222s ]
INFO: [ app_begin ] --START--
INFO: Run Behavior\ReadHtmlCacheBehavior [ RunTime:0.001149s ]
INFO: [ app_begin ] --END-- [ RunTime:0.001431s ]
INFO: [ view_parse ] --START--
INFO: [ template_filter ] --START--
INFO: Run Behavior\ContentReplaceBehavior [ RunTime:0.000051s ]
INFO: [ template_filter ] --END-- [ RunTime:0.000168s ]
INFO: Run Behavior\ParseTemplateBehavior [ RunTime:0.125085s ]
INFO: [ view_parse ] --END-- [ RunTime:0.125384s ]
INFO: [ view_filter ] --START--
INFO: Run Behavior\WriteHtmlCacheBehavior [ RunTime:0.000482s ]
INFO: [ view_filter ] --END-- [ RunTime:0.000900s ]

[ 2015-12-02T23:52:17+08:00 ] 127.0.0.1 /test/index.php/Home/Index/index.html
INFO: [ app_init ] --START--
INFO: Run Behavior\BuildLiteBehavior [ RunTime:0.000021s ]
INFO: [ app_init ] --END-- [ RunTime:0.000124s ]
INFO: [ app_begin ] --START--
INFO: Run Behavior\ReadHtmlCacheBehavior [ RunTime:0.000405s ]
INFO: [ app_begin ] --END-- [ RunTime:0.000512s ]
INFO: [ view_parse ] --START--
NOTIC: [2] file_get_contents(./Application/Home/View/__PUBLIC__/javascripts/admin/functions.js.html) [<a href='function.file-get-contents'>function.file-get-contents</a>]: failed to open stream: No such file or directory D:\wamp\www\test\ThinkPHP\Library\Think\Template.class.php 第 696 行.
INFO: [ template_filter ] --START--
INFO: Run Behavior\ContentReplaceBehavior [ RunTime:0.000062s ]
INFO: [ template_filter ] --END-- [ RunTime:0.000156s ]
INFO: Run Behavior\ParseTemplateBehavior [ RunTime:0.065471s ]
INFO: [ view_parse ] --END-- [ RunTime:0.065575s ]
INFO: [ view_filter ] --START--
INFO: Run Behavior\WriteHtmlCacheBehavior [ RunTime:0.000211s ]
INFO: [ view_filter ] --END-- [ RunTime:0.000288s ]
INFO: [ app_end ] --START--
INFO: Run Behavior\ShowPageTraceBehavior [ RunTime:0.000462s ]
INFO: [ app_end ] --END-- [ RunTime:0.000559s ]

[ 2015-12-02T23:52:23+08:00 ] 127.0.0.1 /test/index.php/Home/Index/login.html
INFO: [ app_init ] --START--
INFO: Run Behavior\BuildLiteBehavior [ RunTime:0.000018s ]
INFO: [ app_init ] --END-- [ RunTime:0.000111s ]
INFO: [ app_begin ] --START--
INFO: Run Behavior\ReadHtmlCacheBehavior [ RunTime:0.000923s ]
INFO: [ app_begin ] --END-- [ RunTime:0.001060s ]
SQL: SHOW COLUMNS FROM `user_admin` [ RunTime:0.0429s ]
SQL: SELECT COUNT(*) AS tp_count FROM `user_admin` WHERE ( email='741699287@qq.com' ) LIMIT 1   [ RunTime:0.0004s ]
SQL: SELECT * FROM `user_admin` WHERE `email` = '741699287@qq.com' LIMIT 1   [ RunTime:0.0003s ]
SQL: SELECT COUNT(*) AS tp_count FROM `user_admin` WHERE `email` = '741699287@qq.com' AND `is_active` = 1 LIMIT 1   [ RunTime:0.0002s ]
SQL: UPDATE `user_admin` SET `last_login_at`='2015-12-02 23:52:23' WHERE ( id=0 ) [ RunTime:0.0750s ]

[ 2015-12-02T23:52:25+08:00 ] 127.0.0.1 /test/index.php/Home/Public/index.html
INFO: [ app_init ] --START--
INFO: Run Behavior\BuildLiteBehavior [ RunTime:0.000018s ]
INFO: [ app_init ] --END-- [ RunTime:0.000113s ]
INFO: [ app_begin ] --START--
INFO: Run Behavior\ReadHtmlCacheBehavior [ RunTime:0.000655s ]
INFO: [ app_begin ] --END-- [ RunTime:0.000839s ]
NOTIC: [2] Missing argument 2 for Home\Service\CommonService::resultReturn(), called in D:\wamp\www\test\Application\Home\Service\AdminService.class.php on line 158 and defined D:\wamp\www\test\Application\Home\Service\CommonService.class.php 第 60 行.
NOTIC: [8] Undefined variable: data D:\wamp\www\test\Application\Home\Service\CommonService.class.php 第 62 行.
INFO: [ view_parse ] --START--
INFO: [ template_filter ] --START--
INFO: Run Behavior\ContentReplaceBehavior [ RunTime:0.000102s ]
INFO: [ template_filter ] --END-- [ RunTime:0.000206s ]
INFO: Run Behavior\ParseTemplateBehavior [ RunTime:0.012769s ]
INFO: [ view_parse ] --END-- [ RunTime:0.012920s ]
INFO: [ view_filter ] --START--
INFO: Run Behavior\WriteHtmlCacheBehavior [ RunTime:0.000288s ]
INFO: [ view_filter ] --END-- [ RunTime:0.000361s ]
INFO: [ app_end ] --START--
INFO: Run Behavior\ShowPageTraceBehavior [ RunTime:0.000542s ]
INFO: [ app_end ] --END-- [ RunTime:0.000638s ]

[ 2015-12-02T23:52:30+08:00 ] 127.0.0.1 /test/index.php/Home/Public/notice.html
INFO: [ app_init ] --START--
INFO: Run Behavior\BuildLiteBehavior [ RunTime:0.000059s ]
INFO: [ app_init ] --END-- [ RunTime:0.000383s ]
INFO: [ app_begin ] --START--
INFO: Run Behavior\ReadHtmlCacheBehavior [ RunTime:0.000371s ]
INFO: [ app_begin ] --END-- [ RunTime:0.000467s ]
NOTIC: [2] Missing argument 2 for Home\Service\CommonService::resultReturn(), called in D:\wamp\www\test\Application\Home\Service\AdminService.class.php on line 158 and defined D:\wamp\www\test\Application\Home\Service\CommonService.class.php 第 60 行.
NOTIC: [8] Undefined variable: data D:\wamp\www\test\Application\Home\Service\CommonService.class.php 第 62 行.
NOTIC: [8] Undefined variable: admin D:\wamp\www\test\Application\Home\Controller\PublicController.class.php 第 22 行.
INFO: [ view_parse ] --START--
INFO: [ template_filter ] --START--
INFO: Run Behavior\ContentReplaceBehavior [ RunTime:0.000090s ]
INFO: [ template_filter ] --END-- [ RunTime:0.000197s ]
INFO: Run Behavior\ParseTemplateBehavior [ RunTime:0.014105s ]
INFO: [ view_parse ] --END-- [ RunTime:0.014229s ]
INFO: [ view_filter ] --START--
INFO: Run Behavior\WriteHtmlCacheBehavior [ RunTime:0.000243s ]
INFO: [ view_filter ] --END-- [ RunTime:0.000317s ]
INFO: [ app_end ] --START--
INFO: Run Behavior\ShowPageTraceBehavior [ RunTime:0.000530s ]
INFO: [ app_end ] --END-- [ RunTime:0.000607s ]

[ 2015-12-02T23:52:33+08:00 ] 127.0.0.1 /test/index.php/Home/Course/index.html
INFO: [ app_init ] --START--
INFO: Run Behavior\BuildLiteBehavior [ RunTime:0.000020s ]
INFO: [ app_init ] --END-- [ RunTime:0.000116s ]
INFO: [ app_begin ] --START--
INFO: Run Behavior\ReadHtmlCacheBehavior [ RunTime:0.000408s ]
INFO: [ app_begin ] --END-- [ RunTime:0.000509s ]
NOTIC: [2] Missing argument 2 for Home\Service\CommonService::resultReturn(), called in D:\wamp\www\test\Application\Home\Service\AdminService.class.php on line 158 and defined D:\wamp\www\test\Application\Home\Service\CommonService.class.php 第 60 行.
NOTIC: [8] Undefined variable: data D:\wamp\www\test\Application\Home\Service\CommonService.class.php 第 62 行.
INFO: [ view_parse ] --START--
INFO: [ template_filter ] --START--
INFO: Run Behavior\ContentReplaceBehavior [ RunTime:0.000083s ]
INFO: [ template_filter ] --END-- [ RunTime:0.000179s ]
INFO: Run Behavior\ParseTemplateBehavior [ RunTime:0.041855s ]
INFO: [ view_parse ] --END-- [ RunTime:0.041971s ]
INFO: [ view_filter ] --START--
INFO: Run Behavior\WriteHtmlCacheBehavior [ RunTime:0.000275s ]
INFO: [ view_filter ] --END-- [ RunTime:0.000356s ]
INFO: [ app_end ] --START--
INFO: Run Behavior\ShowPageTraceBehavior [ RunTime:0.000499s ]
INFO: [ app_end ] --END-- [ RunTime:0.000587s ]

[ 2015-12-02T23:54:02+08:00 ] 127.0.0.1 /test/index.php/Home/Course/index.html
INFO: [ app_init ] --START--
INFO: Run Behavior\BuildLiteBehavior [ RunTime:0.000020s ]
INFO: [ app_init ] --END-- [ RunTime:0.000120s ]
INFO: [ app_begin ] --START--
INFO: Run Behavior\ReadHtmlCacheBehavior [ RunTime:0.000385s ]
INFO: [ app_begin ] --END-- [ RunTime:0.000485s ]
NOTIC: [2] Missing argument 2 for Home\Service\CommonService::resultReturn(), called in D:\wamp\www\test\Application\Home\Service\AdminService.class.php on line 158 and defined D:\wamp\www\test\Application\Home\Service\CommonService.class.php 第 60 行.
NOTIC: [8] Undefined variable: data D:\wamp\www\test\Application\Home\Service\CommonService.class.php 第 62 行.
INFO: [ view_parse ] --START--
INFO: [ template_filter ] --START--
INFO: Run Behavior\ContentReplaceBehavior [ RunTime:0.000102s ]
INFO: [ template_filter ] --END-- [ RunTime:0.000229s ]
INFO: Run Behavior\ParseTemplateBehavior [ RunTime:0.022857s ]
INFO: [ view_parse ] --END-- [ RunTime:0.023024s ]
INFO: [ view_filter ] --START--
INFO: Run Behavior\WriteHtmlCacheBehavior [ RunTime:0.000527s ]
INFO: [ view_filter ] --END-- [ RunTime:0.000784s ]
INFO: [ app_end ] --START--
INFO: Run Behavior\ShowPageTraceBehavior [ RunTime:0.000834s ]
INFO: [ app_end ] --END-- [ RunTime:0.000955s ]

[ 2015-12-02T23:54:50+08:00 ] 127.0.0.1 /test/index.php/Home/Course/index.html
INFO: [ app_init ] --START--
INFO: Run Behavior\BuildLiteBehavior [ RunTime:0.000020s ]
INFO: [ app_init ] --END-- [ RunTime:0.000123s ]
INFO: [ app_begin ] --START--
INFO: Run Behavior\ReadHtmlCacheBehavior [ RunTime:0.000512s ]
INFO: [ app_begin ] --END-- [ RunTime:0.000621s ]
NOTIC: [2] Missing argument 2 for Home\Service\CommonService::resultReturn(), called in D:\wamp\www\test\Application\Home\Service\AdminService.class.php on line 158 and defined D:\wamp\www\test\Application\Home\Service\CommonService.class.php 第 60 行.
NOTIC: [8] Undefined variable: data D:\wamp\www\test\Application\Home\Service\CommonService.class.php 第 62 行.
INFO: [ view_parse ] --START--
INFO: [ template_filter ] --START--
INFO: Run Behavior\ContentReplaceBehavior [ RunTime:0.000073s ]
INFO: [ template_filter ] --END-- [ RunTime:0.000170s ]
INFO: Run Behavior\ParseTemplateBehavior [ RunTime:0.020457s ]
INFO: [ view_parse ] --END-- [ RunTime:0.020555s ]
INFO: [ view_filter ] --START--
INFO: Run Behavior\WriteHtmlCacheBehavior [ RunTime:0.000290s ]
INFO: [ view_filter ] --END-- [ RunTime:0.000364s ]
INFO: [ app_end ] --START--
INFO: Run Behavior\ShowPageTraceBehavior [ RunTime:0.000551s ]
INFO: [ app_end ] --END-- [ RunTime:0.000627s ]

[ 2015-12-02T23:55:17+08:00 ] 127.0.0.1 /test/index.php/Home/Course/index.html
INFO: [ app_init ] --START--
INFO: Run Behavior\BuildLiteBehavior [ RunTime:0.000019s ]
INFO: [ app_init ] --END-- [ RunTime:0.000107s ]
INFO: [ app_begin ] --START--
INFO: Run Behavior\ReadHtmlCacheBehavior [ RunTime:0.000481s ]
INFO: [ app_begin ] --END-- [ RunTime:0.000601s ]
NOTIC: [2] Missing argument 2 for Home\Service\CommonService::resultReturn(), called in D:\wamp\www\test\Application\Home\Service\AdminService.class.php on line 158 and defined D:\wamp\www\test\Application\Home\Service\CommonService.class.php 第 60 行.
NOTIC: [8] Undefined variable: data D:\wamp\www\test\Application\Home\Service\CommonService.class.php 第 62 行.
INFO: [ view_parse ] --START--
INFO: [ template_filter ] --START--
INFO: Run Behavior\ContentReplaceBehavior [ RunTime:0.000077s ]
INFO: [ template_filter ] --END-- [ RunTime:0.000169s ]
INFO: Run Behavior\ParseTemplateBehavior [ RunTime:0.026210s ]
INFO: [ view_parse ] --END-- [ RunTime:0.026359s ]
INFO: [ view_filter ] --START--
INFO: Run Behavior\WriteHtmlCacheBehavior [ RunTime:0.000357s ]
INFO: [ view_filter ] --END-- [ RunTime:0.000433s ]
INFO: [ app_end ] --START--
INFO: Run Behavior\ShowPageTraceBehavior [ RunTime:0.000546s ]
INFO: [ app_end ] --END-- [ RunTime:0.000621s ]

[ 2015-12-02T23:56:38+08:00 ] 127.0.0.1 /test/index.php/Home/Course/index.html
INFO: [ app_init ] --START--
INFO: Run Behavior\BuildLiteBehavior [ RunTime:0.000020s ]
INFO: [ app_init ] --END-- [ RunTime:0.000124s ]
INFO: [ app_begin ] --START--
INFO: Run Behavior\ReadHtmlCacheBehavior [ RunTime:0.000434s ]
INFO: [ app_begin ] --END-- [ RunTime:0.000540s ]
NOTIC: [2] Missing argument 2 for Home\Service\CommonService::resultReturn(), called in D:\wamp\www\test\Application\Home\Service\AdminService.class.php on line 158 and defined D:\wamp\www\test\Application\Home\Service\CommonService.class.php 第 60 行.
NOTIC: [8] Undefined variable: data D:\wamp\www\test\Application\Home\Service\CommonService.class.php 第 62 行.
INFO: [ view_parse ] --START--
INFO: [ template_filter ] --START--
INFO: Run Behavior\ContentReplaceBehavior [ RunTime:0.000086s ]
INFO: [ template_filter ] --END-- [ RunTime:0.000195s ]
INFO: Run Behavior\ParseTemplateBehavior [ RunTime:0.020022s ]
INFO: [ view_parse ] --END-- [ RunTime:0.020127s ]
INFO: [ view_filter ] --START--
INFO: Run Behavior\WriteHtmlCacheBehavior [ RunTime:0.000342s ]
INFO: [ view_filter ] --END-- [ RunTime:0.000438s ]
INFO: [ app_end ] --START--
INFO: Run Behavior\ShowPageTraceBehavior [ RunTime:0.000732s ]
INFO: [ app_end ] --END-- [ RunTime:0.000805s ]

[ 2015-12-02T23:56:42+08:00 ] 127.0.0.1 /test/index.php/Home/Course/index.html
INFO: [ app_init ] --START--
INFO: Run Behavior\BuildLiteBehavior [ RunTime:0.000023s ]
INFO: [ app_init ] --END-- [ RunTime:0.000146s ]
INFO: [ app_begin ] --START--
INFO: Run Behavior\ReadHtmlCacheBehavior [ RunTime:0.000458s ]
INFO: [ app_begin ] --END-- [ RunTime:0.000558s ]
NOTIC: [2] Missing argument 2 for Home\Service\CommonService::resultReturn(), called in D:\wamp\www\test\Application\Home\Service\AdminService.class.php on line 158 and defined D:\wamp\www\test\Application\Home\Service\CommonService.class.php 第 60 行.
NOTIC: [8] Undefined variable: data D:\wamp\www\test\Application\Home\Service\CommonService.class.php 第 62 行.
INFO: [ view_parse ] --START--
INFO: [ template_filter ] --START--
INFO: Run Behavior\ContentReplaceBehavior [ RunTime:0.000086s ]
INFO: [ template_filter ] --END-- [ RunTime:0.000193s ]
INFO: Run Behavior\ParseTemplateBehavior [ RunTime:0.012895s ]
INFO: [ view_parse ] --END-- [ RunTime:0.013006s ]
INFO: [ view_filter ] --START--
INFO: Run Behavior\WriteHtmlCacheBehavior [ RunTime:0.000321s ]
INFO: [ view_filter ] --END-- [ RunTime:0.000396s ]
INFO: [ app_end ] --START--
INFO: Run Behavior\ShowPageTraceBehavior [ RunTime:0.000535s ]
INFO: [ app_end ] --END-- [ RunTime:0.000612s ]

[ 2015-12-02T23:56:51+08:00 ] 127.0.0.1 /test/index.php/Home/Course/index.html
INFO: [ app_init ] --START--
INFO: Run Behavior\BuildLiteBehavior [ RunTime:0.000018s ]
INFO: [ app_init ] --END-- [ RunTime:0.000103s ]
INFO: [ app_begin ] --START--
INFO: Run Behavior\ReadHtmlCacheBehavior [ RunTime:0.000364s ]
INFO: [ app_begin ] --END-- [ RunTime:0.000455s ]
NOTIC: [2] Missing argument 2 for Home\Service\CommonService::resultReturn(), called in D:\wamp\www\test\Application\Home\Service\AdminService.class.php on line 158 and defined D:\wamp\www\test\Application\Home\Service\CommonService.class.php 第 60 行.
NOTIC: [8] Undefined variable: data D:\wamp\www\test\Application\Home\Service\CommonService.class.php 第 62 行.
INFO: [ view_parse ] --START--
INFO: [ template_filter ] --START--
INFO: Run Behavior\ContentReplaceBehavior [ RunTime:0.000082s ]
INFO: [ template_filter ] --END-- [ RunTime:0.000175s ]
INFO: Run Behavior\ParseTemplateBehavior [ RunTime:0.019641s ]
INFO: [ view_parse ] --END-- [ RunTime:0.019739s ]
INFO: [ view_filter ] --START--
INFO: Run Behavior\WriteHtmlCacheBehavior [ RunTime:0.000324s ]
INFO: [ view_filter ] --END-- [ RunTime:0.000410s ]
INFO: [ app_end ] --START--
INFO: Run Behavior\ShowPageTraceBehavior [ RunTime:0.000490s ]
INFO: [ app_end ] --END-- [ RunTime:0.000567s ]

