[ 2015-11-27T19:54:16+08:00 ] 127.0.0.1 /test/
INFO: [ app_init ] --START--
INFO: Run Behavior\BuildLiteBehavior [ RunTime:0.000024s ]
INFO: [ app_init ] --END-- [ RunTime:0.008999s ]
INFO: [ app_begin ] --START--
INFO: Run Behavior\ReadHtmlCacheBehavior [ RunTime:0.005774s ]
INFO: [ app_begin ] --END-- [ RunTime:0.005884s ]
INFO: [ view_parse ] --START--
INFO: [ template_filter ] --START--
INFO: Run Behavior\ContentReplaceBehavior [ RunTime:0.000058s ]
INFO: [ template_filter ] --END-- [ RunTime:0.000151s ]
INFO: Run Behavior\ParseTemplateBehavior [ RunTime:0.059519s ]
INFO: [ view_parse ] --END-- [ RunTime:0.059625s ]
INFO: [ view_filter ] --START--
INFO: Run Behavior\WriteHtmlCacheBehavior [ RunTime:0.011108s ]
INFO: [ view_filter ] --END-- [ RunTime:0.011209s ]
INFO: [ app_end ] --START--
INFO: Run Behavior\ShowPageTraceBehavior [ RunTime:0.016169s ]
INFO: [ app_end ] --END-- [ RunTime:0.016271s ]

[ 2015-11-27T19:54:35+08:00 ] 127.0.0.1 /test/index.php/Home/Index/login.html
INFO: [ app_init ] --START--
INFO: Run Behavior\BuildLiteBehavior [ RunTime:0.000017s ]
INFO: [ app_init ] --END-- [ RunTime:0.000328s ]
INFO: [ app_begin ] --START--
INFO: Run Behavior\ReadHtmlCacheBehavior [ RunTime:0.000555s ]
INFO: [ app_begin ] --END-- [ RunTime:0.000671s ]
SQL: SHOW COLUMNS FROM `user_admin` [ RunTime:0.0487s ]
SQL: SELECT COUNT(*) AS tp_count FROM `user_admin` WHERE ( email='741699287@qq.com' ) LIMIT 1   [ RunTime:0.0004s ]
SQL: SELECT * FROM `user_admin` WHERE `email` = '741699287@qq.com' LIMIT 1   [ RunTime:0.0002s ]

[ 2015-11-27T19:54:37+08:00 ] 127.0.0.1 /test/index.php/Home/Index/index.html
INFO: [ app_init ] --START--
INFO: Run Behavior\BuildLiteBehavior [ RunTime:0.000019s ]
INFO: [ app_init ] --END-- [ RunTime:0.000314s ]
INFO: [ app_begin ] --START--
INFO: Run Behavior\ReadHtmlCacheBehavior [ RunTime:0.000372s ]
INFO: [ app_begin ] --END-- [ RunTime:0.000472s ]
INFO: [ view_parse ] --START--
INFO: [ template_filter ] --START--
INFO: Run Behavior\ContentReplaceBehavior [ RunTime:0.000051s ]
INFO: [ template_filter ] --END-- [ RunTime:0.000124s ]
INFO: Run Behavior\ParseTemplateBehavior [ RunTime:0.005788s ]
INFO: [ view_parse ] --END-- [ RunTime:0.005898s ]
INFO: [ view_filter ] --START--
INFO: Run Behavior\WriteHtmlCacheBehavior [ RunTime:0.000530s ]
INFO: [ view_filter ] --END-- [ RunTime:0.000704s ]
INFO: [ app_end ] --START--
INFO: Run Behavior\ShowPageTraceBehavior [ RunTime:0.000504s ]
INFO: [ app_end ] --END-- [ RunTime:0.000607s ]

[ 2015-11-27T19:54:44+08:00 ] 127.0.0.1 /test/index.php/Home/Index/login.html
INFO: [ app_init ] --START--
INFO: Run Behavior\BuildLiteBehavior [ RunTime:0.000018s ]
INFO: [ app_init ] --END-- [ RunTime:0.000310s ]
INFO: [ app_begin ] --START--
INFO: Run Behavior\ReadHtmlCacheBehavior [ RunTime:0.000361s ]
INFO: [ app_begin ] --END-- [ RunTime:0.000441s ]
SQL: SHOW COLUMNS FROM `user_admin` [ RunTime:0.0104s ]
SQL: SELECT COUNT(*) AS tp_count FROM `user_admin` WHERE ( email='741699287@qq.com' ) LIMIT 1   [ RunTime:0.0003s ]
SQL: SELECT * FROM `user_admin` WHERE `email` = '741699287@qq.com' LIMIT 1   [ RunTime:0.0002s ]

[ 2015-11-27T19:54:46+08:00 ] 127.0.0.1 /test/index.php/Home/Index/index.html
INFO: [ app_init ] --START--
INFO: Run Behavior\BuildLiteBehavior [ RunTime:0.000020s ]
INFO: [ app_init ] --END-- [ RunTime:0.000340s ]
INFO: [ app_begin ] --START--
INFO: Run Behavior\ReadHtmlCacheBehavior [ RunTime:0.000405s ]
INFO: [ app_begin ] --END-- [ RunTime:0.000515s ]
INFO: [ view_parse ] --START--
INFO: [ template_filter ] --START--
INFO: Run Behavior\ContentReplaceBehavior [ RunTime:0.000058s ]
INFO: [ template_filter ] --END-- [ RunTime:0.000147s ]
INFO: Run Behavior\ParseTemplateBehavior [ RunTime:0.006408s ]
INFO: [ view_parse ] --END-- [ RunTime:0.006491s ]
INFO: [ view_filter ] --START--
INFO: Run Behavior\WriteHtmlCacheBehavior [ RunTime:0.000195s ]
INFO: [ view_filter ] --END-- [ RunTime:0.000269s ]
INFO: [ app_end ] --START--
INFO: Run Behavior\ShowPageTraceBehavior [ RunTime:0.000375s ]
INFO: [ app_end ] --END-- [ RunTime:0.000452s ]

[ 2015-11-27T19:54:55+08:00 ] 127.0.0.1 /test/index.php/Home/Index/login.html
INFO: [ app_init ] --START--
INFO: Run Behavior\BuildLiteBehavior [ RunTime:0.000020s ]
INFO: [ app_init ] --END-- [ RunTime:0.000376s ]
INFO: [ app_begin ] --START--
INFO: Run Behavior\ReadHtmlCacheBehavior [ RunTime:0.000584s ]
INFO: [ app_begin ] --END-- [ RunTime:0.000747s ]
SQL: SHOW COLUMNS FROM `user_admin` [ RunTime:0.0107s ]
SQL: SELECT COUNT(*) AS tp_count FROM `user_admin` WHERE ( email='741699287@qq.com' ) LIMIT 1   [ RunTime:0.0002s ]
SQL: SELECT * FROM `user_admin` WHERE `email` = '741699287@qq.com' LIMIT 1   [ RunTime:0.0001s ]

[ 2015-11-27T19:54:58+08:00 ] 127.0.0.1 /test/index.php/Home/Index/index.html
INFO: [ app_init ] --START--
INFO: Run Behavior\BuildLiteBehavior [ RunTime:0.000020s ]
INFO: [ app_init ] --END-- [ RunTime:0.000400s ]
INFO: [ app_begin ] --START--
INFO: Run Behavior\ReadHtmlCacheBehavior [ RunTime:0.000575s ]
INFO: [ app_begin ] --END-- [ RunTime:0.000741s ]
INFO: [ view_parse ] --START--
INFO: [ template_filter ] --START--
INFO: Run Behavior\ContentReplaceBehavior [ RunTime:0.000092s ]
INFO: [ template_filter ] --END-- [ RunTime:0.000264s ]
INFO: Run Behavior\ParseTemplateBehavior [ RunTime:0.011968s ]
INFO: [ view_parse ] --END-- [ RunTime:0.012116s ]
INFO: [ view_filter ] --START--
INFO: Run Behavior\WriteHtmlCacheBehavior [ RunTime:0.000217s ]
INFO: [ view_filter ] --END-- [ RunTime:0.000290s ]
INFO: [ app_end ] --START--
INFO: Run Behavior\ShowPageTraceBehavior [ RunTime:0.000750s ]
INFO: [ app_end ] --END-- [ RunTime:0.000831s ]

[ 2015-11-27T19:55:49+08:00 ] 127.0.0.1 /test/index.php/Home/Index/login.html
INFO: [ app_init ] --START--
INFO: Run Behavior\BuildLiteBehavior [ RunTime:0.000023s ]
INFO: [ app_init ] --END-- [ RunTime:0.000414s ]
INFO: [ app_begin ] --START--
INFO: Run Behavior\ReadHtmlCacheBehavior [ RunTime:0.000465s ]
INFO: [ app_begin ] --END-- [ RunTime:0.000564s ]
SQL: SHOW COLUMNS FROM `user_admin` [ RunTime:0.0104s ]
SQL: SELECT COUNT(*) AS tp_count FROM `user_admin` WHERE ( email='741699287@qq.com' ) LIMIT 1   [ RunTime:0.0004s ]
SQL: SELECT * FROM `user_admin` WHERE `email` = '741699287@qq.com' LIMIT 1   [ RunTime:0.0002s ]
SQL: SELECT COUNT(*) AS tp_count FROM `user_admin` WHERE `email` = '741699287@qq.com' LIMIT 1   [ RunTime:0.0002s ]
SQL: UPDATE `user_admin` SET `last_login_at`='2015-11-27 19:55:49' WHERE ( id=1 ) [ RunTime:0.1030s ]

[ 2015-11-27T19:55:52+08:00 ] 127.0.0.1 /test/index.php/Home/Public/index.html
INFO: [ app_init ] --START--
INFO: Run Behavior\BuildLiteBehavior [ RunTime:0.000020s ]
INFO: [ app_init ] --END-- [ RunTime:0.000354s ]
INFO: [ app_begin ] --START--
INFO: Run Behavior\ReadHtmlCacheBehavior [ RunTime:0.000431s ]
INFO: [ app_begin ] --END-- [ RunTime:0.000541s ]
NOTIC: [2] Invalid argument supplied for foreach() D:\wamp\www\test\Application\Home\Controller\CommonController.class.php 第 180 行.
NOTIC: [2] Invalid argument supplied for foreach() D:\wamp\www\test\Application\Home\Controller\CommonController.class.php 第 187 行.
INFO: [ view_parse ] --START--
INFO: [ template_filter ] --START--
INFO: Run Behavior\ContentReplaceBehavior [ RunTime:0.000084s ]
INFO: [ template_filter ] --END-- [ RunTime:0.000173s ]
NOTIC: [8] Undefined variable: breadcrumbs D:\wamp\www\test\Application\Runtime\Cache\Home\97047e950838a1c3c802830d605e5cf4.php 第 69 行.
INFO: Run Behavior\ParseTemplateBehavior [ RunTime:0.047369s ]
INFO: [ view_parse ] --END-- [ RunTime:0.047456s ]
INFO: [ view_filter ] --START--
INFO: Run Behavior\WriteHtmlCacheBehavior [ RunTime:0.000217s ]
INFO: [ view_filter ] --END-- [ RunTime:0.000290s ]
INFO: [ app_end ] --START--
INFO: Run Behavior\ShowPageTraceBehavior [ RunTime:0.000376s ]
INFO: [ app_end ] --END-- [ RunTime:0.000453s ]

[ 2015-11-27T19:59:10+08:00 ] 127.0.0.1 /test/index.php/Home/Public/index.html
INFO: [ app_init ] --START--
INFO: Run Behavior\BuildLiteBehavior [ RunTime:0.000018s ]
INFO: [ app_init ] --END-- [ RunTime:0.000337s ]
INFO: [ app_begin ] --START--
INFO: Run Behavior\ReadHtmlCacheBehavior [ RunTime:0.000451s ]
INFO: [ app_begin ] --END-- [ RunTime:0.000545s ]
NOTIC: [2] Invalid argument supplied for foreach() D:\wamp\www\test\Application\Home\Controller\CommonController.class.php 第 181 行.
NOTIC: [2] Invalid argument supplied for foreach() D:\wamp\www\test\Application\Home\Controller\CommonController.class.php 第 188 行.
INFO: [ view_parse ] --START--
INFO: [ template_filter ] --START--
INFO: Run Behavior\ContentReplaceBehavior [ RunTime:0.000097s ]
INFO: [ template_filter ] --END-- [ RunTime:0.000184s ]
NOTIC: [8] Undefined variable: breadcrumbs D:\wamp\www\test\Application\Runtime\Cache\Home\97047e950838a1c3c802830d605e5cf4.php 第 69 行.
INFO: Run Behavior\ParseTemplateBehavior [ RunTime:0.011319s ]
INFO: [ view_parse ] --END-- [ RunTime:0.011402s ]
INFO: [ view_filter ] --START--
INFO: Run Behavior\WriteHtmlCacheBehavior [ RunTime:0.000278s ]
INFO: [ view_filter ] --END-- [ RunTime:0.000352s ]
INFO: [ app_end ] --START--
INFO: Run Behavior\ShowPageTraceBehavior [ RunTime:0.000447s ]
INFO: [ app_end ] --END-- [ RunTime:0.000523s ]

[ 2015-11-27T20:05:44+08:00 ] 127.0.0.1 /test/index.php/Home/Public/index.html
INFO: [ app_init ] --START--
INFO: Run Behavior\BuildLiteBehavior [ RunTime:0.000018s ]
INFO: [ app_init ] --END-- [ RunTime:0.000377s ]
INFO: [ app_begin ] --START--
INFO: Run Behavior\ReadHtmlCacheBehavior [ RunTime:0.000539s ]
INFO: [ app_begin ] --END-- [ RunTime:0.000624s ]
NOTIC: [2] Invalid argument supplied for foreach() D:\wamp\www\test\Application\Home\Controller\CommonController.class.php 第 181 行.
NOTIC: [2] Invalid argument supplied for foreach() D:\wamp\www\test\Application\Home\Controller\CommonController.class.php 第 188 行.
INFO: [ view_parse ] --START--
INFO: [ template_filter ] --START--
INFO: Run Behavior\ContentReplaceBehavior [ RunTime:0.000085s ]
INFO: [ template_filter ] --END-- [ RunTime:0.000210s ]
NOTIC: [8] Undefined variable: breadcrumbs D:\wamp\www\test\Application\Runtime\Cache\Home\97047e950838a1c3c802830d605e5cf4.php 第 69 行.
INFO: Run Behavior\ParseTemplateBehavior [ RunTime:0.013240s ]
INFO: [ view_parse ] --END-- [ RunTime:0.013362s ]
INFO: [ view_filter ] --START--
INFO: Run Behavior\WriteHtmlCacheBehavior [ RunTime:0.000403s ]
INFO: [ view_filter ] --END-- [ RunTime:0.000478s ]
INFO: [ app_end ] --START--
INFO: Run Behavior\ShowPageTraceBehavior [ RunTime:0.000556s ]
INFO: [ app_end ] --END-- [ RunTime:0.000633s ]

[ 2015-11-27T20:05:47+08:00 ] 127.0.0.1 /test/index.php/Home/Public/index.html
INFO: [ app_init ] --START--
INFO: Run Behavior\BuildLiteBehavior [ RunTime:0.000021s ]
INFO: [ app_init ] --END-- [ RunTime:0.000378s ]
INFO: [ app_begin ] --START--
INFO: Run Behavior\ReadHtmlCacheBehavior [ RunTime:0.000555s ]
INFO: [ app_begin ] --END-- [ RunTime:0.000635s ]
NOTIC: [2] Invalid argument supplied for foreach() D:\wamp\www\test\Application\Home\Controller\CommonController.class.php 第 181 行.
NOTIC: [2] Invalid argument supplied for foreach() D:\wamp\www\test\Application\Home\Controller\CommonController.class.php 第 188 行.
INFO: [ view_parse ] --START--
INFO: [ template_filter ] --START--
INFO: Run Behavior\ContentReplaceBehavior [ RunTime:0.000089s ]
INFO: [ template_filter ] --END-- [ RunTime:0.000175s ]
NOTIC: [8] Undefined variable: breadcrumbs D:\wamp\www\test\Application\Runtime\Cache\Home\97047e950838a1c3c802830d605e5cf4.php 第 69 行.
INFO: Run Behavior\ParseTemplateBehavior [ RunTime:0.011931s ]
INFO: [ view_parse ] --END-- [ RunTime:0.012042s ]
INFO: [ view_filter ] --START--
INFO: Run Behavior\WriteHtmlCacheBehavior [ RunTime:0.000380s ]
INFO: [ view_filter ] --END-- [ RunTime:0.000454s ]
INFO: [ app_end ] --START--
INFO: Run Behavior\ShowPageTraceBehavior [ RunTime:0.000769s ]
INFO: [ app_end ] --END-- [ RunTime:0.000870s ]

[ 2015-11-27T20:08:22+08:00 ] 127.0.0.1 /test/index.php/Home/Public/index.html
INFO: [ app_init ] --START--
INFO: Run Behavior\BuildLiteBehavior [ RunTime:0.000021s ]
INFO: [ app_init ] --END-- [ RunTime:0.000398s ]
INFO: [ app_begin ] --START--
INFO: Run Behavior\ReadHtmlCacheBehavior [ RunTime:0.000514s ]
INFO: [ app_begin ] --END-- [ RunTime:0.000617s ]
NOTIC: [2] Invalid argument supplied for foreach() D:\wamp\www\test\Application\Home\Controller\CommonController.class.php 第 181 行.
NOTIC: [2] Invalid argument supplied for foreach() D:\wamp\www\test\Application\Home\Controller\CommonController.class.php 第 188 行.
INFO: [ view_parse ] --START--
INFO: [ template_filter ] --START--
INFO: Run Behavior\ContentReplaceBehavior [ RunTime:0.000074s ]
INFO: [ template_filter ] --END-- [ RunTime:0.000195s ]
NOTIC: [8] Undefined variable: breadcrumbs D:\wamp\www\test\Application\Runtime\Cache\Home\97047e950838a1c3c802830d605e5cf4.php 第 69 行.
INFO: Run Behavior\ParseTemplateBehavior [ RunTime:0.010408s ]
INFO: [ view_parse ] --END-- [ RunTime:0.010490s ]
INFO: [ view_filter ] --START--
INFO: Run Behavior\WriteHtmlCacheBehavior [ RunTime:0.000306s ]
INFO: [ view_filter ] --END-- [ RunTime:0.000380s ]
INFO: [ app_end ] --START--
INFO: Run Behavior\ShowPageTraceBehavior [ RunTime:0.000652s ]
INFO: [ app_end ] --END-- [ RunTime:0.000729s ]

[ 2015-11-27T20:08:24+08:00 ] 127.0.0.1 /test/index.php/Home/Public/index.html
INFO: [ app_init ] --START--
INFO: Run Behavior\BuildLiteBehavior [ RunTime:0.000033s ]
INFO: [ app_init ] --END-- [ RunTime:0.000502s ]
INFO: [ app_begin ] --START--
INFO: Run Behavior\ReadHtmlCacheBehavior [ RunTime:0.000649s ]
INFO: [ app_begin ] --END-- [ RunTime:0.000765s ]
NOTIC: [2] Invalid argument supplied for foreach() D:\wamp\www\test\Application\Home\Controller\CommonController.class.php 第 181 行.
NOTIC: [2] Invalid argument supplied for foreach() D:\wamp\www\test\Application\Home\Controller\CommonController.class.php 第 188 行.
INFO: [ view_parse ] --START--
INFO: [ template_filter ] --START--
INFO: Run Behavior\ContentReplaceBehavior [ RunTime:0.000078s ]
INFO: [ template_filter ] --END-- [ RunTime:0.000165s ]
NOTIC: [8] Undefined variable: breadcrumbs D:\wamp\www\test\Application\Runtime\Cache\Home\97047e950838a1c3c802830d605e5cf4.php 第 69 行.
INFO: Run Behavior\ParseTemplateBehavior [ RunTime:0.010241s ]
INFO: [ view_parse ] --END-- [ RunTime:0.010324s ]
INFO: [ view_filter ] --START--
INFO: Run Behavior\WriteHtmlCacheBehavior [ RunTime:0.000220s ]
INFO: [ view_filter ] --END-- [ RunTime:0.000293s ]
INFO: [ app_end ] --START--
INFO: Run Behavior\ShowPageTraceBehavior [ RunTime:0.000375s ]
INFO: [ app_end ] --END-- [ RunTime:0.000451s ]

[ 2015-11-27T20:08:24+08:00 ] 127.0.0.1 /test/index.php/Home/Public/index.html
INFO: [ app_init ] --START--
INFO: Run Behavior\BuildLiteBehavior [ RunTime:0.000030s ]
INFO: [ app_init ] --END-- [ RunTime:0.000778s ]
INFO: [ app_begin ] --START--
INFO: Run Behavior\ReadHtmlCacheBehavior [ RunTime:0.000730s ]
INFO: [ app_begin ] --END-- [ RunTime:0.000854s ]
NOTIC: [2] Invalid argument supplied for foreach() D:\wamp\www\test\Application\Home\Controller\CommonController.class.php 第 181 行.
NOTIC: [2] Invalid argument supplied for foreach() D:\wamp\www\test\Application\Home\Controller\CommonController.class.php 第 188 行.
INFO: [ view_parse ] --START--
INFO: [ template_filter ] --START--
INFO: Run Behavior\ContentReplaceBehavior [ RunTime:0.000075s ]
INFO: [ template_filter ] --END-- [ RunTime:0.000160s ]
NOTIC: [8] Undefined variable: breadcrumbs D:\wamp\www\test\Application\Runtime\Cache\Home\97047e950838a1c3c802830d605e5cf4.php 第 69 行.
INFO: Run Behavior\ParseTemplateBehavior [ RunTime:0.011864s ]
INFO: [ view_parse ] --END-- [ RunTime:0.011957s ]
INFO: [ view_filter ] --START--
INFO: Run Behavior\WriteHtmlCacheBehavior [ RunTime:0.000516s ]
INFO: [ view_filter ] --END-- [ RunTime:0.000619s ]
INFO: [ app_end ] --START--
INFO: Run Behavior\ShowPageTraceBehavior [ RunTime:0.000886s ]
INFO: [ app_end ] --END-- [ RunTime:0.000964s ]

[ 2015-11-27T20:08:25+08:00 ] 127.0.0.1 /test/index.php/Home/Public/index.html
INFO: [ app_init ] --START--
INFO: Run Behavior\BuildLiteBehavior [ RunTime:0.000020s ]
INFO: [ app_init ] --END-- [ RunTime:0.000350s ]
INFO: [ app_begin ] --START--
INFO: Run Behavior\ReadHtmlCacheBehavior [ RunTime:0.000539s ]
INFO: [ app_begin ] --END-- [ RunTime:0.000622s ]
NOTIC: [2] Invalid argument supplied for foreach() D:\wamp\www\test\Application\Home\Controller\CommonController.class.php 第 181 行.
NOTIC: [2] Invalid argument supplied for foreach() D:\wamp\www\test\Application\Home\Controller\CommonController.class.php 第 188 行.
INFO: [ view_parse ] --START--
INFO: [ template_filter ] --START--
INFO: Run Behavior\ContentReplaceBehavior [ RunTime:0.000074s ]
INFO: [ template_filter ] --END-- [ RunTime:0.000156s ]
NOTIC: [8] Undefined variable: breadcrumbs D:\wamp\www\test\Application\Runtime\Cache\Home\97047e950838a1c3c802830d605e5cf4.php 第 69 行.
INFO: Run Behavior\ParseTemplateBehavior [ RunTime:0.011132s ]
INFO: [ view_parse ] --END-- [ RunTime:0.011209s ]
INFO: [ view_filter ] --START--
INFO: Run Behavior\WriteHtmlCacheBehavior [ RunTime:0.000502s ]
INFO: [ view_filter ] --END-- [ RunTime:0.000633s ]
INFO: [ app_end ] --START--
INFO: Run Behavior\ShowPageTraceBehavior [ RunTime:0.000794s ]
INFO: [ app_end ] --END-- [ RunTime:0.000908s ]

[ 2015-11-27T20:08:38+08:00 ] 127.0.0.1 /test/index.php/Home/Public/index.html
INFO: [ app_init ] --START--
INFO: Run Behavior\BuildLiteBehavior [ RunTime:0.000020s ]
INFO: [ app_init ] --END-- [ RunTime:0.000384s ]
INFO: [ app_begin ] --START--
INFO: Run Behavior\ReadHtmlCacheBehavior [ RunTime:0.000556s ]
INFO: [ app_begin ] --END-- [ RunTime:0.000638s ]
NOTIC: [2] Invalid argument supplied for foreach() D:\wamp\www\test\Application\Home\Controller\CommonController.class.php 第 181 行.
NOTIC: [2] Invalid argument supplied for foreach() D:\wamp\www\test\Application\Home\Controller\CommonController.class.php 第 188 行.
INFO: [ view_parse ] --START--
INFO: [ template_filter ] --START--
INFO: Run Behavior\ContentReplaceBehavior [ RunTime:0.000077s ]
INFO: [ template_filter ] --END-- [ RunTime:0.000161s ]
NOTIC: [8] Undefined variable: breadcrumbs D:\wamp\www\test\Application\Runtime\Cache\Home\97047e950838a1c3c802830d605e5cf4.php 第 69 行.
INFO: Run Behavior\ParseTemplateBehavior [ RunTime:0.011660s ]
INFO: [ view_parse ] --END-- [ RunTime:0.011811s ]
INFO: [ view_filter ] --START--
INFO: Run Behavior\WriteHtmlCacheBehavior [ RunTime:0.000415s ]
INFO: [ view_filter ] --END-- [ RunTime:0.000490s ]
INFO: [ app_end ] --START--
INFO: Run Behavior\ShowPageTraceBehavior [ RunTime:0.000638s ]
INFO: [ app_end ] --END-- [ RunTime:0.000727s ]

[ 2015-11-27T20:10:28+08:00 ] 127.0.0.1 /test/index.php/Home/Public/index.html
INFO: [ app_init ] --START--
INFO: Run Behavior\BuildLiteBehavior [ RunTime:0.000032s ]
INFO: [ app_init ] --END-- [ RunTime:0.000427s ]
INFO: [ app_begin ] --START--
INFO: Run Behavior\ReadHtmlCacheBehavior [ RunTime:0.000827s ]
INFO: [ app_begin ] --END-- [ RunTime:0.000976s ]
INFO: [ view_parse ] --START--
INFO: [ template_filter ] --START--
INFO: Run Behavior\ContentReplaceBehavior [ RunTime:0.000145s ]
INFO: [ template_filter ] --END-- [ RunTime:0.000322s ]
NOTIC: [8] Undefined variable: breadcrumbs D:\wamp\www\test\Application\Runtime\Cache\Home\97047e950838a1c3c802830d605e5cf4.php 第 69 行.
INFO: Run Behavior\ParseTemplateBehavior [ RunTime:0.010832s ]
INFO: [ view_parse ] --END-- [ RunTime:0.010933s ]
INFO: [ view_filter ] --START--
INFO: Run Behavior\WriteHtmlCacheBehavior [ RunTime:0.000430s ]
INFO: [ view_filter ] --END-- [ RunTime:0.000509s ]
INFO: [ app_end ] --START--
INFO: Run Behavior\ShowPageTraceBehavior [ RunTime:0.000568s ]
INFO: [ app_end ] --END-- [ RunTime:0.000662s ]

[ 2015-11-27T20:10:37+08:00 ] 127.0.0.1 /test/index.php/Home/Index/index.html
INFO: [ app_init ] --START--
INFO: Run Behavior\BuildLiteBehavior [ RunTime:0.000019s ]
INFO: [ app_init ] --END-- [ RunTime:0.000401s ]
INFO: [ app_begin ] --START--
INFO: Run Behavior\ReadHtmlCacheBehavior [ RunTime:0.000559s ]
INFO: [ app_begin ] --END-- [ RunTime:0.000642s ]
INFO: [ view_parse ] --START--
INFO: [ template_filter ] --START--
INFO: Run Behavior\ContentReplaceBehavior [ RunTime:0.000060s ]
INFO: [ template_filter ] --END-- [ RunTime:0.000153s ]
INFO: Run Behavior\ParseTemplateBehavior [ RunTime:0.011044s ]
INFO: [ view_parse ] --END-- [ RunTime:0.011130s ]
INFO: [ view_filter ] --START--
INFO: Run Behavior\WriteHtmlCacheBehavior [ RunTime:0.000366s ]
INFO: [ view_filter ] --END-- [ RunTime:0.000438s ]
INFO: [ app_end ] --START--
INFO: Run Behavior\ShowPageTraceBehavior [ RunTime:0.000765s ]
INFO: [ app_end ] --END-- [ RunTime:0.000861s ]

[ 2015-11-27T20:10:40+08:00 ] 127.0.0.1 /test/index.php/Home/Index/index.html
INFO: [ app_init ] --START--
INFO: Run Behavior\BuildLiteBehavior [ RunTime:0.000018s ]
INFO: [ app_init ] --END-- [ RunTime:0.000354s ]
INFO: [ app_begin ] --START--
INFO: Run Behavior\ReadHtmlCacheBehavior [ RunTime:0.000504s ]
INFO: [ app_begin ] --END-- [ RunTime:0.000585s ]
INFO: [ view_parse ] --START--
INFO: [ template_filter ] --START--
INFO: Run Behavior\ContentReplaceBehavior [ RunTime:0.000059s ]
INFO: [ template_filter ] --END-- [ RunTime:0.000148s ]
INFO: Run Behavior\ParseTemplateBehavior [ RunTime:0.006834s ]
INFO: [ view_parse ] --END-- [ RunTime:0.006946s ]
INFO: [ view_filter ] --START--
INFO: Run Behavior\WriteHtmlCacheBehavior [ RunTime:0.000345s ]
INFO: [ view_filter ] --END-- [ RunTime:0.000416s ]
INFO: [ app_end ] --START--
INFO: Run Behavior\ShowPageTraceBehavior [ RunTime:0.000523s ]
INFO: [ app_end ] --END-- [ RunTime:0.000598s ]

[ 2015-11-27T20:10:42+08:00 ] 127.0.0.1 /test/index.php/Home/Public/currentsheet.html
INFO: [ app_init ] --START--
INFO: Run Behavior\BuildLiteBehavior [ RunTime:0.000019s ]
INFO: [ app_init ] --END-- [ RunTime:0.000356s ]
INFO: [ app_begin ] --START--
INFO: Run Behavior\ReadHtmlCacheBehavior [ RunTime:0.000508s ]
INFO: [ app_begin ] --END-- [ RunTime:0.000590s ]
INFO: [ view_parse ] --START--
INFO: [ template_filter ] --START--
INFO: Run Behavior\ContentReplaceBehavior [ RunTime:0.000072s ]
INFO: [ template_filter ] --END-- [ RunTime:0.000230s ]
NOTIC: [8] Undefined variable: breadcrumbs D:\wamp\www\test\Application\Runtime\Cache\Home\722d88bc143777d2548ed87189efeec1.php 第 69 行.
INFO: Run Behavior\ParseTemplateBehavior [ RunTime:0.017828s ]
INFO: [ view_parse ] --END-- [ RunTime:0.017915s ]
INFO: [ view_filter ] --START--
INFO: Run Behavior\WriteHtmlCacheBehavior [ RunTime:0.000378s ]
INFO: [ view_filter ] --END-- [ RunTime:0.000452s ]
INFO: [ app_end ] --START--
INFO: Run Behavior\ShowPageTraceBehavior [ RunTime:0.000565s ]
INFO: [ app_end ] --END-- [ RunTime:0.000641s ]

[ 2015-11-27T20:10:45+08:00 ] 127.0.0.1 /test/index.php/Home/Public/currentsheet.html
INFO: [ app_init ] --START--
INFO: Run Behavior\BuildLiteBehavior [ RunTime:0.000019s ]
INFO: [ app_init ] --END-- [ RunTime:0.000468s ]
INFO: [ app_begin ] --START--
INFO: Run Behavior\ReadHtmlCacheBehavior [ RunTime:0.000523s ]
INFO: [ app_begin ] --END-- [ RunTime:0.000609s ]
INFO: [ view_parse ] --START--
INFO: [ template_filter ] --START--
INFO: Run Behavior\ContentReplaceBehavior [ RunTime:0.000066s ]
INFO: [ template_filter ] --END-- [ RunTime:0.000149s ]
NOTIC: [8] Undefined variable: breadcrumbs D:\wamp\www\test\Application\Runtime\Cache\Home\722d88bc143777d2548ed87189efeec1.php 第 69 行.
INFO: Run Behavior\ParseTemplateBehavior [ RunTime:0.010729s ]
INFO: [ view_parse ] --END-- [ RunTime:0.010810s ]
INFO: [ view_filter ] --START--
INFO: Run Behavior\WriteHtmlCacheBehavior [ RunTime:0.000352s ]
INFO: [ view_filter ] --END-- [ RunTime:0.000423s ]
INFO: [ app_end ] --START--
INFO: Run Behavior\ShowPageTraceBehavior [ RunTime:0.000548s ]
INFO: [ app_end ] --END-- [ RunTime:0.000622s ]

[ 2015-11-27T20:16:01+08:00 ] 127.0.0.1 /test/index.php/Home/Index/index.html
INFO: [ app_init ] --START--
INFO: Run Behavior\BuildLiteBehavior [ RunTime:0.000021s ]
INFO: [ app_init ] --END-- [ RunTime:0.000401s ]
INFO: [ app_begin ] --START--
INFO: Run Behavior\ReadHtmlCacheBehavior [ RunTime:0.000575s ]
INFO: [ app_begin ] --END-- [ RunTime:0.000670s ]
INFO: [ view_parse ] --START--
INFO: [ template_filter ] --START--
INFO: Run Behavior\ContentReplaceBehavior [ RunTime:0.000059s ]
INFO: [ template_filter ] --END-- [ RunTime:0.000148s ]
INFO: Run Behavior\ParseTemplateBehavior [ RunTime:0.007050s ]
INFO: [ view_parse ] --END-- [ RunTime:0.007167s ]
INFO: [ view_filter ] --START--
INFO: Run Behavior\WriteHtmlCacheBehavior [ RunTime:0.000506s ]
INFO: [ view_filter ] --END-- [ RunTime:0.000652s ]
INFO: [ app_end ] --START--
INFO: Run Behavior\ShowPageTraceBehavior [ RunTime:0.000622s ]
INFO: [ app_end ] --END-- [ RunTime:0.000737s ]

[ 2015-11-27T20:16:16+08:00 ] 127.0.0.1 /test/index.php/Home/Public/currentsheet.html
INFO: [ app_init ] --START--
INFO: Run Behavior\BuildLiteBehavior [ RunTime:0.000018s ]
INFO: [ app_init ] --END-- [ RunTime:0.000511s ]
INFO: [ app_begin ] --START--
INFO: Run Behavior\ReadHtmlCacheBehavior [ RunTime:0.000684s ]
INFO: [ app_begin ] --END-- [ RunTime:0.000774s ]
INFO: [ view_parse ] --START--
INFO: [ template_filter ] --START--
INFO: Run Behavior\ContentReplaceBehavior [ RunTime:0.000080s ]
INFO: [ template_filter ] --END-- [ RunTime:0.000176s ]
NOTIC: [8] Undefined variable: breadcrumbs D:\wamp\www\test\Application\Runtime\Cache\Home\722d88bc143777d2548ed87189efeec1.php 第 69 行.
INFO: Run Behavior\ParseTemplateBehavior [ RunTime:0.011947s ]
INFO: [ view_parse ] --END-- [ RunTime:0.012048s ]
INFO: [ view_filter ] --START--
INFO: Run Behavior\WriteHtmlCacheBehavior [ RunTime:0.000455s ]
INFO: [ view_filter ] --END-- [ RunTime:0.000535s ]
INFO: [ app_end ] --START--
INFO: Run Behavior\ShowPageTraceBehavior [ RunTime:0.000636s ]
INFO: [ app_end ] --END-- [ RunTime:0.000721s ]

[ 2015-11-27T20:16:18+08:00 ] 127.0.0.1 /test/index.php/Home/Public/index.html
INFO: [ app_init ] --START--
INFO: Run Behavior\BuildLiteBehavior [ RunTime:0.000020s ]
INFO: [ app_init ] --END-- [ RunTime:0.000445s ]
INFO: [ app_begin ] --START--
INFO: Run Behavior\ReadHtmlCacheBehavior [ RunTime:0.000846s ]
INFO: [ app_begin ] --END-- [ RunTime:0.000992s ]
INFO: [ view_parse ] --START--
INFO: [ template_filter ] --START--
INFO: Run Behavior\ContentReplaceBehavior [ RunTime:0.000080s ]
INFO: [ template_filter ] --END-- [ RunTime:0.000175s ]
NOTIC: [8] Undefined variable: breadcrumbs D:\wamp\www\test\Application\Runtime\Cache\Home\97047e950838a1c3c802830d605e5cf4.php 第 69 行.
INFO: Run Behavior\ParseTemplateBehavior [ RunTime:0.012968s ]
INFO: [ view_parse ] --END-- [ RunTime:0.013163s ]
INFO: [ view_filter ] --START--
INFO: Run Behavior\WriteHtmlCacheBehavior [ RunTime:0.000631s ]
INFO: [ view_filter ] --END-- [ RunTime:0.000745s ]
INFO: [ app_end ] --START--
INFO: Run Behavior\ShowPageTraceBehavior [ RunTime:0.001032s ]
INFO: [ app_end ] --END-- [ RunTime:0.001161s ]

[ 2015-11-27T20:16:19+08:00 ] 127.0.0.1 /test/index.php/Home/Public/index.html
INFO: [ app_init ] --START--
INFO: Run Behavior\BuildLiteBehavior [ RunTime:0.000018s ]
INFO: [ app_init ] --END-- [ RunTime:0.000327s ]
INFO: [ app_begin ] --START--
INFO: Run Behavior\ReadHtmlCacheBehavior [ RunTime:0.000517s ]
INFO: [ app_begin ] --END-- [ RunTime:0.000597s ]
INFO: [ view_parse ] --START--
INFO: [ template_filter ] --START--
INFO: Run Behavior\ContentReplaceBehavior [ RunTime:0.000075s ]
INFO: [ template_filter ] --END-- [ RunTime:0.000160s ]
NOTIC: [8] Undefined variable: breadcrumbs D:\wamp\www\test\Application\Runtime\Cache\Home\97047e950838a1c3c802830d605e5cf4.php 第 69 行.
INFO: Run Behavior\ParseTemplateBehavior [ RunTime:0.011932s ]
INFO: [ view_parse ] --END-- [ RunTime:0.012017s ]
INFO: [ view_filter ] --START--
INFO: Run Behavior\WriteHtmlCacheBehavior [ RunTime:0.000381s ]
INFO: [ view_filter ] --END-- [ RunTime:0.000455s ]
INFO: [ app_end ] --START--
INFO: Run Behavior\ShowPageTraceBehavior [ RunTime:0.000615s ]
INFO: [ app_end ] --END-- [ RunTime:0.000697s ]

[ 2015-11-27T20:16:30+08:00 ] 127.0.0.1 /test/index.php/Home/Public/index.html
INFO: [ app_init ] --START--
INFO: Run Behavior\BuildLiteBehavior [ RunTime:0.000019s ]
INFO: [ app_init ] --END-- [ RunTime:0.000395s ]
INFO: [ app_begin ] --START--
INFO: Run Behavior\ReadHtmlCacheBehavior [ RunTime:0.000587s ]
INFO: [ app_begin ] --END-- [ RunTime:0.000678s ]
INFO: [ view_parse ] --START--
INFO: [ template_filter ] --START--
INFO: Run Behavior\ContentReplaceBehavior [ RunTime:0.000087s ]
INFO: [ template_filter ] --END-- [ RunTime:0.000173s ]
NOTIC: [8] Undefined variable: breadcrumbs D:\wamp\www\test\Application\Runtime\Cache\Home\97047e950838a1c3c802830d605e5cf4.php 第 69 行.
INFO: Run Behavior\ParseTemplateBehavior [ RunTime:0.012645s ]
INFO: [ view_parse ] --END-- [ RunTime:0.012766s ]
INFO: [ view_filter ] --START--
INFO: Run Behavior\WriteHtmlCacheBehavior [ RunTime:0.000500s ]
INFO: [ view_filter ] --END-- [ RunTime:0.000574s ]
INFO: [ app_end ] --START--
INFO: Run Behavior\ShowPageTraceBehavior [ RunTime:0.000686s ]
INFO: [ app_end ] --END-- [ RunTime:0.000762s ]

[ 2015-11-27T20:16:33+08:00 ] 127.0.0.1 /test/index.php/Home/Public/index.html
INFO: [ app_init ] --START--
INFO: Run Behavior\BuildLiteBehavior [ RunTime:0.000019s ]
INFO: [ app_init ] --END-- [ RunTime:0.000331s ]
INFO: [ app_begin ] --START--
INFO: Run Behavior\ReadHtmlCacheBehavior [ RunTime:0.000836s ]
INFO: [ app_begin ] --END-- [ RunTime:0.001054s ]
INFO: [ view_parse ] --START--
INFO: [ template_filter ] --START--
INFO: Run Behavior\ContentReplaceBehavior [ RunTime:0.000079s ]
INFO: [ template_filter ] --END-- [ RunTime:0.000168s ]
NOTIC: [8] Undefined variable: breadcrumbs D:\wamp\www\test\Application\Runtime\Cache\Home\97047e950838a1c3c802830d605e5cf4.php 第 69 行.
INFO: Run Behavior\ParseTemplateBehavior [ RunTime:0.012087s ]
INFO: [ view_parse ] --END-- [ RunTime:0.012169s ]
INFO: [ view_filter ] --START--
INFO: Run Behavior\WriteHtmlCacheBehavior [ RunTime:0.000389s ]
INFO: [ view_filter ] --END-- [ RunTime:0.000464s ]
INFO: [ app_end ] --START--
INFO: Run Behavior\ShowPageTraceBehavior [ RunTime:0.000578s ]
INFO: [ app_end ] --END-- [ RunTime:0.000656s ]

[ 2015-11-27T20:16:39+08:00 ] 127.0.0.1 /test/
INFO: [ app_init ] --START--
INFO: Run Behavior\BuildLiteBehavior [ RunTime:0.000019s ]
INFO: [ app_init ] --END-- [ RunTime:0.000369s ]
INFO: [ app_begin ] --START--
INFO: Run Behavior\ReadHtmlCacheBehavior [ RunTime:0.000684s ]
INFO: [ app_begin ] --END-- [ RunTime:0.000814s ]
INFO: [ view_parse ] --START--
INFO: [ template_filter ] --START--
INFO: Run Behavior\ContentReplaceBehavior [ RunTime:0.000061s ]
INFO: [ template_filter ] --END-- [ RunTime:0.000162s ]
INFO: Run Behavior\ParseTemplateBehavior [ RunTime:0.006331s ]
INFO: [ view_parse ] --END-- [ RunTime:0.006415s ]
INFO: [ view_filter ] --START--
INFO: Run Behavior\WriteHtmlCacheBehavior [ RunTime:0.000403s ]
INFO: [ view_filter ] --END-- [ RunTime:0.000475s ]
INFO: [ app_end ] --START--
INFO: Run Behavior\ShowPageTraceBehavior [ RunTime:0.000524s ]
INFO: [ app_end ] --END-- [ RunTime:0.000597s ]

[ 2015-11-27T20:16:51+08:00 ] 127.0.0.1 /test/index.php/Home/Index/login.html
INFO: [ app_init ] --START--
INFO: Run Behavior\BuildLiteBehavior [ RunTime:0.000019s ]
INFO: [ app_init ] --END-- [ RunTime:0.000360s ]
INFO: [ app_begin ] --START--
INFO: Run Behavior\ReadHtmlCacheBehavior [ RunTime:0.000550s ]
INFO: [ app_begin ] --END-- [ RunTime:0.000625s ]
SQL: SHOW COLUMNS FROM `user_admin` [ RunTime:0.0095s ]
SQL: SELECT COUNT(*) AS tp_count FROM `user_admin` WHERE ( email='741699287@qq.com' ) LIMIT 1   [ RunTime:0.0003s ]
SQL: SELECT * FROM `user_admin` WHERE `email` = '741699287@qq.com' LIMIT 1   [ RunTime:0.0002s ]
SQL: SELECT COUNT(*) AS tp_count FROM `user_admin` WHERE `email` = '741699287@qq.com' LIMIT 1   [ RunTime:0.0002s ]
SQL: UPDATE `user_admin` SET `last_login_at`='2015-11-27 20:16:51' WHERE ( id=1 ) [ RunTime:0.0989s ]

[ 2015-11-27T20:16:53+08:00 ] 127.0.0.1 /test/index.php/Home/Public/index.html
INFO: [ app_init ] --START--
INFO: Run Behavior\BuildLiteBehavior [ RunTime:0.000019s ]
INFO: [ app_init ] --END-- [ RunTime:0.000365s ]
INFO: [ app_begin ] --START--
INFO: Run Behavior\ReadHtmlCacheBehavior [ RunTime:0.001232s ]
INFO: [ app_begin ] --END-- [ RunTime:0.001407s ]
INFO: [ view_parse ] --START--
INFO: [ template_filter ] --START--
INFO: Run Behavior\ContentReplaceBehavior [ RunTime:0.000092s ]
INFO: [ template_filter ] --END-- [ RunTime:0.000190s ]
NOTIC: [8] Undefined variable: breadcrumbs D:\wamp\www\test\Application\Runtime\Cache\Home\97047e950838a1c3c802830d605e5cf4.php 第 69 行.
INFO: Run Behavior\ParseTemplateBehavior [ RunTime:0.011420s ]
INFO: [ view_parse ] --END-- [ RunTime:0.011501s ]
INFO: [ view_filter ] --START--
INFO: Run Behavior\WriteHtmlCacheBehavior [ RunTime:0.000379s ]
INFO: [ view_filter ] --END-- [ RunTime:0.000454s ]
INFO: [ app_end ] --START--
INFO: Run Behavior\ShowPageTraceBehavior [ RunTime:0.000540s ]
INFO: [ app_end ] --END-- [ RunTime:0.000639s ]

[ 2015-11-27T20:16:55+08:00 ] 127.0.0.1 /test/index.php/Home/Public/Public.html
INFO: [ app_init ] --START--
INFO: Run Behavior\BuildLiteBehavior [ RunTime:0.000021s ]
INFO: [ app_init ] --END-- [ RunTime:0.000402s ]
INFO: [ app_begin ] --START--
INFO: Run Behavior\ReadHtmlCacheBehavior [ RunTime:0.000571s ]
INFO: [ app_begin ] --END-- [ RunTime:0.000660s ]
INFO: [ view_parse ] --START--
INFO: [ template_filter ] --START--
INFO: Run Behavior\ContentReplaceBehavior [ RunTime:0.000050s ]
INFO: [ template_filter ] --END-- [ RunTime:0.000146s ]
INFO: Run Behavior\ParseTemplateBehavior [ RunTime:0.055747s ]
INFO: [ view_parse ] --END-- [ RunTime:0.055892s ]
INFO: [ view_filter ] --START--
INFO: Run Behavior\WriteHtmlCacheBehavior [ RunTime:0.000365s ]
INFO: [ view_filter ] --END-- [ RunTime:0.000443s ]

[ 2015-11-27T20:17:15+08:00 ] 127.0.0.1 /test/index.php/Home/Public/Public.html
INFO: [ app_init ] --START--
INFO: Run Behavior\BuildLiteBehavior [ RunTime:0.000018s ]
INFO: [ app_init ] --END-- [ RunTime:0.000436s ]
INFO: [ app_begin ] --START--
INFO: Run Behavior\ReadHtmlCacheBehavior [ RunTime:0.000635s ]
INFO: [ app_begin ] --END-- [ RunTime:0.000717s ]
INFO: [ view_parse ] --START--
INFO: [ template_filter ] --START--
INFO: Run Behavior\ContentReplaceBehavior [ RunTime:0.000044s ]
INFO: [ template_filter ] --END-- [ RunTime:0.000119s ]
INFO: Run Behavior\ParseTemplateBehavior [ RunTime:0.006324s ]
INFO: [ view_parse ] --END-- [ RunTime:0.006408s ]
INFO: [ view_filter ] --START--
INFO: Run Behavior\WriteHtmlCacheBehavior [ RunTime:0.000353s ]
INFO: [ view_filter ] --END-- [ RunTime:0.000427s ]

[ 2015-11-27T20:17:19+08:00 ] 127.0.0.1 /test/index.php/Home/Public/index.html
INFO: [ app_init ] --START--
INFO: Run Behavior\BuildLiteBehavior [ RunTime:0.000019s ]
INFO: [ app_init ] --END-- [ RunTime:0.000359s ]
INFO: [ app_begin ] --START--
INFO: Run Behavior\ReadHtmlCacheBehavior [ RunTime:0.000562s ]
INFO: [ app_begin ] --END-- [ RunTime:0.000644s ]
INFO: [ view_parse ] --START--
INFO: [ template_filter ] --START--
INFO: Run Behavior\ContentReplaceBehavior [ RunTime:0.000077s ]
INFO: [ template_filter ] --END-- [ RunTime:0.000159s ]
NOTIC: [8] Undefined variable: breadcrumbs D:\wamp\www\test\Application\Runtime\Cache\Home\97047e950838a1c3c802830d605e5cf4.php 第 69 行.
INFO: Run Behavior\ParseTemplateBehavior [ RunTime:0.010923s ]
INFO: [ view_parse ] --END-- [ RunTime:0.011001s ]
INFO: [ view_filter ] --START--
INFO: Run Behavior\WriteHtmlCacheBehavior [ RunTime:0.000370s ]
INFO: [ view_filter ] --END-- [ RunTime:0.000443s ]
INFO: [ app_end ] --START--
INFO: Run Behavior\ShowPageTraceBehavior [ RunTime:0.000528s ]
INFO: [ app_end ] --END-- [ RunTime:0.000603s ]

[ 2015-11-27T20:17:21+08:00 ] 127.0.0.1 /test/index.php/Home/Public/index.html
INFO: [ app_init ] --START--
INFO: Run Behavior\BuildLiteBehavior [ RunTime:0.000019s ]
INFO: [ app_init ] --END-- [ RunTime:0.000350s ]
INFO: [ app_begin ] --START--
INFO: Run Behavior\ReadHtmlCacheBehavior [ RunTime:0.000612s ]
INFO: [ app_begin ] --END-- [ RunTime:0.000708s ]
INFO: [ view_parse ] --START--
INFO: [ template_filter ] --START--
INFO: Run Behavior\ContentReplaceBehavior [ RunTime:0.000071s ]
INFO: [ template_filter ] --END-- [ RunTime:0.000147s ]
NOTIC: [8] Undefined variable: breadcrumbs D:\wamp\www\test\Application\Runtime\Cache\Home\97047e950838a1c3c802830d605e5cf4.php 第 69 行.
INFO: Run Behavior\ParseTemplateBehavior [ RunTime:0.011322s ]
INFO: [ view_parse ] --END-- [ RunTime:0.011446s ]
INFO: [ view_filter ] --START--
INFO: Run Behavior\WriteHtmlCacheBehavior [ RunTime:0.000483s ]
INFO: [ view_filter ] --END-- [ RunTime:0.000586s ]
INFO: [ app_end ] --START--
INFO: Run Behavior\ShowPageTraceBehavior [ RunTime:0.000684s ]
INFO: [ app_end ] --END-- [ RunTime:0.000810s ]

[ 2015-11-27T20:17:50+08:00 ] 127.0.0.1 /test/index.php/Home/Public/index.html
INFO: [ app_init ] --START--
INFO: Run Behavior\BuildLiteBehavior [ RunTime:0.000019s ]
INFO: [ app_init ] --END-- [ RunTime:0.000368s ]
INFO: [ app_begin ] --START--
INFO: Run Behavior\ReadHtmlCacheBehavior [ RunTime:0.000563s ]
INFO: [ app_begin ] --END-- [ RunTime:0.000702s ]
INFO: [ view_parse ] --START--
INFO: [ template_filter ] --START--
INFO: Run Behavior\ContentReplaceBehavior [ RunTime:0.000075s ]
INFO: [ template_filter ] --END-- [ RunTime:0.000153s ]
NOTIC: [8] Undefined variable: breadcrumbs D:\wamp\www\test\Application\Runtime\Cache\Home\97047e950838a1c3c802830d605e5cf4.php 第 69 行.
INFO: Run Behavior\ParseTemplateBehavior [ RunTime:0.016353s ]
INFO: [ view_parse ] --END-- [ RunTime:0.016482s ]
INFO: [ view_filter ] --START--
INFO: Run Behavior\WriteHtmlCacheBehavior [ RunTime:0.000281s ]
INFO: [ view_filter ] --END-- [ RunTime:0.000355s ]
INFO: [ app_end ] --START--
INFO: Run Behavior\ShowPageTraceBehavior [ RunTime:0.000470s ]
INFO: [ app_end ] --END-- [ RunTime:0.000549s ]

[ 2015-11-27T20:17:55+08:00 ] 127.0.0.1 /test/index.php/Home/Public/index.html
INFO: [ app_init ] --START--
INFO: Run Behavior\BuildLiteBehavior [ RunTime:0.000020s ]
INFO: [ app_init ] --END-- [ RunTime:0.000409s ]
INFO: [ app_begin ] --START--
INFO: Run Behavior\ReadHtmlCacheBehavior [ RunTime:0.000679s ]
INFO: [ app_begin ] --END-- [ RunTime:0.000806s ]
INFO: [ view_parse ] --START--
INFO: [ template_filter ] --START--
INFO: Run Behavior\ContentReplaceBehavior [ RunTime:0.000074s ]
INFO: [ template_filter ] --END-- [ RunTime:0.000154s ]
NOTIC: [8] Undefined variable: breadcrumbs D:\wamp\www\test\Application\Runtime\Cache\Home\97047e950838a1c3c802830d605e5cf4.php 第 69 行.
INFO: Run Behavior\ParseTemplateBehavior [ RunTime:0.017407s ]
INFO: [ view_parse ] --END-- [ RunTime:0.017489s ]
INFO: [ view_filter ] --START--
INFO: Run Behavior\WriteHtmlCacheBehavior [ RunTime:0.000401s ]
INFO: [ view_filter ] --END-- [ RunTime:0.000474s ]
INFO: [ app_end ] --START--
INFO: Run Behavior\ShowPageTraceBehavior [ RunTime:0.000570s ]
INFO: [ app_end ] --END-- [ RunTime:0.000647s ]

[ 2015-11-27T20:19:50+08:00 ] 127.0.0.1 /test/index.php/Home/Public/index.html
INFO: [ app_init ] --START--
INFO: Run Behavior\BuildLiteBehavior [ RunTime:0.000021s ]
INFO: [ app_init ] --END-- [ RunTime:0.000487s ]
INFO: [ app_begin ] --START--
INFO: Run Behavior\ReadHtmlCacheBehavior [ RunTime:0.000664s ]
INFO: [ app_begin ] --END-- [ RunTime:0.000760s ]
INFO: [ view_parse ] --START--
INFO: [ template_filter ] --START--
INFO: Run Behavior\ContentReplaceBehavior [ RunTime:0.000093s ]
INFO: [ template_filter ] --END-- [ RunTime:0.000194s ]
NOTIC: [8] Undefined variable: breadcrumbs D:\wamp\www\test\Application\Runtime\Cache\Home\97047e950838a1c3c802830d605e5cf4.php 第 69 行.
INFO: Run Behavior\ParseTemplateBehavior [ RunTime:0.013228s ]
INFO: [ view_parse ] --END-- [ RunTime:0.013384s ]
INFO: [ view_filter ] --START--
INFO: Run Behavior\WriteHtmlCacheBehavior [ RunTime:0.000468s ]
INFO: [ view_filter ] --END-- [ RunTime:0.000542s ]
INFO: [ app_end ] --START--
INFO: Run Behavior\ShowPageTraceBehavior [ RunTime:0.000552s ]
INFO: [ app_end ] --END-- [ RunTime:0.000631s ]

[ 2015-11-27T20:24:02+08:00 ] 127.0.0.1 /test/index.php/Home/Public/index.html
INFO: [ app_init ] --START--
INFO: Run Behavior\BuildLiteBehavior [ RunTime:0.000019s ]
INFO: [ app_init ] --END-- [ RunTime:0.000446s ]
INFO: [ app_begin ] --START--
INFO: Run Behavior\ReadHtmlCacheBehavior [ RunTime:0.000512s ]
INFO: [ app_begin ] --END-- [ RunTime:0.000612s ]
INFO: [ view_parse ] --START--
INFO: [ template_filter ] --START--
INFO: Run Behavior\ContentReplaceBehavior [ RunTime:0.000078s ]
INFO: [ template_filter ] --END-- [ RunTime:0.000166s ]
NOTIC: [8] Undefined variable: breadcrumbs D:\wamp\www\test\Application\Runtime\Cache\Home\97047e950838a1c3c802830d605e5cf4.php 第 69 行.
INFO: Run Behavior\ParseTemplateBehavior [ RunTime:0.011681s ]
INFO: [ view_parse ] --END-- [ RunTime:0.011759s ]
INFO: [ view_filter ] --START--
INFO: Run Behavior\WriteHtmlCacheBehavior [ RunTime:0.000267s ]
INFO: [ view_filter ] --END-- [ RunTime:0.000340s ]
INFO: [ app_end ] --START--
INFO: Run Behavior\ShowPageTraceBehavior [ RunTime:0.000588s ]
INFO: [ app_end ] --END-- [ RunTime:0.000676s ]

[ 2015-11-27T20:24:13+08:00 ] 127.0.0.1 /test/index.php/Home/Public/index.html
INFO: [ app_init ] --START--
INFO: Run Behavior\BuildLiteBehavior [ RunTime:0.000019s ]
INFO: [ app_init ] --END-- [ RunTime:0.000412s ]
INFO: [ app_begin ] --START--
INFO: Run Behavior\ReadHtmlCacheBehavior [ RunTime:0.000713s ]
INFO: [ app_begin ] --END-- [ RunTime:0.000833s ]
INFO: [ view_parse ] --START--
INFO: [ template_filter ] --START--
INFO: Run Behavior\ContentReplaceBehavior [ RunTime:0.000077s ]
INFO: [ template_filter ] --END-- [ RunTime:0.000158s ]
NOTIC: [8] Undefined variable: breadcrumbs D:\wamp\www\test\Application\Runtime\Cache\Home\97047e950838a1c3c802830d605e5cf4.php 第 69 行.
INFO: Run Behavior\ParseTemplateBehavior [ RunTime:0.013290s ]
INFO: [ view_parse ] --END-- [ RunTime:0.013410s ]
INFO: [ view_filter ] --START--
INFO: Run Behavior\WriteHtmlCacheBehavior [ RunTime:0.000421s ]
INFO: [ view_filter ] --END-- [ RunTime:0.000496s ]
INFO: [ app_end ] --START--
INFO: Run Behavior\ShowPageTraceBehavior [ RunTime:0.000551s ]
INFO: [ app_end ] --END-- [ RunTime:0.000628s ]

[ 2015-11-27T20:24:45+08:00 ] 127.0.0.1 /test/index.php/Home/Public/currentsheet.html
INFO: [ app_init ] --START--
INFO: Run Behavior\BuildLiteBehavior [ RunTime:0.000030s ]
INFO: [ app_init ] --END-- [ RunTime:0.000589s ]
INFO: [ app_begin ] --START--
INFO: Run Behavior\ReadHtmlCacheBehavior [ RunTime:0.000398s ]
INFO: [ app_begin ] --END-- [ RunTime:0.000487s ]
INFO: [ view_parse ] --START--
INFO: [ template_filter ] --START--
INFO: Run Behavior\ContentReplaceBehavior [ RunTime:0.000075s ]
INFO: [ template_filter ] --END-- [ RunTime:0.000171s ]
NOTIC: [8] Undefined variable: breadcrumbs D:\wamp\www\test\Application\Runtime\Cache\Home\722d88bc143777d2548ed87189efeec1.php 第 69 行.
INFO: Run Behavior\ParseTemplateBehavior [ RunTime:0.015180s ]
INFO: [ view_parse ] --END-- [ RunTime:0.015265s ]
INFO: [ view_filter ] --START--
INFO: Run Behavior\WriteHtmlCacheBehavior [ RunTime:0.000241s ]
INFO: [ view_filter ] --END-- [ RunTime:0.000320s ]
INFO: [ app_end ] --START--
INFO: Run Behavior\ShowPageTraceBehavior [ RunTime:0.000431s ]
INFO: [ app_end ] --END-- [ RunTime:0.000515s ]

[ 2015-11-27T20:24:46+08:00 ] 127.0.0.1 /test/index.php/Home/Public/currentsheet.html
INFO: [ app_init ] --START--
INFO: Run Behavior\BuildLiteBehavior [ RunTime:0.000020s ]
INFO: [ app_init ] --END-- [ RunTime:0.000360s ]
INFO: [ app_begin ] --START--
INFO: Run Behavior\ReadHtmlCacheBehavior [ RunTime:0.000440s ]
INFO: [ app_begin ] --END-- [ RunTime:0.000543s ]
INFO: [ view_parse ] --START--
INFO: [ template_filter ] --START--
INFO: Run Behavior\ContentReplaceBehavior [ RunTime:0.000072s ]
INFO: [ template_filter ] --END-- [ RunTime:0.000168s ]
NOTIC: [8] Undefined variable: breadcrumbs D:\wamp\www\test\Application\Runtime\Cache\Home\722d88bc143777d2548ed87189efeec1.php 第 69 行.
INFO: Run Behavior\ParseTemplateBehavior [ RunTime:0.010207s ]
INFO: [ view_parse ] --END-- [ RunTime:0.010296s ]
INFO: [ view_filter ] --START--
INFO: Run Behavior\WriteHtmlCacheBehavior [ RunTime:0.000207s ]
INFO: [ view_filter ] --END-- [ RunTime:0.000279s ]
INFO: [ app_end ] --START--
INFO: Run Behavior\ShowPageTraceBehavior [ RunTime:0.000487s ]
INFO: [ app_end ] --END-- [ RunTime:0.000564s ]

[ 2015-11-27T20:24:46+08:00 ] 127.0.0.1 /test/index.php/Home/Public/currentsheet.html
INFO: [ app_init ] --START--
INFO: Run Behavior\BuildLiteBehavior [ RunTime:0.000018s ]
INFO: [ app_init ] --END-- [ RunTime:0.000410s ]
INFO: [ app_begin ] --START--
INFO: Run Behavior\ReadHtmlCacheBehavior [ RunTime:0.000406s ]
INFO: [ app_begin ] --END-- [ RunTime:0.000495s ]
INFO: [ view_parse ] --START--
INFO: [ template_filter ] --START--
INFO: Run Behavior\ContentReplaceBehavior [ RunTime:0.000071s ]
INFO: [ template_filter ] --END-- [ RunTime:0.000159s ]
NOTIC: [8] Undefined variable: breadcrumbs D:\wamp\www\test\Application\Runtime\Cache\Home\722d88bc143777d2548ed87189efeec1.php 第 69 行.
INFO: Run Behavior\ParseTemplateBehavior [ RunTime:0.010335s ]
INFO: [ view_parse ] --END-- [ RunTime:0.010427s ]
INFO: [ view_filter ] --START--
INFO: Run Behavior\WriteHtmlCacheBehavior [ RunTime:0.000196s ]
INFO: [ view_filter ] --END-- [ RunTime:0.000266s ]
INFO: [ app_end ] --START--
INFO: Run Behavior\ShowPageTraceBehavior [ RunTime:0.000519s ]
INFO: [ app_end ] --END-- [ RunTime:0.000593s ]

[ 2015-11-27T20:24:48+08:00 ] 127.0.0.1 /test/index.php/Home/Public/index.html
INFO: [ app_init ] --START--
INFO: Run Behavior\BuildLiteBehavior [ RunTime:0.000017s ]
INFO: [ app_init ] --END-- [ RunTime:0.000297s ]
INFO: [ app_begin ] --START--
INFO: Run Behavior\ReadHtmlCacheBehavior [ RunTime:0.000383s ]
INFO: [ app_begin ] --END-- [ RunTime:0.000473s ]
INFO: [ view_parse ] --START--
INFO: [ template_filter ] --START--
INFO: Run Behavior\ContentReplaceBehavior [ RunTime:0.000071s ]
INFO: [ template_filter ] --END-- [ RunTime:0.000150s ]
NOTIC: [8] Undefined variable: breadcrumbs D:\wamp\www\test\Application\Runtime\Cache\Home\97047e950838a1c3c802830d605e5cf4.php 第 69 行.
INFO: Run Behavior\ParseTemplateBehavior [ RunTime:0.010589s ]
INFO: [ view_parse ] --END-- [ RunTime:0.010713s ]
INFO: [ view_filter ] --START--
INFO: Run Behavior\WriteHtmlCacheBehavior [ RunTime:0.000201s ]
INFO: [ view_filter ] --END-- [ RunTime:0.000271s ]
INFO: [ app_end ] --START--
INFO: Run Behavior\ShowPageTraceBehavior [ RunTime:0.000501s ]
INFO: [ app_end ] --END-- [ RunTime:0.000577s ]

[ 2015-11-27T20:28:23+08:00 ] 127.0.0.1 /test/index.php/Home/Public/index.html
INFO: [ app_init ] --START--
INFO: Run Behavior\BuildLiteBehavior [ RunTime:0.000020s ]
INFO: [ app_init ] --END-- [ RunTime:0.000448s ]
INFO: [ app_begin ] --START--
INFO: Run Behavior\ReadHtmlCacheBehavior [ RunTime:0.000451s ]
INFO: [ app_begin ] --END-- [ RunTime:0.000548s ]
INFO: [ view_parse ] --START--
INFO: [ template_filter ] --START--
INFO: Run Behavior\ContentReplaceBehavior [ RunTime:0.000078s ]
INFO: [ template_filter ] --END-- [ RunTime:0.000168s ]
NOTIC: [8] Undefined variable: breadcrumbs D:\wamp\www\test\Application\Runtime\Cache\Home\97047e950838a1c3c802830d605e5cf4.php 第 69 行.
INFO: Run Behavior\ParseTemplateBehavior [ RunTime:0.017339s ]
INFO: [ view_parse ] --END-- [ RunTime:0.017457s ]
INFO: [ view_filter ] --START--
INFO: Run Behavior\WriteHtmlCacheBehavior [ RunTime:0.000315s ]
INFO: [ view_filter ] --END-- [ RunTime:0.000391s ]
INFO: [ app_end ] --START--
INFO: Run Behavior\ShowPageTraceBehavior [ RunTime:0.000466s ]
INFO: [ app_end ] --END-- [ RunTime:0.000545s ]

[ 2015-11-27T20:28:25+08:00 ] 127.0.0.1 /test/index.php/Home/Public/index.html
INFO: [ app_init ] --START--
INFO: Run Behavior\BuildLiteBehavior [ RunTime:0.000019s ]
INFO: [ app_init ] --END-- [ RunTime:0.000407s ]
INFO: [ app_begin ] --START--
INFO: Run Behavior\ReadHtmlCacheBehavior [ RunTime:0.000394s ]
INFO: [ app_begin ] --END-- [ RunTime:0.000485s ]
INFO: [ view_parse ] --START--
INFO: [ template_filter ] --START--
INFO: Run Behavior\ContentReplaceBehavior [ RunTime:0.000093s ]
INFO: [ template_filter ] --END-- [ RunTime:0.000178s ]
NOTIC: [8] Undefined variable: breadcrumbs D:\wamp\www\test\Application\Runtime\Cache\Home\97047e950838a1c3c802830d605e5cf4.php 第 69 行.
INFO: Run Behavior\ParseTemplateBehavior [ RunTime:0.011878s ]
INFO: [ view_parse ] --END-- [ RunTime:0.011958s ]
INFO: [ view_filter ] --START--
INFO: Run Behavior\WriteHtmlCacheBehavior [ RunTime:0.000217s ]
INFO: [ view_filter ] --END-- [ RunTime:0.000287s ]
INFO: [ app_end ] --START--
INFO: Run Behavior\ShowPageTraceBehavior [ RunTime:0.000445s ]
INFO: [ app_end ] --END-- [ RunTime:0.000528s ]

[ 2015-11-27T20:28:26+08:00 ] 127.0.0.1 /test/index.php/Home/Public/editPassword.html
INFO: [ app_init ] --START--
INFO: Run Behavior\BuildLiteBehavior [ RunTime:0.000021s ]
INFO: [ app_init ] --END-- [ RunTime:0.000347s ]
INFO: [ app_begin ] --START--
INFO: Run Behavior\ReadHtmlCacheBehavior [ RunTime:0.000435s ]
INFO: [ app_begin ] --END-- [ RunTime:0.000537s ]
INFO: [ view_parse ] --START--
INFO: [ template_filter ] --START--
INFO: Run Behavior\ContentReplaceBehavior [ RunTime:0.000051s ]
INFO: [ template_filter ] --END-- [ RunTime:0.000139s ]
INFO: Run Behavior\ParseTemplateBehavior [ RunTime:0.064066s ]
INFO: [ view_parse ] --END-- [ RunTime:0.064214s ]
INFO: [ view_filter ] --START--
INFO: Run Behavior\WriteHtmlCacheBehavior [ RunTime:0.000214s ]
INFO: [ view_filter ] --END-- [ RunTime:0.000286s ]

[ 2015-11-27T20:30:00+08:00 ] 127.0.0.1 /test/index.php/Home/Public/index.html
INFO: [ app_init ] --START--
INFO: Run Behavior\BuildLiteBehavior [ RunTime:0.000020s ]
INFO: [ app_init ] --END-- [ RunTime:0.000351s ]
INFO: [ app_begin ] --START--
INFO: Run Behavior\ReadHtmlCacheBehavior [ RunTime:0.000580s ]
INFO: [ app_begin ] --END-- [ RunTime:0.000677s ]
INFO: [ view_parse ] --START--
INFO: [ template_filter ] --START--
INFO: Run Behavior\ContentReplaceBehavior [ RunTime:0.000087s ]
INFO: [ template_filter ] --END-- [ RunTime:0.000180s ]
NOTIC: [8] Undefined variable: breadcrumbs D:\wamp\www\test\Application\Runtime\Cache\Home\97047e950838a1c3c802830d605e5cf4.php 第 69 行.
INFO: Run Behavior\ParseTemplateBehavior [ RunTime:0.014575s ]
INFO: [ view_parse ] --END-- [ RunTime:0.014681s ]
INFO: [ view_filter ] --START--
INFO: Run Behavior\WriteHtmlCacheBehavior [ RunTime:0.000423s ]
INFO: [ view_filter ] --END-- [ RunTime:0.000503s ]
INFO: [ app_end ] --START--
INFO: Run Behavior\ShowPageTraceBehavior [ RunTime:0.000643s ]
INFO: [ app_end ] --END-- [ RunTime:0.000736s ]

[ 2015-11-27T20:30:02+08:00 ] 127.0.0.1 /test/index.php/Home/Public/editPassword.html
INFO: [ app_init ] --START--
INFO: Run Behavior\BuildLiteBehavior [ RunTime:0.000051s ]
INFO: [ app_init ] --END-- [ RunTime:0.000637s ]
INFO: [ app_begin ] --START--
INFO: Run Behavior\ReadHtmlCacheBehavior [ RunTime:0.000530s ]
INFO: [ app_begin ] --END-- [ RunTime:0.000618s ]
ERR: 模板不存在:./Application/Home/View/Public/editPassword.html

[ 2015-11-27T20:34:37+08:00 ] 127.0.0.1 /test/index.php/Home/Public/editPassword.html
INFO: [ app_init ] --START--
INFO: Run Behavior\BuildLiteBehavior [ RunTime:0.000019s ]
INFO: [ app_init ] --END-- [ RunTime:0.000414s ]
INFO: [ app_begin ] --START--
INFO: Run Behavior\ReadHtmlCacheBehavior [ RunTime:0.000666s ]
INFO: [ app_begin ] --END-- [ RunTime:0.000750s ]
INFO: [ view_parse ] --START--
INFO: [ template_filter ] --START--
INFO: Run Behavior\ContentReplaceBehavior [ RunTime:0.000077s ]
INFO: [ template_filter ] --END-- [ RunTime:0.000164s ]
NOTIC: [8] Undefined variable: breadcrumbs D:\wamp\www\test\Application\Runtime\Cache\Home\97047e950838a1c3c802830d605e5cf4.php 第 69 行.
INFO: Run Behavior\ParseTemplateBehavior [ RunTime:0.012917s ]
INFO: [ view_parse ] --END-- [ RunTime:0.013036s ]
INFO: [ view_filter ] --START--
INFO: Run Behavior\WriteHtmlCacheBehavior [ RunTime:0.000391s ]
INFO: [ view_filter ] --END-- [ RunTime:0.000465s ]
INFO: [ app_end ] --START--
INFO: Run Behavior\ShowPageTraceBehavior [ RunTime:0.000637s ]
INFO: [ app_end ] --END-- [ RunTime:0.000714s ]

[ 2015-11-27T20:34:40+08:00 ] 127.0.0.1 /test/index.php/Home/Public/index.html
INFO: [ app_init ] --START--
INFO: Run Behavior\BuildLiteBehavior [ RunTime:0.000034s ]
INFO: [ app_init ] --END-- [ RunTime:0.000580s ]
INFO: [ app_begin ] --START--
INFO: Run Behavior\ReadHtmlCacheBehavior [ RunTime:0.000651s ]
INFO: [ app_begin ] --END-- [ RunTime:0.000745s ]
INFO: [ view_parse ] --START--
INFO: [ template_filter ] --START--
INFO: Run Behavior\ContentReplaceBehavior [ RunTime:0.000085s ]
INFO: [ template_filter ] --END-- [ RunTime:0.000180s ]
NOTIC: [8] Undefined variable: breadcrumbs D:\wamp\www\test\Application\Runtime\Cache\Home\97047e950838a1c3c802830d605e5cf4.php 第 69 行.
INFO: Run Behavior\ParseTemplateBehavior [ RunTime:0.011891s ]
INFO: [ view_parse ] --END-- [ RunTime:0.011998s ]
INFO: [ view_filter ] --START--
INFO: Run Behavior\WriteHtmlCacheBehavior [ RunTime:0.000388s ]
INFO: [ view_filter ] --END-- [ RunTime:0.000496s ]
INFO: [ app_end ] --START--
INFO: Run Behavior\ShowPageTraceBehavior [ RunTime:0.000755s ]
INFO: [ app_end ] --END-- [ RunTime:0.000871s ]

[ 2015-11-27T20:34:40+08:00 ] 127.0.0.1 /test/index.php/Home/Public/editPassword.html
INFO: [ app_init ] --START--
INFO: Run Behavior\BuildLiteBehavior [ RunTime:0.000021s ]
INFO: [ app_init ] --END-- [ RunTime:0.000411s ]
INFO: [ app_begin ] --START--
INFO: Run Behavior\ReadHtmlCacheBehavior [ RunTime:0.000649s ]
INFO: [ app_begin ] --END-- [ RunTime:0.000738s ]
INFO: [ view_parse ] --START--
INFO: [ template_filter ] --START--
INFO: Run Behavior\ContentReplaceBehavior [ RunTime:0.000125s ]
INFO: [ template_filter ] --END-- [ RunTime:0.000216s ]
NOTIC: [8] Undefined variable: breadcrumbs D:\wamp\www\test\Application\Runtime\Cache\Home\97047e950838a1c3c802830d605e5cf4.php 第 69 行.
INFO: Run Behavior\ParseTemplateBehavior [ RunTime:0.012126s ]
INFO: [ view_parse ] --END-- [ RunTime:0.012247s ]
INFO: [ view_filter ] --START--
INFO: Run Behavior\WriteHtmlCacheBehavior [ RunTime:0.000422s ]
INFO: [ view_filter ] --END-- [ RunTime:0.000496s ]
INFO: [ app_end ] --START--
INFO: Run Behavior\ShowPageTraceBehavior [ RunTime:0.000721s ]
INFO: [ app_end ] --END-- [ RunTime:0.000809s ]

[ 2015-11-27T20:34:41+08:00 ] 127.0.0.1 /test/index.php/Home/Public/index.html
INFO: [ app_init ] --START--
INFO: Run Behavior\BuildLiteBehavior [ RunTime:0.000020s ]
INFO: [ app_init ] --END-- [ RunTime:0.000383s ]
INFO: [ app_begin ] --START--
INFO: Run Behavior\ReadHtmlCacheBehavior [ RunTime:0.000745s ]
INFO: [ app_begin ] --END-- [ RunTime:0.000864s ]
INFO: [ view_parse ] --START--
INFO: [ template_filter ] --START--
INFO: Run Behavior\ContentReplaceBehavior [ RunTime:0.000079s ]
INFO: [ template_filter ] --END-- [ RunTime:0.000169s ]
NOTIC: [8] Undefined variable: breadcrumbs D:\wamp\www\test\Application\Runtime\Cache\Home\97047e950838a1c3c802830d605e5cf4.php 第 69 行.
INFO: Run Behavior\ParseTemplateBehavior [ RunTime:0.011922s ]
INFO: [ view_parse ] --END-- [ RunTime:0.012036s ]
INFO: [ view_filter ] --START--
INFO: Run Behavior\WriteHtmlCacheBehavior [ RunTime:0.000370s ]
INFO: [ view_filter ] --END-- [ RunTime:0.000443s ]
INFO: [ app_end ] --START--
INFO: Run Behavior\ShowPageTraceBehavior [ RunTime:0.000539s ]
INFO: [ app_end ] --END-- [ RunTime:0.000628s ]

[ 2015-11-27T20:34:41+08:00 ] 127.0.0.1 /test/index.php/Home/Public/editPassword.html
INFO: [ app_init ] --START--
INFO: Run Behavior\BuildLiteBehavior [ RunTime:0.000019s ]
INFO: [ app_init ] --END-- [ RunTime:0.000395s ]
INFO: [ app_begin ] --START--
INFO: Run Behavior\ReadHtmlCacheBehavior [ RunTime:0.000550s ]
INFO: [ app_begin ] --END-- [ RunTime:0.000634s ]
INFO: [ view_parse ] --START--
INFO: [ template_filter ] --START--
INFO: Run Behavior\ContentReplaceBehavior [ RunTime:0.000075s ]
INFO: [ template_filter ] --END-- [ RunTime:0.000187s ]
NOTIC: [8] Undefined variable: breadcrumbs D:\wamp\www\test\Application\Runtime\Cache\Home\97047e950838a1c3c802830d605e5cf4.php 第 69 行.
INFO: Run Behavior\ParseTemplateBehavior [ RunTime:0.011676s ]
INFO: [ view_parse ] --END-- [ RunTime:0.011757s ]
INFO: [ view_filter ] --START--
INFO: Run Behavior\WriteHtmlCacheBehavior [ RunTime:0.000377s ]
INFO: [ view_filter ] --END-- [ RunTime:0.000449s ]
INFO: [ app_end ] --START--
INFO: Run Behavior\ShowPageTraceBehavior [ RunTime:0.000678s ]
INFO: [ app_end ] --END-- [ RunTime:0.000753s ]

[ 2015-11-27T20:34:42+08:00 ] 127.0.0.1 /test/index.php/Home/Public/index.html
INFO: [ app_init ] --START--
INFO: Run Behavior\BuildLiteBehavior [ RunTime:0.000020s ]
INFO: [ app_init ] --END-- [ RunTime:0.000351s ]
INFO: [ app_begin ] --START--
INFO: Run Behavior\ReadHtmlCacheBehavior [ RunTime:0.000538s ]
INFO: [ app_begin ] --END-- [ RunTime:0.000620s ]
INFO: [ view_parse ] --START--
INFO: [ template_filter ] --START--
INFO: Run Behavior\ContentReplaceBehavior [ RunTime:0.000076s ]
INFO: [ template_filter ] --END-- [ RunTime:0.000165s ]
NOTIC: [8] Undefined variable: breadcrumbs D:\wamp\www\test\Application\Runtime\Cache\Home\97047e950838a1c3c802830d605e5cf4.php 第 69 行.
INFO: Run Behavior\ParseTemplateBehavior [ RunTime:0.011038s ]
INFO: [ view_parse ] --END-- [ RunTime:0.011153s ]
INFO: [ view_filter ] --START--
INFO: Run Behavior\WriteHtmlCacheBehavior [ RunTime:0.000425s ]
INFO: [ view_filter ] --END-- [ RunTime:0.000497s ]
INFO: [ app_end ] --START--
INFO: Run Behavior\ShowPageTraceBehavior [ RunTime:0.000520s ]
INFO: [ app_end ] --END-- [ RunTime:0.000646s ]

[ 2015-11-27T20:34:42+08:00 ] 127.0.0.1 /test/index.php/Home/Public/editPassword.html
INFO: [ app_init ] --START--
INFO: Run Behavior\BuildLiteBehavior [ RunTime:0.000018s ]
INFO: [ app_init ] --END-- [ RunTime:0.000338s ]
INFO: [ app_begin ] --START--
INFO: Run Behavior\ReadHtmlCacheBehavior [ RunTime:0.000928s ]
INFO: [ app_begin ] --END-- [ RunTime:0.001077s ]
INFO: [ view_parse ] --START--
INFO: [ template_filter ] --START--
INFO: Run Behavior\ContentReplaceBehavior [ RunTime:0.000092s ]
INFO: [ template_filter ] --END-- [ RunTime:0.000190s ]
NOTIC: [8] Undefined variable: breadcrumbs D:\wamp\www\test\Application\Runtime\Cache\Home\97047e950838a1c3c802830d605e5cf4.php 第 69 行.
INFO: Run Behavior\ParseTemplateBehavior [ RunTime:0.010712s ]
INFO: [ view_parse ] --END-- [ RunTime:0.010796s ]
INFO: [ view_filter ] --START--
INFO: Run Behavior\WriteHtmlCacheBehavior [ RunTime:0.000376s ]
INFO: [ view_filter ] --END-- [ RunTime:0.000453s ]
INFO: [ app_end ] --START--
INFO: Run Behavior\ShowPageTraceBehavior [ RunTime:0.000539s ]
INFO: [ app_end ] --END-- [ RunTime:0.000617s ]

[ 2015-11-27T20:34:42+08:00 ] 127.0.0.1 /test/index.php/Home/Public/index.html
INFO: [ app_init ] --START--
INFO: Run Behavior\BuildLiteBehavior [ RunTime:0.000018s ]
INFO: [ app_init ] --END-- [ RunTime:0.000333s ]
INFO: [ app_begin ] --START--
INFO: Run Behavior\ReadHtmlCacheBehavior [ RunTime:0.000514s ]
INFO: [ app_begin ] --END-- [ RunTime:0.000599s ]
INFO: [ view_parse ] --START--
INFO: [ template_filter ] --START--
INFO: Run Behavior\ContentReplaceBehavior [ RunTime:0.000079s ]
INFO: [ template_filter ] --END-- [ RunTime:0.000172s ]
NOTIC: [8] Undefined variable: breadcrumbs D:\wamp\www\test\Application\Runtime\Cache\Home\97047e950838a1c3c802830d605e5cf4.php 第 69 行.
INFO: Run Behavior\ParseTemplateBehavior [ RunTime:0.011850s ]
INFO: [ view_parse ] --END-- [ RunTime:0.011928s ]
INFO: [ view_filter ] --START--
INFO: Run Behavior\WriteHtmlCacheBehavior [ RunTime:0.000393s ]
INFO: [ view_filter ] --END-- [ RunTime:0.000463s ]
INFO: [ app_end ] --START--
INFO: Run Behavior\ShowPageTraceBehavior [ RunTime:0.000663s ]
INFO: [ app_end ] --END-- [ RunTime:0.000740s ]

[ 2015-11-27T20:34:43+08:00 ] 127.0.0.1 /test/index.php/Home/Public/editPassword.html
INFO: [ app_init ] --START--
INFO: Run Behavior\BuildLiteBehavior [ RunTime:0.000017s ]
INFO: [ app_init ] --END-- [ RunTime:0.000330s ]
INFO: [ app_begin ] --START--
INFO: Run Behavior\ReadHtmlCacheBehavior [ RunTime:0.000642s ]
INFO: [ app_begin ] --END-- [ RunTime:0.000737s ]
INFO: [ view_parse ] --START--
INFO: [ template_filter ] --START--
INFO: Run Behavior\ContentReplaceBehavior [ RunTime:0.000078s ]
INFO: [ template_filter ] --END-- [ RunTime:0.000166s ]
NOTIC: [8] Undefined variable: breadcrumbs D:\wamp\www\test\Application\Runtime\Cache\Home\97047e950838a1c3c802830d605e5cf4.php 第 69 行.
INFO: Run Behavior\ParseTemplateBehavior [ RunTime:0.011600s ]
INFO: [ view_parse ] --END-- [ RunTime:0.011681s ]
INFO: [ view_filter ] --START--
INFO: Run Behavior\WriteHtmlCacheBehavior [ RunTime:0.000356s ]
INFO: [ view_filter ] --END-- [ RunTime:0.000427s ]
INFO: [ app_end ] --START--
INFO: Run Behavior\ShowPageTraceBehavior [ RunTime:0.000828s ]
INFO: [ app_end ] --END-- [ RunTime:0.000902s ]

[ 2015-11-27T20:36:22+08:00 ] 127.0.0.1 /test/index.php/Home/Public/index.html
INFO: [ app_init ] --START--
INFO: Run Behavior\BuildLiteBehavior [ RunTime:0.000019s ]
INFO: [ app_init ] --END-- [ RunTime:0.000340s ]
INFO: [ app_begin ] --START--
INFO: Run Behavior\ReadHtmlCacheBehavior [ RunTime:0.000560s ]
INFO: [ app_begin ] --END-- [ RunTime:0.000644s ]
INFO: [ view_parse ] --START--
INFO: [ template_filter ] --START--
INFO: Run Behavior\ContentReplaceBehavior [ RunTime:0.000082s ]
INFO: [ template_filter ] --END-- [ RunTime:0.000172s ]
NOTIC: [8] Undefined variable: breadcrumbs D:\wamp\www\test\Application\Runtime\Cache\Home\97047e950838a1c3c802830d605e5cf4.php 第 69 行.
INFO: Run Behavior\ParseTemplateBehavior [ RunTime:0.011566s ]
INFO: [ view_parse ] --END-- [ RunTime:0.011646s ]
INFO: [ view_filter ] --START--
INFO: Run Behavior\WriteHtmlCacheBehavior [ RunTime:0.000446s ]
INFO: [ view_filter ] --END-- [ RunTime:0.000520s ]
INFO: [ app_end ] --START--
INFO: Run Behavior\ShowPageTraceBehavior [ RunTime:0.001000s ]
INFO: [ app_end ] --END-- [ RunTime:0.001088s ]

[ 2015-11-27T20:36:23+08:00 ] 127.0.0.1 /test/index.php/Home/Public/editPassword.html
INFO: [ app_init ] --START--
INFO: Run Behavior\BuildLiteBehavior [ RunTime:0.000020s ]
INFO: [ app_init ] --END-- [ RunTime:0.000357s ]
INFO: [ app_begin ] --START--
INFO: Run Behavior\ReadHtmlCacheBehavior [ RunTime:0.000528s ]
INFO: [ app_begin ] --END-- [ RunTime:0.000612s ]
INFO: [ view_parse ] --START--
INFO: [ template_filter ] --START--
INFO: Run Behavior\ContentReplaceBehavior [ RunTime:0.000078s ]
INFO: [ template_filter ] --END-- [ RunTime:0.000188s ]
NOTIC: [8] Undefined variable: breadcrumbs D:\wamp\www\test\Application\Runtime\Cache\Home\97047e950838a1c3c802830d605e5cf4.php 第 69 行.
INFO: Run Behavior\ParseTemplateBehavior [ RunTime:0.011361s ]
INFO: [ view_parse ] --END-- [ RunTime:0.011444s ]
INFO: [ view_filter ] --START--
INFO: Run Behavior\WriteHtmlCacheBehavior [ RunTime:0.000410s ]
INFO: [ view_filter ] --END-- [ RunTime:0.000484s ]
INFO: [ app_end ] --START--
INFO: Run Behavior\ShowPageTraceBehavior [ RunTime:0.000580s ]
INFO: [ app_end ] --END-- [ RunTime:0.000662s ]

[ 2015-11-27T20:36:23+08:00 ] 127.0.0.1 /test/index.php/Home/Public/index.html
INFO: [ app_init ] --START--
INFO: Run Behavior\BuildLiteBehavior [ RunTime:0.000019s ]
INFO: [ app_init ] --END-- [ RunTime:0.000335s ]
INFO: [ app_begin ] --START--
INFO: Run Behavior\ReadHtmlCacheBehavior [ RunTime:0.000570s ]
INFO: [ app_begin ] --END-- [ RunTime:0.000655s ]
INFO: [ view_parse ] --START--
INFO: [ template_filter ] --START--
INFO: Run Behavior\ContentReplaceBehavior [ RunTime:0.000081s ]
INFO: [ template_filter ] --END-- [ RunTime:0.000176s ]
NOTIC: [8] Undefined variable: breadcrumbs D:\wamp\www\test\Application\Runtime\Cache\Home\97047e950838a1c3c802830d605e5cf4.php 第 69 行.
INFO: Run Behavior\ParseTemplateBehavior [ RunTime:0.012992s ]
INFO: [ view_parse ] --END-- [ RunTime:0.013106s ]
INFO: [ view_filter ] --START--
INFO: Run Behavior\WriteHtmlCacheBehavior [ RunTime:0.000444s ]
INFO: [ view_filter ] --END-- [ RunTime:0.000519s ]
INFO: [ app_end ] --START--
INFO: Run Behavior\ShowPageTraceBehavior [ RunTime:0.000571s ]
INFO: [ app_end ] --END-- [ RunTime:0.000648s ]

[ 2015-11-27T20:36:24+08:00 ] 127.0.0.1 /test/index.php/Home/Public/editPassword.html
INFO: [ app_init ] --START--
INFO: Run Behavior\BuildLiteBehavior [ RunTime:0.000020s ]
INFO: [ app_init ] --END-- [ RunTime:0.000350s ]
INFO: [ app_begin ] --START--
INFO: Run Behavior\ReadHtmlCacheBehavior [ RunTime:0.000664s ]
INFO: [ app_begin ] --END-- [ RunTime:0.000769s ]
INFO: [ view_parse ] --START--
INFO: [ template_filter ] --START--
INFO: Run Behavior\ContentReplaceBehavior [ RunTime:0.000077s ]
INFO: [ template_filter ] --END-- [ RunTime:0.000164s ]
NOTIC: [8] Undefined variable: breadcrumbs D:\wamp\www\test\Application\Runtime\Cache\Home\97047e950838a1c3c802830d605e5cf4.php 第 69 行.
INFO: Run Behavior\ParseTemplateBehavior [ RunTime:0.011272s ]
INFO: [ view_parse ] --END-- [ RunTime:0.011353s ]
INFO: [ view_filter ] --START--
INFO: Run Behavior\WriteHtmlCacheBehavior [ RunTime:0.000415s ]
INFO: [ view_filter ] --END-- [ RunTime:0.000520s ]
INFO: [ app_end ] --START--
INFO: Run Behavior\ShowPageTraceBehavior [ RunTime:0.000987s ]
INFO: [ app_end ] --END-- [ RunTime:0.001117s ]

[ 2015-11-27T20:36:24+08:00 ] 127.0.0.1 /test/index.php/Home/Public/index.html
INFO: [ app_init ] --START--
INFO: Run Behavior\BuildLiteBehavior [ RunTime:0.000021s ]
INFO: [ app_init ] --END-- [ RunTime:0.000408s ]
INFO: [ app_begin ] --START--
INFO: Run Behavior\ReadHtmlCacheBehavior [ RunTime:0.000613s ]
INFO: [ app_begin ] --END-- [ RunTime:0.000706s ]
INFO: [ view_parse ] --START--
INFO: [ template_filter ] --START--
INFO: Run Behavior\ContentReplaceBehavior [ RunTime:0.000151s ]
INFO: [ template_filter ] --END-- [ RunTime:0.000299s ]
NOTIC: [8] Undefined variable: breadcrumbs D:\wamp\www\test\Application\Runtime\Cache\Home\97047e950838a1c3c802830d605e5cf4.php 第 69 行.
INFO: Run Behavior\ParseTemplateBehavior [ RunTime:0.013407s ]
INFO: [ view_parse ] --END-- [ RunTime:0.013547s ]
INFO: [ view_filter ] --START--
INFO: Run Behavior\WriteHtmlCacheBehavior [ RunTime:0.000535s ]
INFO: [ view_filter ] --END-- [ RunTime:0.000633s ]
INFO: [ app_end ] --START--
INFO: Run Behavior\ShowPageTraceBehavior [ RunTime:0.000579s ]
INFO: [ app_end ] --END-- [ RunTime:0.000656s ]

[ 2015-11-27T20:36:25+08:00 ] 127.0.0.1 /test/index.php/Home/Index/index.html
INFO: [ app_init ] --START--
INFO: Run Behavior\BuildLiteBehavior [ RunTime:0.000022s ]
INFO: [ app_init ] --END-- [ RunTime:0.000416s ]
INFO: [ app_begin ] --START--
INFO: Run Behavior\ReadHtmlCacheBehavior [ RunTime:0.000918s ]
INFO: [ app_begin ] --END-- [ RunTime:0.001089s ]
INFO: [ view_parse ] --START--
INFO: [ template_filter ] --START--
INFO: Run Behavior\ContentReplaceBehavior [ RunTime:0.000095s ]
INFO: [ template_filter ] --END-- [ RunTime:0.000227s ]
INFO: Run Behavior\ParseTemplateBehavior [ RunTime:0.010388s ]
INFO: [ view_parse ] --END-- [ RunTime:0.010496s ]
INFO: [ view_filter ] --START--
INFO: Run Behavior\WriteHtmlCacheBehavior [ RunTime:0.000424s ]
INFO: [ view_filter ] --END-- [ RunTime:0.000514s ]
INFO: [ app_end ] --START--
INFO: Run Behavior\ShowPageTraceBehavior [ RunTime:0.000919s ]
INFO: [ app_end ] --END-- [ RunTime:0.001026s ]

[ 2015-11-27T20:45:35+08:00 ] 127.0.0.1 /test/index.php/Home/Public/index.html
INFO: [ app_init ] --START--
INFO: Run Behavior\BuildLiteBehavior [ RunTime:0.000020s ]
INFO: [ app_init ] --END-- [ RunTime:0.000391s ]
INFO: [ app_begin ] --START--
INFO: Run Behavior\ReadHtmlCacheBehavior [ RunTime:0.000544s ]
INFO: [ app_begin ] --END-- [ RunTime:0.000633s ]
INFO: [ view_parse ] --START--
INFO: [ template_filter ] --START--
INFO: Run Behavior\ContentReplaceBehavior [ RunTime:0.000114s ]
INFO: [ template_filter ] --END-- [ RunTime:0.000224s ]
NOTIC: [8] Undefined variable: breadcrumbs D:\wamp\www\test\Application\Runtime\Cache\Home\97047e950838a1c3c802830d605e5cf4.php 第 69 行.
INFO: Run Behavior\ParseTemplateBehavior [ RunTime:0.012868s ]
INFO: [ view_parse ] --END-- [ RunTime:0.012957s ]
INFO: [ view_filter ] --START--
INFO: Run Behavior\WriteHtmlCacheBehavior [ RunTime:0.000445s ]
INFO: [ view_filter ] --END-- [ RunTime:0.000527s ]
INFO: [ app_end ] --START--
INFO: Run Behavior\ShowPageTraceBehavior [ RunTime:0.000612s ]
INFO: [ app_end ] --END-- [ RunTime:0.000698s ]

[ 2015-11-27T20:45:37+08:00 ] 127.0.0.1 /test/index.php/Home/Public/editPassword.html
INFO: [ app_init ] --START--
INFO: Run Behavior\BuildLiteBehavior [ RunTime:0.000021s ]
INFO: [ app_init ] --END-- [ RunTime:0.000343s ]
INFO: [ app_begin ] --START--
INFO: Run Behavior\ReadHtmlCacheBehavior [ RunTime:0.000527s ]
INFO: [ app_begin ] --END-- [ RunTime:0.000612s ]
INFO: [ view_parse ] --START--
INFO: [ template_filter ] --START--
INFO: Run Behavior\ContentReplaceBehavior [ RunTime:0.000072s ]
INFO: [ template_filter ] --END-- [ RunTime:0.000153s ]
NOTIC: [8] Undefined variable: breadcrumbs D:\wamp\www\test\Application\Runtime\Cache\Home\97047e950838a1c3c802830d605e5cf4.php 第 69 行.
INFO: Run Behavior\ParseTemplateBehavior [ RunTime:0.011746s ]
INFO: [ view_parse ] --END-- [ RunTime:0.011859s ]
INFO: [ view_filter ] --START--
INFO: Run Behavior\WriteHtmlCacheBehavior [ RunTime:0.000382s ]
INFO: [ view_filter ] --END-- [ RunTime:0.000456s ]
INFO: [ app_end ] --START--
INFO: Run Behavior\ShowPageTraceBehavior [ RunTime:0.000914s ]
INFO: [ app_end ] --END-- [ RunTime:0.001027s ]

[ 2015-11-27T20:45:38+08:00 ] 127.0.0.1 /test/index.php/Home/Public/editPassword.html
INFO: [ app_init ] --START--
INFO: Run Behavior\BuildLiteBehavior [ RunTime:0.000021s ]
INFO: [ app_init ] --END-- [ RunTime:0.000350s ]
INFO: [ app_begin ] --START--
INFO: Run Behavior\ReadHtmlCacheBehavior [ RunTime:0.000657s ]
INFO: [ app_begin ] --END-- [ RunTime:0.000743s ]
INFO: [ view_parse ] --START--
INFO: [ template_filter ] --START--
INFO: Run Behavior\ContentReplaceBehavior [ RunTime:0.000070s ]
INFO: [ template_filter ] --END-- [ RunTime:0.000149s ]
NOTIC: [8] Undefined variable: breadcrumbs D:\wamp\www\test\Application\Runtime\Cache\Home\97047e950838a1c3c802830d605e5cf4.php 第 69 行.
INFO: Run Behavior\ParseTemplateBehavior [ RunTime:0.011652s ]
INFO: [ view_parse ] --END-- [ RunTime:0.011789s ]
INFO: [ view_filter ] --START--
INFO: Run Behavior\WriteHtmlCacheBehavior [ RunTime:0.000452s ]
INFO: [ view_filter ] --END-- [ RunTime:0.000532s ]
INFO: [ app_end ] --START--
INFO: Run Behavior\ShowPageTraceBehavior [ RunTime:0.000628s ]
INFO: [ app_end ] --END-- [ RunTime:0.000712s ]

[ 2015-11-27T20:45:55+08:00 ] 127.0.0.1 /test/index.php/Home/Public/editPassword.html
INFO: [ app_init ] --START--
INFO: Run Behavior\BuildLiteBehavior [ RunTime:0.000018s ]
INFO: [ app_init ] --END-- [ RunTime:0.000359s ]
INFO: [ app_begin ] --START--
INFO: Run Behavior\ReadHtmlCacheBehavior [ RunTime:0.000497s ]
INFO: [ app_begin ] --END-- [ RunTime:0.000598s ]
ERR: 模板不存在:./Application/Home/View/Public/editPassword.html

[ 2015-11-27T20:47:50+08:00 ] 127.0.0.1 /test/index.php/Home/Public/editPassword.html
INFO: [ app_init ] --START--
INFO: Run Behavior\BuildLiteBehavior [ RunTime:0.000018s ]
INFO: [ app_init ] --END-- [ RunTime:0.000345s ]
INFO: [ app_begin ] --START--
INFO: Run Behavior\ReadHtmlCacheBehavior [ RunTime:0.000912s ]
INFO: [ app_begin ] --END-- [ RunTime:0.001029s ]
ERR: 模板不存在:./Application/Home/View/Public/editPassword.html

[ 2015-11-27T20:48:38+08:00 ] 127.0.0.1 /test/index.php/Home/Public/editPassword.html
INFO: [ app_init ] --START--
INFO: Run Behavior\BuildLiteBehavior [ RunTime:0.000018s ]
INFO: [ app_init ] --END-- [ RunTime:0.000328s ]
INFO: [ app_begin ] --START--
INFO: Run Behavior\ReadHtmlCacheBehavior [ RunTime:0.000554s ]
INFO: [ app_begin ] --END-- [ RunTime:0.000638s ]
ERR: 模板不存在:./Application/Home/View/Public/editPassword.html

[ 2015-11-27T20:48:53+08:00 ] 127.0.0.1 /test/index.php/Home/Public/editPassword.html
INFO: [ app_init ] --START--
INFO: Run Behavior\BuildLiteBehavior [ RunTime:0.000018s ]
INFO: [ app_init ] --END-- [ RunTime:0.000356s ]
INFO: [ app_begin ] --START--
INFO: Run Behavior\ReadHtmlCacheBehavior [ RunTime:0.000524s ]
INFO: [ app_begin ] --END-- [ RunTime:0.000611s ]
INFO: [ view_parse ] --START--
INFO: [ template_filter ] --START--
INFO: Run Behavior\ContentReplaceBehavior [ RunTime:0.000067s ]
INFO: [ template_filter ] --END-- [ RunTime:0.000146s ]
NOTIC: [8] Undefined variable: breadcrumbs D:\wamp\www\test\Application\Runtime\Cache\Home\d27a1de48cbd9fff1b4817a7de7db07a.php 第 69 行.
NOTIC: [8] Undefined variable: admin D:\wamp\www\test\Application\Runtime\Cache\Home\d27a1de48cbd9fff1b4817a7de7db07a.php 第 104 行.
NOTIC: [8] Undefined variable: admin D:\wamp\www\test\Application\Runtime\Cache\Home\d27a1de48cbd9fff1b4817a7de7db07a.php 第 114 行.
INFO: Run Behavior\ParseTemplateBehavior [ RunTime:0.072013s ]
INFO: [ view_parse ] --END-- [ RunTime:0.072095s ]
INFO: [ view_filter ] --START--
INFO: Run Behavior\WriteHtmlCacheBehavior [ RunTime:0.000374s ]
INFO: [ view_filter ] --END-- [ RunTime:0.000447s ]
INFO: [ app_end ] --START--
INFO: Run Behavior\ShowPageTraceBehavior [ RunTime:0.000538s ]
INFO: [ app_end ] --END-- [ RunTime:0.000637s ]

[ 2015-11-27T20:48:57+08:00 ] 127.0.0.1 /test/index.php/Home/Public/index.html
INFO: [ app_init ] --START--
INFO: Run Behavior\BuildLiteBehavior [ RunTime:0.000020s ]
INFO: [ app_init ] --END-- [ RunTime:0.000388s ]
INFO: [ app_begin ] --START--
INFO: Run Behavior\ReadHtmlCacheBehavior [ RunTime:0.000557s ]
INFO: [ app_begin ] --END-- [ RunTime:0.000643s ]
INFO: [ view_parse ] --START--
INFO: [ template_filter ] --START--
INFO: Run Behavior\ContentReplaceBehavior [ RunTime:0.000085s ]
INFO: [ template_filter ] --END-- [ RunTime:0.000188s ]
NOTIC: [8] Undefined variable: breadcrumbs D:\wamp\www\test\Application\Runtime\Cache\Home\97047e950838a1c3c802830d605e5cf4.php 第 69 行.
INFO: Run Behavior\ParseTemplateBehavior [ RunTime:0.017332s ]
INFO: [ view_parse ] --END-- [ RunTime:0.017436s ]
INFO: [ view_filter ] --START--
INFO: Run Behavior\WriteHtmlCacheBehavior [ RunTime:0.000397s ]
INFO: [ view_filter ] --END-- [ RunTime:0.000472s ]
INFO: [ app_end ] --START--
INFO: Run Behavior\ShowPageTraceBehavior [ RunTime:0.000541s ]
INFO: [ app_end ] --END-- [ RunTime:0.000619s ]

[ 2015-11-27T20:48:57+08:00 ] 127.0.0.1 /test/index.php/Home/Public/editPassword.html
INFO: [ app_init ] --START--
INFO: Run Behavior\BuildLiteBehavior [ RunTime:0.000019s ]
INFO: [ app_init ] --END-- [ RunTime:0.000410s ]
INFO: [ app_begin ] --START--
INFO: Run Behavior\ReadHtmlCacheBehavior [ RunTime:0.000719s ]
INFO: [ app_begin ] --END-- [ RunTime:0.000817s ]
INFO: [ view_parse ] --START--
INFO: [ template_filter ] --START--
INFO: Run Behavior\ContentReplaceBehavior [ RunTime:0.000068s ]
INFO: [ template_filter ] --END-- [ RunTime:0.000148s ]
NOTIC: [8] Undefined variable: breadcrumbs D:\wamp\www\test\Application\Runtime\Cache\Home\d27a1de48cbd9fff1b4817a7de7db07a.php 第 69 行.
NOTIC: [8] Undefined variable: admin D:\wamp\www\test\Application\Runtime\Cache\Home\d27a1de48cbd9fff1b4817a7de7db07a.php 第 104 行.
NOTIC: [8] Undefined variable: admin D:\wamp\www\test\Application\Runtime\Cache\Home\d27a1de48cbd9fff1b4817a7de7db07a.php 第 114 行.
INFO: Run Behavior\ParseTemplateBehavior [ RunTime:0.010853s ]
INFO: [ view_parse ] --END-- [ RunTime:0.010936s ]
INFO: [ view_filter ] --START--
INFO: Run Behavior\WriteHtmlCacheBehavior [ RunTime:0.000494s ]
INFO: [ view_filter ] --END-- [ RunTime:0.000612s ]
INFO: [ app_end ] --START--
INFO: Run Behavior\ShowPageTraceBehavior [ RunTime:0.000916s ]
INFO: [ app_end ] --END-- [ RunTime:0.001038s ]

[ 2015-11-27T20:50:58+08:00 ] 127.0.0.1 /test/index.php/Home/Public/editPassword.html
INFO: [ app_init ] --START--
INFO: Run Behavior\BuildLiteBehavior [ RunTime:0.000020s ]
INFO: [ app_init ] --END-- [ RunTime:0.000381s ]
INFO: [ app_begin ] --START--
INFO: Run Behavior\ReadHtmlCacheBehavior [ RunTime:0.000653s ]
INFO: [ app_begin ] --END-- [ RunTime:0.000747s ]
INFO: [ view_parse ] --START--
INFO: [ template_filter ] --START--
INFO: Run Behavior\ContentReplaceBehavior [ RunTime:0.000072s ]
INFO: [ template_filter ] --END-- [ RunTime:0.000165s ]
NOTIC: [8] Undefined variable: breadcrumbs D:\wamp\www\test\Application\Runtime\Cache\Home\d27a1de48cbd9fff1b4817a7de7db07a.php 第 69 行.
NOTIC: [8] Undefined variable: admin D:\wamp\www\test\Application\Runtime\Cache\Home\d27a1de48cbd9fff1b4817a7de7db07a.php 第 104 行.
NOTIC: [8] Undefined variable: admin D:\wamp\www\test\Application\Runtime\Cache\Home\d27a1de48cbd9fff1b4817a7de7db07a.php 第 114 行.
INFO: Run Behavior\ParseTemplateBehavior [ RunTime:0.014009s ]
INFO: [ view_parse ] --END-- [ RunTime:0.014094s ]
INFO: [ view_filter ] --START--
INFO: Run Behavior\WriteHtmlCacheBehavior [ RunTime:0.000379s ]
INFO: [ view_filter ] --END-- [ RunTime:0.000454s ]
INFO: [ app_end ] --START--
INFO: Run Behavior\ShowPageTraceBehavior [ RunTime:0.000576s ]
INFO: [ app_end ] --END-- [ RunTime:0.000654s ]

[ 2015-11-27T20:57:38+08:00 ] 127.0.0.1 /test/index.php/Home/Public/index.html
INFO: [ app_init ] --START--
INFO: Run Behavior\BuildLiteBehavior [ RunTime:0.000020s ]
INFO: [ app_init ] --END-- [ RunTime:0.000359s ]
INFO: [ app_begin ] --START--
INFO: Run Behavior\ReadHtmlCacheBehavior [ RunTime:0.000540s ]
INFO: [ app_begin ] --END-- [ RunTime:0.000631s ]
INFO: [ view_parse ] --START--
INFO: [ template_filter ] --START--
INFO: Run Behavior\ContentReplaceBehavior [ RunTime:0.000069s ]
INFO: [ template_filter ] --END-- [ RunTime:0.000180s ]
NOTIC: [8] Undefined variable: breadcrumbs D:\wamp\www\test\Application\Runtime\Cache\Home\97047e950838a1c3c802830d605e5cf4.php 第 69 行.
INFO: Run Behavior\ParseTemplateBehavior [ RunTime:0.011106s ]
INFO: [ view_parse ] --END-- [ RunTime:0.011185s ]
INFO: [ view_filter ] --START--
INFO: Run Behavior\WriteHtmlCacheBehavior [ RunTime:0.000404s ]
INFO: [ view_filter ] --END-- [ RunTime:0.000487s ]
INFO: [ app_end ] --START--
INFO: Run Behavior\ShowPageTraceBehavior [ RunTime:0.000951s ]
INFO: [ app_end ] --END-- [ RunTime:0.001050s ]

[ 2015-11-27T20:57:39+08:00 ] 127.0.0.1 /test/index.php/Home/Public/index.html
INFO: [ app_init ] --START--
INFO: Run Behavior\BuildLiteBehavior [ RunTime:0.000018s ]
INFO: [ app_init ] --END-- [ RunTime:0.000387s ]
INFO: [ app_begin ] --START--
INFO: Run Behavior\ReadHtmlCacheBehavior [ RunTime:0.000542s ]
INFO: [ app_begin ] --END-- [ RunTime:0.000654s ]
INFO: [ view_parse ] --START--
INFO: [ template_filter ] --START--
INFO: Run Behavior\ContentReplaceBehavior [ RunTime:0.000090s ]
INFO: [ template_filter ] --END-- [ RunTime:0.000175s ]
NOTIC: [8] Undefined variable: breadcrumbs D:\wamp\www\test\Application\Runtime\Cache\Home\97047e950838a1c3c802830d605e5cf4.php 第 69 行.
INFO: Run Behavior\ParseTemplateBehavior [ RunTime:0.011748s ]
INFO: [ view_parse ] --END-- [ RunTime:0.011829s ]
INFO: [ view_filter ] --START--
INFO: Run Behavior\WriteHtmlCacheBehavior [ RunTime:0.000407s ]
INFO: [ view_filter ] --END-- [ RunTime:0.000478s ]
INFO: [ app_end ] --START--
INFO: Run Behavior\ShowPageTraceBehavior [ RunTime:0.000543s ]
INFO: [ app_end ] --END-- [ RunTime:0.000619s ]

[ 2015-11-27T20:57:40+08:00 ] 127.0.0.1 /test/index.php/Home/Public/editPassword.html
INFO: [ app_init ] --START--
INFO: Run Behavior\BuildLiteBehavior [ RunTime:0.000019s ]
INFO: [ app_init ] --END-- [ RunTime:0.000351s ]
INFO: [ app_begin ] --START--
INFO: Run Behavior\ReadHtmlCacheBehavior [ RunTime:0.000523s ]
INFO: [ app_begin ] --END-- [ RunTime:0.000609s ]
INFO: [ view_parse ] --START--
INFO: [ template_filter ] --START--
INFO: Run Behavior\ContentReplaceBehavior [ RunTime:0.000072s ]
INFO: [ template_filter ] --END-- [ RunTime:0.000159s ]
NOTIC: [8] Undefined variable: breadcrumbs D:\wamp\www\test\Application\Runtime\Cache\Home\d27a1de48cbd9fff1b4817a7de7db07a.php 第 69 行.
NOTIC: [8] Undefined variable: admin D:\wamp\www\test\Application\Runtime\Cache\Home\d27a1de48cbd9fff1b4817a7de7db07a.php 第 104 行.
NOTIC: [8] Undefined variable: admin D:\wamp\www\test\Application\Runtime\Cache\Home\d27a1de48cbd9fff1b4817a7de7db07a.php 第 114 行.
INFO: Run Behavior\ParseTemplateBehavior [ RunTime:0.011607s ]
INFO: [ view_parse ] --END-- [ RunTime:0.011685s ]
INFO: [ view_filter ] --START--
INFO: Run Behavior\WriteHtmlCacheBehavior [ RunTime:0.000377s ]
INFO: [ view_filter ] --END-- [ RunTime:0.000449s ]
INFO: [ app_end ] --START--
INFO: Run Behavior\ShowPageTraceBehavior [ RunTime:0.000559s ]
INFO: [ app_end ] --END-- [ RunTime:0.000634s ]

[ 2015-11-27T20:57:43+08:00 ] 127.0.0.1 /test/index.php/Home/Public/index.html
INFO: [ app_init ] --START--
INFO: Run Behavior\BuildLiteBehavior [ RunTime:0.000020s ]
INFO: [ app_init ] --END-- [ RunTime:0.000356s ]
INFO: [ app_begin ] --START--
INFO: Run Behavior\ReadHtmlCacheBehavior [ RunTime:0.000523s ]
INFO: [ app_begin ] --END-- [ RunTime:0.000611s ]
INFO: [ view_parse ] --START--
INFO: [ template_filter ] --START--
INFO: Run Behavior\ContentReplaceBehavior [ RunTime:0.000071s ]
INFO: [ template_filter ] --END-- [ RunTime:0.000155s ]
NOTIC: [8] Undefined variable: breadcrumbs D:\wamp\www\test\Application\Runtime\Cache\Home\97047e950838a1c3c802830d605e5cf4.php 第 69 行.
INFO: Run Behavior\ParseTemplateBehavior [ RunTime:0.011788s ]
INFO: [ view_parse ] --END-- [ RunTime:0.011868s ]
INFO: [ view_filter ] --START--
INFO: Run Behavior\WriteHtmlCacheBehavior [ RunTime:0.000354s ]
INFO: [ view_filter ] --END-- [ RunTime:0.000425s ]
INFO: [ app_end ] --START--
INFO: Run Behavior\ShowPageTraceBehavior [ RunTime:0.000778s ]
INFO: [ app_end ] --END-- [ RunTime:0.000901s ]

[ 2015-11-27T20:57:43+08:00 ] 127.0.0.1 /test/index.php/Home/Public/editPassword.html
INFO: [ app_init ] --START--
INFO: Run Behavior\BuildLiteBehavior [ RunTime:0.000018s ]
INFO: [ app_init ] --END-- [ RunTime:0.000350s ]
INFO: [ app_begin ] --START--
INFO: Run Behavior\ReadHtmlCacheBehavior [ RunTime:0.000538s ]
INFO: [ app_begin ] --END-- [ RunTime:0.000626s ]
INFO: [ view_parse ] --START--
INFO: [ template_filter ] --START--
INFO: Run Behavior\ContentReplaceBehavior [ RunTime:0.000067s ]
INFO: [ template_filter ] --END-- [ RunTime:0.000147s ]
NOTIC: [8] Undefined variable: breadcrumbs D:\wamp\www\test\Application\Runtime\Cache\Home\d27a1de48cbd9fff1b4817a7de7db07a.php 第 69 行.
NOTIC: [8] Undefined variable: admin D:\wamp\www\test\Application\Runtime\Cache\Home\d27a1de48cbd9fff1b4817a7de7db07a.php 第 104 行.
NOTIC: [8] Undefined variable: admin D:\wamp\www\test\Application\Runtime\Cache\Home\d27a1de48cbd9fff1b4817a7de7db07a.php 第 114 行.
INFO: Run Behavior\ParseTemplateBehavior [ RunTime:0.011845s ]
INFO: [ view_parse ] --END-- [ RunTime:0.011928s ]
INFO: [ view_filter ] --START--
INFO: Run Behavior\WriteHtmlCacheBehavior [ RunTime:0.000395s ]
INFO: [ view_filter ] --END-- [ RunTime:0.000477s ]
INFO: [ app_end ] --START--
INFO: Run Behavior\ShowPageTraceBehavior [ RunTime:0.000577s ]
INFO: [ app_end ] --END-- [ RunTime:0.000663s ]

[ 2015-11-27T20:57:44+08:00 ] 127.0.0.1 /test/index.php/Home/Public/index.html
INFO: [ app_init ] --START--
INFO: Run Behavior\BuildLiteBehavior [ RunTime:0.000020s ]
INFO: [ app_init ] --END-- [ RunTime:0.000373s ]
INFO: [ app_begin ] --START--
INFO: Run Behavior\ReadHtmlCacheBehavior [ RunTime:0.000541s ]
INFO: [ app_begin ] --END-- [ RunTime:0.000629s ]
INFO: [ view_parse ] --START--
INFO: [ template_filter ] --START--
INFO: Run Behavior\ContentReplaceBehavior [ RunTime:0.000073s ]
INFO: [ template_filter ] --END-- [ RunTime:0.000159s ]
NOTIC: [8] Undefined variable: breadcrumbs D:\wamp\www\test\Application\Runtime\Cache\Home\97047e950838a1c3c802830d605e5cf4.php 第 69 行.
INFO: Run Behavior\ParseTemplateBehavior [ RunTime:0.011562s ]
INFO: [ view_parse ] --END-- [ RunTime:0.011693s ]
INFO: [ view_filter ] --START--
INFO: Run Behavior\WriteHtmlCacheBehavior [ RunTime:0.000627s ]
INFO: [ view_filter ] --END-- [ RunTime:0.000747s ]
INFO: [ app_end ] --START--
INFO: Run Behavior\ShowPageTraceBehavior [ RunTime:0.000650s ]
INFO: [ app_end ] --END-- [ RunTime:0.000752s ]

[ 2015-11-27T20:57:44+08:00 ] 127.0.0.1 /test/index.php/Home/Public/editPassword.html
INFO: [ app_init ] --START--
INFO: Run Behavior\BuildLiteBehavior [ RunTime:0.000020s ]
INFO: [ app_init ] --END-- [ RunTime:0.000384s ]
INFO: [ app_begin ] --START--
INFO: Run Behavior\ReadHtmlCacheBehavior [ RunTime:0.000522s ]
INFO: [ app_begin ] --END-- [ RunTime:0.000610s ]
INFO: [ view_parse ] --START--
INFO: [ template_filter ] --START--
INFO: Run Behavior\ContentReplaceBehavior [ RunTime:0.000162s ]
INFO: [ template_filter ] --END-- [ RunTime:0.000352s ]
NOTIC: [8] Undefined variable: breadcrumbs D:\wamp\www\test\Application\Runtime\Cache\Home\d27a1de48cbd9fff1b4817a7de7db07a.php 第 69 行.
NOTIC: [8] Undefined variable: admin D:\wamp\www\test\Application\Runtime\Cache\Home\d27a1de48cbd9fff1b4817a7de7db07a.php 第 104 行.
NOTIC: [8] Undefined variable: admin D:\wamp\www\test\Application\Runtime\Cache\Home\d27a1de48cbd9fff1b4817a7de7db07a.php 第 114 行.
INFO: Run Behavior\ParseTemplateBehavior [ RunTime:0.012388s ]
INFO: [ view_parse ] --END-- [ RunTime:0.012477s ]
INFO: [ view_filter ] --START--
INFO: Run Behavior\WriteHtmlCacheBehavior [ RunTime:0.000469s ]
INFO: [ view_filter ] --END-- [ RunTime:0.000571s ]
INFO: [ app_end ] --START--
INFO: Run Behavior\ShowPageTraceBehavior [ RunTime:0.000756s ]
INFO: [ app_end ] --END-- [ RunTime:0.000847s ]

[ 2015-11-27T20:57:45+08:00 ] 127.0.0.1 /test/index.php/Home/Public/index.html
INFO: [ app_init ] --START--
INFO: Run Behavior\BuildLiteBehavior [ RunTime:0.000019s ]
INFO: [ app_init ] --END-- [ RunTime:0.000347s ]
INFO: [ app_begin ] --START--
INFO: Run Behavior\ReadHtmlCacheBehavior [ RunTime:0.000682s ]
INFO: [ app_begin ] --END-- [ RunTime:0.000768s ]
INFO: [ view_parse ] --START--
INFO: [ template_filter ] --START--
INFO: Run Behavior\ContentReplaceBehavior [ RunTime:0.000070s ]
INFO: [ template_filter ] --END-- [ RunTime:0.000150s ]
NOTIC: [8] Undefined variable: breadcrumbs D:\wamp\www\test\Application\Runtime\Cache\Home\97047e950838a1c3c802830d605e5cf4.php 第 69 行.
INFO: Run Behavior\ParseTemplateBehavior [ RunTime:0.010839s ]
INFO: [ view_parse ] --END-- [ RunTime:0.010919s ]
INFO: [ view_filter ] --START--
INFO: Run Behavior\WriteHtmlCacheBehavior [ RunTime:0.000358s ]
INFO: [ view_filter ] --END-- [ RunTime:0.000429s ]
INFO: [ app_end ] --START--
INFO: Run Behavior\ShowPageTraceBehavior [ RunTime:0.000857s ]
INFO: [ app_end ] --END-- [ RunTime:0.000981s ]

[ 2015-11-27T20:57:46+08:00 ] 127.0.0.1 /test/index.php/Home/Public/editPassword.html
INFO: [ app_init ] --START--
INFO: Run Behavior\BuildLiteBehavior [ RunTime:0.000018s ]
INFO: [ app_init ] --END-- [ RunTime:0.000344s ]
INFO: [ app_begin ] --START--
INFO: Run Behavior\ReadHtmlCacheBehavior [ RunTime:0.000505s ]
INFO: [ app_begin ] --END-- [ RunTime:0.000591s ]
INFO: [ view_parse ] --START--
INFO: [ template_filter ] --START--
INFO: Run Behavior\ContentReplaceBehavior [ RunTime:0.000070s ]
INFO: [ template_filter ] --END-- [ RunTime:0.000151s ]
NOTIC: [8] Undefined variable: breadcrumbs D:\wamp\www\test\Application\Runtime\Cache\Home\d27a1de48cbd9fff1b4817a7de7db07a.php 第 69 行.
NOTIC: [8] Undefined variable: admin D:\wamp\www\test\Application\Runtime\Cache\Home\d27a1de48cbd9fff1b4817a7de7db07a.php 第 104 行.
NOTIC: [8] Undefined variable: admin D:\wamp\www\test\Application\Runtime\Cache\Home\d27a1de48cbd9fff1b4817a7de7db07a.php 第 114 行.
INFO: Run Behavior\ParseTemplateBehavior [ RunTime:0.011592s ]
INFO: [ view_parse ] --END-- [ RunTime:0.011669s ]
INFO: [ view_filter ] --START--
INFO: Run Behavior\WriteHtmlCacheBehavior [ RunTime:0.000380s ]
INFO: [ view_filter ] --END-- [ RunTime:0.000455s ]
INFO: [ app_end ] --START--
INFO: Run Behavior\ShowPageTraceBehavior [ RunTime:0.000536s ]
INFO: [ app_end ] --END-- [ RunTime:0.000610s ]

[ 2015-11-27T20:57:46+08:00 ] 127.0.0.1 /test/index.php/Home/Public/index.html
INFO: [ app_init ] --START--
INFO: Run Behavior\BuildLiteBehavior [ RunTime:0.000030s ]
INFO: [ app_init ] --END-- [ RunTime:0.000509s ]
INFO: [ app_begin ] --START--
INFO: Run Behavior\ReadHtmlCacheBehavior [ RunTime:0.000571s ]
INFO: [ app_begin ] --END-- [ RunTime:0.000658s ]
INFO: [ view_parse ] --START--
INFO: [ template_filter ] --START--
INFO: Run Behavior\ContentReplaceBehavior [ RunTime:0.000070s ]
INFO: [ template_filter ] --END-- [ RunTime:0.000148s ]
NOTIC: [8] Undefined variable: breadcrumbs D:\wamp\www\test\Application\Runtime\Cache\Home\97047e950838a1c3c802830d605e5cf4.php 第 69 行.
INFO: Run Behavior\ParseTemplateBehavior [ RunTime:0.010886s ]
INFO: [ view_parse ] --END-- [ RunTime:0.010969s ]
INFO: [ view_filter ] --START--
INFO: Run Behavior\WriteHtmlCacheBehavior [ RunTime:0.000452s ]
INFO: [ view_filter ] --END-- [ RunTime:0.000523s ]
INFO: [ app_end ] --START--
INFO: Run Behavior\ShowPageTraceBehavior [ RunTime:0.000511s ]
INFO: [ app_end ] --END-- [ RunTime:0.000586s ]

[ 2015-11-27T20:57:46+08:00 ] 127.0.0.1 /test/index.php/Home/Public/editPassword.html
INFO: [ app_init ] --START--
INFO: Run Behavior\BuildLiteBehavior [ RunTime:0.000030s ]
INFO: [ app_init ] --END-- [ RunTime:0.000428s ]
INFO: [ app_begin ] --START--
INFO: Run Behavior\ReadHtmlCacheBehavior [ RunTime:0.000505s ]
INFO: [ app_begin ] --END-- [ RunTime:0.000591s ]
INFO: [ view_parse ] --START--
INFO: [ template_filter ] --START--
INFO: Run Behavior\ContentReplaceBehavior [ RunTime:0.000069s ]
INFO: [ template_filter ] --END-- [ RunTime:0.000154s ]
NOTIC: [8] Undefined variable: breadcrumbs D:\wamp\www\test\Application\Runtime\Cache\Home\d27a1de48cbd9fff1b4817a7de7db07a.php 第 69 行.
NOTIC: [8] Undefined variable: admin D:\wamp\www\test\Application\Runtime\Cache\Home\d27a1de48cbd9fff1b4817a7de7db07a.php 第 104 行.
NOTIC: [8] Undefined variable: admin D:\wamp\www\test\Application\Runtime\Cache\Home\d27a1de48cbd9fff1b4817a7de7db07a.php 第 114 行.
INFO: Run Behavior\ParseTemplateBehavior [ RunTime:0.011826s ]
INFO: [ view_parse ] --END-- [ RunTime:0.011904s ]
INFO: [ view_filter ] --START--
INFO: Run Behavior\WriteHtmlCacheBehavior [ RunTime:0.000370s ]
INFO: [ view_filter ] --END-- [ RunTime:0.000443s ]
INFO: [ app_end ] --START--
INFO: Run Behavior\ShowPageTraceBehavior [ RunTime:0.000583s ]
INFO: [ app_end ] --END-- [ RunTime:0.000659s ]

[ 2015-11-27T20:57:47+08:00 ] 127.0.0.1 /test/index.php/Home/Public/index.html
INFO: [ app_init ] --START--
INFO: Run Behavior\BuildLiteBehavior [ RunTime:0.000019s ]
INFO: [ app_init ] --END-- [ RunTime:0.000364s ]
INFO: [ app_begin ] --START--
INFO: Run Behavior\ReadHtmlCacheBehavior [ RunTime:0.000500s ]
INFO: [ app_begin ] --END-- [ RunTime:0.000587s ]
INFO: [ view_parse ] --START--
INFO: [ template_filter ] --START--
INFO: Run Behavior\ContentReplaceBehavior [ RunTime:0.000073s ]
INFO: [ template_filter ] --END-- [ RunTime:0.000157s ]
NOTIC: [8] Undefined variable: breadcrumbs D:\wamp\www\test\Application\Runtime\Cache\Home\97047e950838a1c3c802830d605e5cf4.php 第 69 行.
INFO: Run Behavior\ParseTemplateBehavior [ RunTime:0.011652s ]
INFO: [ view_parse ] --END-- [ RunTime:0.011733s ]
INFO: [ view_filter ] --START--
INFO: Run Behavior\WriteHtmlCacheBehavior [ RunTime:0.000356s ]
INFO: [ view_filter ] --END-- [ RunTime:0.000426s ]
INFO: [ app_end ] --START--
INFO: Run Behavior\ShowPageTraceBehavior [ RunTime:0.000542s ]
INFO: [ app_end ] --END-- [ RunTime:0.000617s ]

[ 2015-11-27T20:57:47+08:00 ] 127.0.0.1 /test/index.php/Home/Public/editPassword.html
INFO: [ app_init ] --START--
INFO: Run Behavior\BuildLiteBehavior [ RunTime:0.000022s ]
INFO: [ app_init ] --END-- [ RunTime:0.000407s ]
INFO: [ app_begin ] --START--
INFO: Run Behavior\ReadHtmlCacheBehavior [ RunTime:0.000523s ]
INFO: [ app_begin ] --END-- [ RunTime:0.000623s ]
INFO: [ view_parse ] --START--
INFO: [ template_filter ] --START--
INFO: Run Behavior\ContentReplaceBehavior [ RunTime:0.000068s ]
INFO: [ template_filter ] --END-- [ RunTime:0.000155s ]
NOTIC: [8] Undefined variable: breadcrumbs D:\wamp\www\test\Application\Runtime\Cache\Home\d27a1de48cbd9fff1b4817a7de7db07a.php 第 69 行.
NOTIC: [8] Undefined variable: admin D:\wamp\www\test\Application\Runtime\Cache\Home\d27a1de48cbd9fff1b4817a7de7db07a.php 第 104 行.
NOTIC: [8] Undefined variable: admin D:\wamp\www\test\Application\Runtime\Cache\Home\d27a1de48cbd9fff1b4817a7de7db07a.php 第 114 行.
INFO: Run Behavior\ParseTemplateBehavior [ RunTime:0.012055s ]
INFO: [ view_parse ] --END-- [ RunTime:0.012138s ]
INFO: [ view_filter ] --START--
INFO: Run Behavior\WriteHtmlCacheBehavior [ RunTime:0.000405s ]
INFO: [ view_filter ] --END-- [ RunTime:0.000486s ]
INFO: [ app_end ] --START--
INFO: Run Behavior\ShowPageTraceBehavior [ RunTime:0.000642s ]
INFO: [ app_end ] --END-- [ RunTime:0.000729s ]

[ 2015-11-27T20:57:48+08:00 ] 127.0.0.1 /test/index.php/Home/Public/index.html
INFO: [ app_init ] --START--
INFO: Run Behavior\BuildLiteBehavior [ RunTime:0.000019s ]
INFO: [ app_init ] --END-- [ RunTime:0.000347s ]
INFO: [ app_begin ] --START--
INFO: Run Behavior\ReadHtmlCacheBehavior [ RunTime:0.000515s ]
INFO: [ app_begin ] --END-- [ RunTime:0.000601s ]
INFO: [ view_parse ] --START--
INFO: [ template_filter ] --START--
INFO: Run Behavior\ContentReplaceBehavior [ RunTime:0.000071s ]
INFO: [ template_filter ] --END-- [ RunTime:0.000153s ]
NOTIC: [8] Undefined variable: breadcrumbs D:\wamp\www\test\Application\Runtime\Cache\Home\97047e950838a1c3c802830d605e5cf4.php 第 69 行.
INFO: Run Behavior\ParseTemplateBehavior [ RunTime:0.012336s ]
INFO: [ view_parse ] --END-- [ RunTime:0.012464s ]
INFO: [ view_filter ] --START--
INFO: Run Behavior\WriteHtmlCacheBehavior [ RunTime:0.000477s ]
INFO: [ view_filter ] --END-- [ RunTime:0.000597s ]
INFO: [ app_end ] --START--
INFO: Run Behavior\ShowPageTraceBehavior [ RunTime:0.000574s ]
INFO: [ app_end ] --END-- [ RunTime:0.000650s ]

